
<!DOCTYPE html>
<html lang="en">

<head>
  <meta charset="UTF-8">
  <meta name='viewport' content='width=device-width, initial-scale=1.0'>
  <title>chaintest</title>
    <link href="https://cdn.jsdelivr.net/gh/anshooarora/chaintest@976b9706b4d752a6262a041a68a6ea08012e0fcf/cdn/simple/version/chaintest-pkg.css" rel="stylesheet">
  <link href="https://fonts.googleapis.com/css2?family=Roboto:ital,wght@0,100..900;1,100..900&display=swap" rel="stylesheet">
  <style></style>
</head>

<body data-bs-theme="dark">
  <nav class="navbar border-bottom">
    <div class="container d-flex justify-content-between">
      <div>
        <a class="navbar-brand" href="#">ChainTest</a>
        <span class="ms-3 fs-6">TestNG Automation Project</span>
      </div>
      <div>
        <span class="badge badge-outline text-lg"><i class="bi bi-hourglass me-1"></i> 2m 31s</span>
        <span class="badge badge-outline text-lg"><i class="bi bi-clock me-1 text-success"></i> 2025-07-31 10:41:06 am</span>
        <span class="badge badge-outline text-lg me-3"><i class="bi bi-clock me-1 text-danger"></i> 2025-07-31 10:43:37 am</span>
          <button role="button" id="sys-info" class="btn btn-outline-primary smaller" title="View System Info">
            <i class="bi bi-pc-display-horizontal"></i></button>
        <button role="button" id="shortcuts" class="btn btn-outline-primary smaller" title="Shortcuts">
          <i class="bi bi-info-circle"></i></button>
      </div>
    </div>
  </nav>

  <div id="summary" class="container-fluid bg-body-tertiary">
    <!-- dashboard section -->
    <div id="dashboard" class="py-5">
      <div class="container">
        <div class="row">
          <div class="col-4">
            <div class="card card-custom" style="height: 175px">
              <div class="card-header">
                Suites
              </div>
              <div class="card-body d-flex justify-content-center" style="height: 90px;">
                <div class="chart-view center" style="margin-left: -1rem;">
                  <canvas id="stats1"></canvas>
                </div>
              </div>
              <div class="card-footer small">
                <span id="sp1">0</span> Passed,
                <span id="sf1">1</span> Failed,
                <span id="ss1">0</span> Skipped
              </div>
            </div>
          </div>
          <div class="col-4">
            <div class="card card-custom" style="height: 175px">
              <div class="card-header">
                Classes
              </div>
              <div class="card-body d-flex justify-content-center" style="height: 90px;">
                <div class="chart-view center" style="margin-left: -1rem;">
                  <canvas id="stats2"></canvas>
                </div>
              </div>
              <div class="card-footer small">
                <span id="sp2">4</span> Passed,
                <span id="sf2">2</span> Failed,
                <span id="ss2">0</span> Skipped
              </div>
            </div>
          </div>
            <div class="col-4">
              <div class="card card-custom" style="height: 175px">
                <div class="card-header">
                  Methods
                </div>
                <div class="card-body d-flex justify-content-center" style="height: 90px;">
                  <div class="chart-view center" style="margin-left: -1rem;">
                    <canvas id="stats3"></canvas>
                  </div>
                </div>
                <div class="card-footer small">
                  <span id="sp3">21</span> Passed,
                  <span id="sf3">5</span> Failed,
                  <span id="ss3">0</span> Skipped
                </div>
              </div>
            </div>
        </div>
      </div>
    </div>
    <!-- /dashboard section -->

    <!-- tag section -->
      <div id="tags" class="container pb-5">
        <div class="card card-custom">
          <div class="card-header">
            Tags
          </div>
          <div class="card-body">
            <table id="tag-summary" class="table">
              <thead>
                <tr>
                  <th scope="col" style="width:65%"></th>
                  <th scope="col">Total</th>
                  <th scope="col">Passed</th>
                  <th scope="col">Failed</th>
                  <th scope="col">Time</th>
                </tr>
              </thead>
              <tbody>
                  <tr>
                    <td><a href="#" class="secondary tag">AddToCartPage</a></td>
                    <td>12</td>
                    <td>12</td>
                    <td>0</td>
                    <td>23s</td>
                  </tr>
                  <tr>
                    <td><a href="#" class="secondary tag">WishListPage</a></td>
                    <td>12</td>
                    <td>7</td>
                    <td>5</td>
                    <td>1m 10s</td>
                  </tr>
                  <tr>
                    <td><a href="#" class="secondary tag">LoginPage</a></td>
                    <td>2</td>
                    <td>2</td>
                    <td>0</td>
                    <td>3s</td>
                  </tr>
              </tbody>
            </table>
          </div>
        </div>
      </div>
      <div class="border-bottom"></div>
    <!-- /tag section -->
  </div>

  <div class="container-fluid">
    <div class="py-3 mb-5">
      <div class="container d-flex justify-content-between">
        <div class="input-group">
          <input type="text" id="q" class="form-control border" placeholder="Search..." aria-label="Search...">
          <button class="btn border btn-sm text-success status-filter" id="passed" type="button">Passed</button>
          <button class="btn border btn-sm text-warning status-filter" id="skipped" type="button">Skipped</button>
          <button class="btn border btn-sm text-danger status-filter" id="failed" type="button">Failed</button>
          <button id="clear-filters" class="btn border btn-sm"><i class="bi bi-x-lg me-1"></i>Clear all filters</button>
          <button type="button" id="summary-toggle" class="btn border btn-sm"><i class="bi bi-toggle-on me-1"></i> Toggle Summary Section</button>
        </div>
      </div>
    </div>
      <div class="test-container failed">
        <div class="container">
          <div class="row">
            <div class="col-4">
              <h6 class="mb-3 testname fs-6 failed">Suite</h6>
              <div class="small">
                <span class="badge badge-outline"><i class="bi bi-hourglass me-1"></i> 2m 30s</span>
                <span class="badge text-bg-info"><i class="bi bi-clock me-1"></i>
                  2025-07-31 10:41:06 am</span>
                <span class="badge text-bg-warning"><i class="bi bi-clock me-1"></i>
                  2025-07-31 10:43:37 am</span>
              </div>
                <div class="my-2">
                    <span class="badge rounded-pill text-bg-secondary">WishListPage</span>
                    <span class="badge rounded-pill text-bg-secondary">AddToCartPage</span>
                    <span class="badge rounded-pill text-bg-secondary">LoginPage</span>
                </div>
              
            </div>
            <div class="col-8">
                <div class="card mb-3 result passed">
                  <div class="card-body">
                    <div class="d-flex justify-content-between">
                      <div>
                          <i class="bi bi-check-circle-fill text-success"></i>
                        <span class="fs-6 ms-2">web.automation.tests.LoginPageTests</span>
                      </div>
                      <div>
                          <span class="tag-list">
                              <span class="badge rounded-pill text-bg-secondary">LoginPage</span>
                          </span>
                          <span class="mx-1">&middot;</span>
                        <span class="badge text-dark bg-light">5s</span>
                      </div>
                    </div>
                    
  <div class="mt-3 border-top">
    <div class="leaf passed pb-1 ">
      <div class="d-flex justify-content-between mt-3">
        <div>
            <i class="bi bi-check-circle-fill text-success"></i>
          <span class="fs-6 ms-2">loginUserWithValidCredentials </span>
        </div>
        <div>
            <span class="tag-list">
                <span class="badge rounded-pill text-bg-secondary">LoginPage</span>
            </span>
            <span class="mx-1">&middot;</span>
          <span class="badge text-dark bg-light">1s</span>
        </div>
      </div>
      <p class="desc"></p>
    </div>
  </div>

                  </div>
                </div>
                <div class="card mb-3 result failed">
                  <div class="card-body">
                    <div class="d-flex justify-content-between">
                      <div>
                          <i class="bi bi-exclamation-octagon-fill text-danger"></i>
                        <span class="fs-6 ms-2">web.automation.tests.WishListTests</span>
                      </div>
                      <div>
                          <span class="tag-list">
                              <span class="badge rounded-pill text-bg-secondary">WishListPage</span>
                          </span>
                          <span class="mx-1">&middot;</span>
                        <span class="badge text-dark bg-light">1m 11s</span>
                      </div>
                    </div>
                    
  <div class="mt-3 border-top">
    <div class="leaf passed pb-1 ">
      <div class="d-flex justify-content-between mt-3">
        <div>
            <i class="bi bi-check-circle-fill text-success"></i>
          <span class="fs-6 ms-2">verifyAddingAProductToWishListPageFromTheProductThatIsDisplayedInTheRelatedProductsSectionOfProductDisplayPage </span>
        </div>
        <div>
            <span class="tag-list">
                <span class="badge rounded-pill text-bg-secondary">WishListPage</span>
            </span>
            <span class="mx-1">&middot;</span>
          <span class="badge text-dark bg-light">7s</span>
        </div>
      </div>
      <p class="desc"></p>
    </div>
    <div class="leaf passed pb-1 ">
      <div class="d-flex justify-content-between mt-3">
        <div>
            <i class="bi bi-check-circle-fill text-success"></i>
          <span class="fs-6 ms-2">VerifyAddingAProductToWishListPageFromTheProductThatIsDisplayedInTheFeaturedSectionOfHomePage </span>
        </div>
        <div>
            <span class="tag-list">
                <span class="badge rounded-pill text-bg-secondary">WishListPage</span>
            </span>
            <span class="mx-1">&middot;</span>
          <span class="badge text-dark bg-light">6s</span>
        </div>
      </div>
      <p class="desc"></p>
    </div>
    <div class="leaf passed pb-1 ">
      <div class="d-flex justify-content-between mt-3">
        <div>
            <i class="bi bi-check-circle-fill text-success"></i>
          <span class="fs-6 ms-2">VerifyAddingTheProductToWishListFromTheProductsDisplayedInTheCategoryOrSubCategoryPage </span>
        </div>
        <div>
            <span class="tag-list">
                <span class="badge rounded-pill text-bg-secondary">WishListPage</span>
            </span>
            <span class="mx-1">&middot;</span>
          <span class="badge text-dark bg-light">6s</span>
        </div>
      </div>
      <p class="desc"></p>
    </div>
    <div class="leaf failed pb-1 ">
      <div class="d-flex justify-content-between mt-3">
        <div>
            <i class="bi bi-exclamation-octagon-fill text-danger"></i>
          <span class="fs-6 ms-2">verifyAddingAProductToWishListPageFromTheSearchResultsPage </span>
        </div>
        <div>
            <span class="tag-list">
                <span class="badge rounded-pill text-bg-secondary">WishListPage</span>
            </span>
            <span class="mx-1">&middot;</span>
          <span class="badge text-dark bg-light">1s</span>
        </div>
      </div>
      <p class="desc"></p>
        <pre class="py-2 mt-2 mb-4">org.openqa.selenium.StaleElementReferenceException: stale element reference: stale element not found
  (Session info: chrome=136.0.7103.93)
For documentation on this error, please visit: https://www.selenium.dev/documentation/webdriver/troubleshooting/errors#stale-element-reference-exception
Build info: version: '4.32.0', revision: 'd17c8aa950'
System info: os.name: 'Windows 11', os.arch: 'amd64', os.version: '10.0', java.version: '18.0.2'
Driver info: org.openqa.selenium.chrome.ChromeDriver
Command: [7b9e07a2190a5c7569809fc008c3becd, sendKeysToElement {value=[Ljava.lang.CharSequence;@480c450d, id=f.392BD6386E91DE46E71988A8B1029B2A.d.4F428BAA8EEBE300EBF86B64076264FF.e.90}]
Capabilities {acceptInsecureCerts: false, browserName: chrome, browserVersion: 136.0.7103.93, chrome: {chromedriverVersion: 136.0.7103.113 (76fa3c17824..., userDataDir: C:\Users\VICKY\AppData\Loca...}, fedcm:accounts: true, goog:chromeOptions: {debuggerAddress: localhost:51839}, networkConnectionEnabled: false, pageLoadStrategy: normal, platformName: windows, proxy: Proxy(), se:cdp: ws://localhost:51839/devtoo..., se:cdpVersion: 136.0.7103.93, setWindowRect: true, strictFileInteractability: false, timeouts: {implicit: 0, pageLoad: 300000, script: 30000}, unhandledPromptBehavior: dismiss and notify, webauthn:extension:credBlob: true, webauthn:extension:largeBlob: true, webauthn:extension:minPinLength: true, webauthn:extension:prf: true, webauthn:virtualAuthenticators: true}
Element: [[ChromeDriver: chrome on windows (7b9e07a2190a5c7569809fc008c3becd)] -> xpath: //div[@id='search']//input]
Session ID: 7b9e07a2190a5c7569809fc008c3becd
	at java.base/jdk.internal.reflect.DirectConstructorHandleAccessor.newInstance(DirectConstructorHandleAccessor.java:67)
	at java.base/java.lang.reflect.Constructor.newInstanceWithCaller(Constructor.java:499)
	at java.base/java.lang.reflect.Constructor.newInstance(Constructor.java:483)
	at org.openqa.selenium.remote.ErrorCodec.decode(ErrorCodec.java:167)
	at org.openqa.selenium.remote.codec.w3c.W3CHttpResponseCodec.decode(W3CHttpResponseCodec.java:138)
	at org.openqa.selenium.remote.codec.w3c.W3CHttpResponseCodec.decode(W3CHttpResponseCodec.java:50)
	at org.openqa.selenium.remote.HttpCommandExecutor.execute(HttpCommandExecutor.java:215)
	at org.openqa.selenium.remote.service.DriverCommandExecutor.invokeExecute(DriverCommandExecutor.java:216)
	at org.openqa.selenium.remote.service.DriverCommandExecutor.execute(DriverCommandExecutor.java:174)
	at org.openqa.selenium.remote.RemoteWebDriver.execute(RemoteWebDriver.java:545)
	at org.openqa.selenium.remote.RemoteWebElement.execute(RemoteWebElement.java:223)
	at org.openqa.selenium.remote.RemoteWebElement.sendKeys(RemoteWebElement.java:110)
	at java.base/jdk.internal.reflect.DirectMethodHandleAccessor.invoke(DirectMethodHandleAccessor.java:104)
	at java.base/java.lang.reflect.Method.invoke(Method.java:577)
	at org.openqa.selenium.support.pagefactory.internal.LocatingElementHandler.invoke(LocatingElementHandler.java:51)
	at jdk.proxy2/jdk.proxy2.$Proxy15.sendKeys(Unknown Source)
	at web.automation.tests.WishListTests.verifyAddingAProductToWishListPageFromTheSearchResultsPage(WishListTests.java:101)
	at java.base/jdk.internal.reflect.DirectMethodHandleAccessor.invoke(DirectMethodHandleAccessor.java:104)
	at java.base/java.lang.reflect.Method.invoke(Method.java:577)
	at org.testng.internal.invokers.MethodInvocationHelper.invokeMethod(MethodInvocationHelper.java:141)
	at org.testng.internal.invokers.TestInvoker.invokeMethod(TestInvoker.java:686)
	at org.testng.internal.invokers.TestInvoker.invokeTestMethod(TestInvoker.java:230)
	at org.testng.internal.invokers.MethodRunner.runInSequence(MethodRunner.java:63)
	at org.testng.internal.invokers.TestInvoker$MethodInvocationAgent.invoke(TestInvoker.java:992)
	at org.testng.internal.invokers.TestInvoker.invokeTestMethods(TestInvoker.java:203)
	at org.testng.internal.invokers.TestMethodWorker.invokeTestMethods(TestMethodWorker.java:154)
	at org.testng.internal.invokers.TestMethodWorker.run(TestMethodWorker.java:134)
	at java.base/java.util.ArrayList.forEach(ArrayList.java:1511)
	at org.testng.TestRunner.privateRun(TestRunner.java:739)
	at org.testng.TestRunner.run(TestRunner.java:614)
	at org.testng.SuiteRunner.runTest(SuiteRunner.java:421)
	at org.testng.SuiteRunner$SuiteWorker.run(SuiteRunner.java:463)
	at org.testng.internal.thread.ThreadUtil.lambda$execute$0(ThreadUtil.java:64)
	at java.base/java.util.concurrent.FutureTask.run(FutureTask.java:264)
	at java.base/java.util.concurrent.ThreadPoolExecutor.runWorker(ThreadPoolExecutor.java:1136)
	at java.base/java.util.concurrent.ThreadPoolExecutor$Worker.run(ThreadPoolExecutor.java:635)
	at java.base/java.lang.Thread.run(Thread.java:833)
</pre>
        <div class="row mt-3">
            <div class="embed col-2 mb-1">
              <img src="resources/8ca9db97-a1c0-45cd-a9af-9c54b4be7ea4.png" />
            </div>
        </div>
    </div>
    <div class="leaf failed pb-1 ">
      <div class="d-flex justify-content-between mt-3">
        <div>
            <i class="bi bi-exclamation-octagon-fill text-danger"></i>
          <span class="fs-6 ms-2">verifyNavigatingToMyWishListPageUsingTheWishListHeaderOption </span>
        </div>
        <div>
            <span class="tag-list">
                <span class="badge rounded-pill text-bg-secondary">WishListPage</span>
            </span>
            <span class="mx-1">&middot;</span>
          <span class="badge text-dark bg-light">9s</span>
        </div>
      </div>
      <p class="desc"></p>
        <pre class="py-2 mt-2 mb-4">org.openqa.selenium.NoSuchElementException: no such element: Unable to locate element: {"method":"xpath","selector":"//div[@id='content']//tbody//td[2]"}
  (Session info: chrome=136.0.7103.93)
For documentation on this error, please visit: https://www.selenium.dev/documentation/webdriver/troubleshooting/errors#no-such-element-exception
Build info: version: '4.32.0', revision: 'd17c8aa950'
System info: os.name: 'Windows 11', os.arch: 'amd64', os.version: '10.0', java.version: '18.0.2'
Driver info: org.openqa.selenium.chrome.ChromeDriver
Command: [061cb6c2e9adf3e990320c7c6ae0edef, findElement {value=//div[@id='content']//tbody//td[2], using=xpath}]
Capabilities {acceptInsecureCerts: false, browserName: chrome, browserVersion: 136.0.7103.93, chrome: {chromedriverVersion: 136.0.7103.113 (76fa3c17824..., userDataDir: C:\Users\VICKY\AppData\Loca...}, fedcm:accounts: true, goog:chromeOptions: {debuggerAddress: localhost:51911}, networkConnectionEnabled: false, pageLoadStrategy: normal, platformName: windows, proxy: Proxy(), se:cdp: ws://localhost:51911/devtoo..., se:cdpVersion: 136.0.7103.93, setWindowRect: true, strictFileInteractability: false, timeouts: {implicit: 0, pageLoad: 300000, script: 30000}, unhandledPromptBehavior: dismiss and notify, webauthn:extension:credBlob: true, webauthn:extension:largeBlob: true, webauthn:extension:minPinLength: true, webauthn:extension:prf: true, webauthn:virtualAuthenticators: true}
Session ID: 061cb6c2e9adf3e990320c7c6ae0edef
	at java.base/jdk.internal.reflect.DirectConstructorHandleAccessor.newInstance(DirectConstructorHandleAccessor.java:67)
	at java.base/java.lang.reflect.Constructor.newInstanceWithCaller(Constructor.java:499)
	at java.base/java.lang.reflect.Constructor.newInstance(Constructor.java:483)
	at org.openqa.selenium.remote.ErrorCodec.decode(ErrorCodec.java:167)
	at org.openqa.selenium.remote.codec.w3c.W3CHttpResponseCodec.decode(W3CHttpResponseCodec.java:138)
	at org.openqa.selenium.remote.codec.w3c.W3CHttpResponseCodec.decode(W3CHttpResponseCodec.java:50)
	at org.openqa.selenium.remote.HttpCommandExecutor.execute(HttpCommandExecutor.java:215)
	at org.openqa.selenium.remote.service.DriverCommandExecutor.invokeExecute(DriverCommandExecutor.java:216)
	at org.openqa.selenium.remote.service.DriverCommandExecutor.execute(DriverCommandExecutor.java:174)
	at org.openqa.selenium.remote.RemoteWebDriver.execute(RemoteWebDriver.java:545)
	at org.openqa.selenium.remote.ElementLocation$ElementFinder$2.findElement(ElementLocation.java:165)
	at org.openqa.selenium.remote.ElementLocation.findElement(ElementLocation.java:59)
	at org.openqa.selenium.remote.RemoteWebDriver.findElement(RemoteWebDriver.java:368)
	at org.openqa.selenium.remote.RemoteWebDriver.findElement(RemoteWebDriver.java:362)
	at org.openqa.selenium.support.pagefactory.DefaultElementLocator.findElement(DefaultElementLocator.java:68)
	at org.openqa.selenium.support.pagefactory.internal.LocatingElementHandler.invoke(LocatingElementHandler.java:38)
	at jdk.proxy2/jdk.proxy2.$Proxy15.getText(Unknown Source)
	at web.automation.tests.WishListTests.verifyNavigatingToMyWishListPageUsingTheWishListHeaderOption(WishListTests.java:130)
	at java.base/jdk.internal.reflect.DirectMethodHandleAccessor.invoke(DirectMethodHandleAccessor.java:104)
	at java.base/java.lang.reflect.Method.invoke(Method.java:577)
	at org.testng.internal.invokers.MethodInvocationHelper.invokeMethod(MethodInvocationHelper.java:141)
	at org.testng.internal.invokers.TestInvoker.invokeMethod(TestInvoker.java:686)
	at org.testng.internal.invokers.TestInvoker.invokeTestMethod(TestInvoker.java:230)
	at org.testng.internal.invokers.MethodRunner.runInSequence(MethodRunner.java:63)
	at org.testng.internal.invokers.TestInvoker$MethodInvocationAgent.invoke(TestInvoker.java:992)
	at org.testng.internal.invokers.TestInvoker.invokeTestMethods(TestInvoker.java:203)
	at org.testng.internal.invokers.TestMethodWorker.invokeTestMethods(TestMethodWorker.java:154)
	at org.testng.internal.invokers.TestMethodWorker.run(TestMethodWorker.java:134)
	at java.base/java.util.ArrayList.forEach(ArrayList.java:1511)
	at org.testng.TestRunner.privateRun(TestRunner.java:739)
	at org.testng.TestRunner.run(TestRunner.java:614)
	at org.testng.SuiteRunner.runTest(SuiteRunner.java:421)
	at org.testng.SuiteRunner$SuiteWorker.run(SuiteRunner.java:463)
	at org.testng.internal.thread.ThreadUtil.lambda$execute$0(ThreadUtil.java:64)
	at java.base/java.util.concurrent.FutureTask.run(FutureTask.java:264)
	at java.base/java.util.concurrent.ThreadPoolExecutor.runWorker(ThreadPoolExecutor.java:1136)
	at java.base/java.util.concurrent.ThreadPoolExecutor$Worker.run(ThreadPoolExecutor.java:635)
	at java.base/java.lang.Thread.run(Thread.java:833)
</pre>
        <div class="row mt-3">
            <div class="embed col-2 mb-1">
              <img src="resources/4fd3e9f6-264d-46f3-99dc-39dd7f44495b.png" />
            </div>
        </div>
    </div>
    <div class="leaf passed pb-1 ">
      <div class="d-flex justify-content-between mt-3">
        <div>
            <i class="bi bi-check-circle-fill text-success"></i>
          <span class="fs-6 ms-2">verifyNavigatingToMyWishListPageFromTheFooteroptions </span>
        </div>
        <div>
            <span class="tag-list">
                <span class="badge rounded-pill text-bg-secondary">WishListPage</span>
            </span>
            <span class="mx-1">&middot;</span>
          <span class="badge text-dark bg-light">4s</span>
        </div>
      </div>
      <p class="desc"></p>
    </div>
  </div>

                  </div>
                </div>
                <div class="card mb-3 result passed">
                  <div class="card-body">
                    <div class="d-flex justify-content-between">
                      <div>
                          <i class="bi bi-check-circle-fill text-success"></i>
                        <span class="fs-6 ms-2">web.automation.tests.AddToCartTests</span>
                      </div>
                      <div>
                          <span class="tag-list">
                              <span class="badge rounded-pill text-bg-secondary">AddToCartPage</span>
                          </span>
                          <span class="mx-1">&middot;</span>
                        <span class="badge text-dark bg-light">54s</span>
                      </div>
                    </div>
                    
  <div class="mt-3 border-top">
    <div class="leaf passed pb-1 ">
      <div class="d-flex justify-content-between mt-3">
        <div>
            <i class="bi bi-check-circle-fill text-success"></i>
          <span class="fs-6 ms-2">verifyAddingTheProductToCartFromProductDisplayPage </span>
        </div>
        <div>
            <span class="tag-list">
                <span class="badge rounded-pill text-bg-secondary">AddToCartPage</span>
            </span>
            <span class="mx-1">&middot;</span>
          <span class="badge text-dark bg-light">1s</span>
        </div>
      </div>
      <p class="desc"></p>
    </div>
    <div class="leaf passed pb-1 ">
      <div class="d-flex justify-content-between mt-3">
        <div>
            <i class="bi bi-check-circle-fill text-success"></i>
          <span class="fs-6 ms-2">verifyAddingTheProductToCartFromWishListPage </span>
        </div>
        <div>
            <span class="tag-list">
                <span class="badge rounded-pill text-bg-secondary">AddToCartPage</span>
            </span>
            <span class="mx-1">&middot;</span>
          <span class="badge text-dark bg-light">3s</span>
        </div>
      </div>
      <p class="desc"></p>
    </div>
    <div class="leaf passed pb-1 ">
      <div class="d-flex justify-content-between mt-3">
        <div>
            <i class="bi bi-check-circle-fill text-success"></i>
          <span class="fs-6 ms-2">verifyAddingTheProductToCartFromSearchResultsPage </span>
        </div>
        <div>
            <span class="tag-list">
                <span class="badge rounded-pill text-bg-secondary">AddToCartPage</span>
            </span>
            <span class="mx-1">&middot;</span>
          <span class="badge text-dark bg-light">3s</span>
        </div>
      </div>
      <p class="desc"></p>
    </div>
    <div class="leaf passed pb-1 ">
      <div class="d-flex justify-content-between mt-3">
        <div>
            <i class="bi bi-check-circle-fill text-success"></i>
          <span class="fs-6 ms-2">verifyingTheProductToCartFromTheRelatedProductsSectionOfTheProductDisplayPage </span>
        </div>
        <div>
            <span class="tag-list">
                <span class="badge rounded-pill text-bg-secondary">AddToCartPage</span>
            </span>
            <span class="mx-1">&middot;</span>
          <span class="badge text-dark bg-light">1s</span>
        </div>
      </div>
      <p class="desc"></p>
    </div>
    <div class="leaf passed pb-1 ">
      <div class="d-flex justify-content-between mt-3">
        <div>
            <i class="bi bi-check-circle-fill text-success"></i>
          <span class="fs-6 ms-2">verifyAddingTheProductToCartFromTheProductsDisplayedInTheCategoryOrSubcategoryPage </span>
        </div>
        <div>
            <span class="tag-list">
                <span class="badge rounded-pill text-bg-secondary">AddToCartPage</span>
            </span>
            <span class="mx-1">&middot;</span>
          <span class="badge text-dark bg-light">1s</span>
        </div>
      </div>
      <p class="desc"></p>
    </div>
    <div class="leaf passed pb-1 ">
      <div class="d-flex justify-content-between mt-3">
        <div>
            <i class="bi bi-check-circle-fill text-success"></i>
          <span class="fs-6 ms-2">verifyAddingTheProductToCartFromProductComparisonPage </span>
        </div>
        <div>
            <span class="tag-list">
                <span class="badge rounded-pill text-bg-secondary">AddToCartPage</span>
            </span>
            <span class="mx-1">&middot;</span>
          <span class="badge text-dark bg-light">1s</span>
        </div>
      </div>
      <p class="desc"></p>
    </div>
  </div>

                  </div>
                </div>
                <div class="card mb-3 result passed">
                  <div class="card-body">
                    <div class="d-flex justify-content-between">
                      <div>
                          <i class="bi bi-check-circle-fill text-success"></i>
                        <span class="fs-6 ms-2">web.automation.tests.LoginPageTests</span>
                      </div>
                      <div>
                          <span class="tag-list">
                              <span class="badge rounded-pill text-bg-secondary">LoginPage</span>
                          </span>
                          <span class="mx-1">&middot;</span>
                        <span class="badge text-dark bg-light">3s</span>
                      </div>
                    </div>
                    
  <div class="mt-3 border-top">
    <div class="leaf passed pb-1 ">
      <div class="d-flex justify-content-between mt-3">
        <div>
            <i class="bi bi-check-circle-fill text-success"></i>
          <span class="fs-6 ms-2">loginUserWithValidCredentials </span>
        </div>
        <div>
            <span class="tag-list">
                <span class="badge rounded-pill text-bg-secondary">LoginPage</span>
            </span>
            <span class="mx-1">&middot;</span>
          <span class="badge text-dark bg-light">1s</span>
        </div>
      </div>
      <p class="desc"></p>
    </div>
  </div>

                  </div>
                </div>
                <div class="card mb-3 result failed">
                  <div class="card-body">
                    <div class="d-flex justify-content-between">
                      <div>
                          <i class="bi bi-exclamation-octagon-fill text-danger"></i>
                        <span class="fs-6 ms-2">web.automation.tests.WishListTests</span>
                      </div>
                      <div>
                          <span class="tag-list">
                              <span class="badge rounded-pill text-bg-secondary">WishListPage</span>
                          </span>
                          <span class="mx-1">&middot;</span>
                        <span class="badge text-dark bg-light">1m 10s</span>
                      </div>
                    </div>
                    
  <div class="mt-3 border-top">
    <div class="leaf passed pb-1 ">
      <div class="d-flex justify-content-between mt-3">
        <div>
            <i class="bi bi-check-circle-fill text-success"></i>
          <span class="fs-6 ms-2">verifyAddingAProductToWishListPageFromTheProductThatIsDisplayedInTheRelatedProductsSectionOfProductDisplayPage </span>
        </div>
        <div>
            <span class="tag-list">
                <span class="badge rounded-pill text-bg-secondary">WishListPage</span>
            </span>
            <span class="mx-1">&middot;</span>
          <span class="badge text-dark bg-light">7s</span>
        </div>
      </div>
      <p class="desc"></p>
    </div>
    <div class="leaf passed pb-1 ">
      <div class="d-flex justify-content-between mt-3">
        <div>
            <i class="bi bi-check-circle-fill text-success"></i>
          <span class="fs-6 ms-2">VerifyAddingAProductToWishListPageFromTheProductThatIsDisplayedInTheFeaturedSectionOfHomePage </span>
        </div>
        <div>
            <span class="tag-list">
                <span class="badge rounded-pill text-bg-secondary">WishListPage</span>
            </span>
            <span class="mx-1">&middot;</span>
          <span class="badge text-dark bg-light">6s</span>
        </div>
      </div>
      <p class="desc"></p>
    </div>
    <div class="leaf passed pb-1 ">
      <div class="d-flex justify-content-between mt-3">
        <div>
            <i class="bi bi-check-circle-fill text-success"></i>
          <span class="fs-6 ms-2">VerifyAddingTheProductToWishListFromTheProductsDisplayedInTheCategoryOrSubCategoryPage </span>
        </div>
        <div>
            <span class="tag-list">
                <span class="badge rounded-pill text-bg-secondary">WishListPage</span>
            </span>
            <span class="mx-1">&middot;</span>
          <span class="badge text-dark bg-light">7s</span>
        </div>
      </div>
      <p class="desc"></p>
    </div>
    <div class="leaf failed pb-1 ">
      <div class="d-flex justify-content-between mt-3">
        <div>
            <i class="bi bi-exclamation-octagon-fill text-danger"></i>
          <span class="fs-6 ms-2">verifyAddingAProductToWishListPageFromTheSearchResultsPage </span>
        </div>
        <div>
            <span class="tag-list">
                <span class="badge rounded-pill text-bg-secondary">WishListPage</span>
            </span>
            <span class="mx-1">&middot;</span>
          <span class="badge text-dark bg-light">1s</span>
        </div>
      </div>
      <p class="desc"></p>
        <pre class="py-2 mt-2 mb-4">org.openqa.selenium.StaleElementReferenceException: stale element reference: stale element not found
  (Session info: chrome=136.0.7103.93)
For documentation on this error, please visit: https://www.selenium.dev/documentation/webdriver/troubleshooting/errors#stale-element-reference-exception
Build info: version: '4.32.0', revision: 'd17c8aa950'
System info: os.name: 'Windows 11', os.arch: 'amd64', os.version: '10.0', java.version: '18.0.2'
Driver info: org.openqa.selenium.chrome.ChromeDriver
Command: [5d0bbf9efb8447ecc13fbe71800d164c, sendKeysToElement {value=[Ljava.lang.CharSequence;@651d4b44, id=f.41ACEEA082F0718C9D2C095913AA197E.d.62108CF57BB4B158A306CC8B793B7938.e.59}]
Capabilities {acceptInsecureCerts: false, browserName: chrome, browserVersion: 136.0.7103.93, chrome: {chromedriverVersion: 136.0.7103.113 (76fa3c17824..., userDataDir: C:\Users\VICKY\AppData\Loca...}, fedcm:accounts: true, goog:chromeOptions: {debuggerAddress: localhost:52165}, networkConnectionEnabled: false, pageLoadStrategy: normal, platformName: windows, proxy: Proxy(), se:cdp: ws://localhost:52165/devtoo..., se:cdpVersion: 136.0.7103.93, setWindowRect: true, strictFileInteractability: false, timeouts: {implicit: 0, pageLoad: 300000, script: 30000}, unhandledPromptBehavior: dismiss and notify, webauthn:extension:credBlob: true, webauthn:extension:largeBlob: true, webauthn:extension:minPinLength: true, webauthn:extension:prf: true, webauthn:virtualAuthenticators: true}
Element: [[ChromeDriver: chrome on windows (5d0bbf9efb8447ecc13fbe71800d164c)] -> xpath: //div[@id='search']//input]
Session ID: 5d0bbf9efb8447ecc13fbe71800d164c
	at java.base/jdk.internal.reflect.DirectConstructorHandleAccessor.newInstance(DirectConstructorHandleAccessor.java:67)
	at java.base/java.lang.reflect.Constructor.newInstanceWithCaller(Constructor.java:499)
	at java.base/java.lang.reflect.Constructor.newInstance(Constructor.java:483)
	at org.openqa.selenium.remote.ErrorCodec.decode(ErrorCodec.java:167)
	at org.openqa.selenium.remote.codec.w3c.W3CHttpResponseCodec.decode(W3CHttpResponseCodec.java:138)
	at org.openqa.selenium.remote.codec.w3c.W3CHttpResponseCodec.decode(W3CHttpResponseCodec.java:50)
	at org.openqa.selenium.remote.HttpCommandExecutor.execute(HttpCommandExecutor.java:215)
	at org.openqa.selenium.remote.service.DriverCommandExecutor.invokeExecute(DriverCommandExecutor.java:216)
	at org.openqa.selenium.remote.service.DriverCommandExecutor.execute(DriverCommandExecutor.java:174)
	at org.openqa.selenium.remote.RemoteWebDriver.execute(RemoteWebDriver.java:545)
	at org.openqa.selenium.remote.RemoteWebElement.execute(RemoteWebElement.java:223)
	at org.openqa.selenium.remote.RemoteWebElement.sendKeys(RemoteWebElement.java:110)
	at java.base/jdk.internal.reflect.DirectMethodHandleAccessor.invoke(DirectMethodHandleAccessor.java:104)
	at java.base/java.lang.reflect.Method.invoke(Method.java:577)
	at org.openqa.selenium.support.pagefactory.internal.LocatingElementHandler.invoke(LocatingElementHandler.java:51)
	at jdk.proxy2/jdk.proxy2.$Proxy15.sendKeys(Unknown Source)
	at web.automation.tests.WishListTests.verifyAddingAProductToWishListPageFromTheSearchResultsPage(WishListTests.java:101)
	at java.base/jdk.internal.reflect.DirectMethodHandleAccessor.invoke(DirectMethodHandleAccessor.java:104)
	at java.base/java.lang.reflect.Method.invoke(Method.java:577)
	at org.testng.internal.invokers.MethodInvocationHelper.invokeMethod(MethodInvocationHelper.java:141)
	at org.testng.internal.invokers.TestInvoker.invokeMethod(TestInvoker.java:686)
	at org.testng.internal.invokers.TestInvoker.invokeTestMethod(TestInvoker.java:230)
	at org.testng.internal.invokers.MethodRunner.runInSequence(MethodRunner.java:63)
	at org.testng.internal.invokers.TestInvoker$MethodInvocationAgent.invoke(TestInvoker.java:992)
	at org.testng.internal.invokers.TestInvoker.invokeTestMethods(TestInvoker.java:203)
	at org.testng.internal.invokers.TestMethodWorker.invokeTestMethods(TestMethodWorker.java:154)
	at org.testng.internal.invokers.TestMethodWorker.run(TestMethodWorker.java:134)
	at java.base/java.util.ArrayList.forEach(ArrayList.java:1511)
	at org.testng.TestRunner.privateRun(TestRunner.java:739)
	at org.testng.TestRunner.run(TestRunner.java:614)
	at org.testng.SuiteRunner.runTest(SuiteRunner.java:421)
	at org.testng.SuiteRunner$SuiteWorker.run(SuiteRunner.java:463)
	at org.testng.internal.thread.ThreadUtil.lambda$execute$0(ThreadUtil.java:64)
	at java.base/java.util.concurrent.FutureTask.run(FutureTask.java:264)
	at java.base/java.util.concurrent.ThreadPoolExecutor.runWorker(ThreadPoolExecutor.java:1136)
	at java.base/java.util.concurrent.ThreadPoolExecutor$Worker.run(ThreadPoolExecutor.java:635)
	at java.base/java.lang.Thread.run(Thread.java:833)
</pre>
        <div class="row mt-3">
            <div class="embed col-2 mb-1">
              <img src="resources/d04e9a51-c9d2-4a06-b3b1-929cd950d7ff.png" />
            </div>
        </div>
    </div>
    <div class="leaf failed pb-1 ">
      <div class="d-flex justify-content-between mt-3">
        <div>
            <i class="bi bi-exclamation-octagon-fill text-danger"></i>
          <span class="fs-6 ms-2">verifyNavigatingToMyWishListPageUsingTheWishListHeaderOption </span>
        </div>
        <div>
            <span class="tag-list">
                <span class="badge rounded-pill text-bg-secondary">WishListPage</span>
            </span>
            <span class="mx-1">&middot;</span>
          <span class="badge text-dark bg-light">1s</span>
        </div>
      </div>
      <p class="desc"></p>
        <pre class="py-2 mt-2 mb-4">org.openqa.selenium.StaleElementReferenceException: stale element reference: stale element not found
  (Session info: chrome=136.0.7103.93)
For documentation on this error, please visit: https://www.selenium.dev/documentation/webdriver/troubleshooting/errors#stale-element-reference-exception
Build info: version: '4.32.0', revision: 'd17c8aa950'
System info: os.name: 'Windows 11', os.arch: 'amd64', os.version: '10.0', java.version: '18.0.2'
Driver info: org.openqa.selenium.chrome.ChromeDriver
Command: [85393ade9eabdfd262b907c22a48fc7c, sendKeysToElement {value=[Ljava.lang.CharSequence;@1bb98f07, id=f.27A15FB2BE2381495768C50F6CBAED8A.d.965902463889F32BFDD64BA9D7848B84.e.88}]
Capabilities {acceptInsecureCerts: false, browserName: chrome, browserVersion: 136.0.7103.93, chrome: {chromedriverVersion: 136.0.7103.113 (76fa3c17824..., userDataDir: C:\Users\VICKY\AppData\Loca...}, fedcm:accounts: true, goog:chromeOptions: {debuggerAddress: localhost:52235}, networkConnectionEnabled: false, pageLoadStrategy: normal, platformName: windows, proxy: Proxy(), se:cdp: ws://localhost:52235/devtoo..., se:cdpVersion: 136.0.7103.93, setWindowRect: true, strictFileInteractability: false, timeouts: {implicit: 0, pageLoad: 300000, script: 30000}, unhandledPromptBehavior: dismiss and notify, webauthn:extension:credBlob: true, webauthn:extension:largeBlob: true, webauthn:extension:minPinLength: true, webauthn:extension:prf: true, webauthn:virtualAuthenticators: true}
Element: [[ChromeDriver: chrome on windows (85393ade9eabdfd262b907c22a48fc7c)] -> xpath: //div[@id='search']//input]
Session ID: 85393ade9eabdfd262b907c22a48fc7c
	at java.base/jdk.internal.reflect.DirectConstructorHandleAccessor.newInstance(DirectConstructorHandleAccessor.java:67)
	at java.base/java.lang.reflect.Constructor.newInstanceWithCaller(Constructor.java:499)
	at java.base/java.lang.reflect.Constructor.newInstance(Constructor.java:483)
	at org.openqa.selenium.remote.ErrorCodec.decode(ErrorCodec.java:167)
	at org.openqa.selenium.remote.codec.w3c.W3CHttpResponseCodec.decode(W3CHttpResponseCodec.java:138)
	at org.openqa.selenium.remote.codec.w3c.W3CHttpResponseCodec.decode(W3CHttpResponseCodec.java:50)
	at org.openqa.selenium.remote.HttpCommandExecutor.execute(HttpCommandExecutor.java:215)
	at org.openqa.selenium.remote.service.DriverCommandExecutor.invokeExecute(DriverCommandExecutor.java:216)
	at org.openqa.selenium.remote.service.DriverCommandExecutor.execute(DriverCommandExecutor.java:174)
	at org.openqa.selenium.remote.RemoteWebDriver.execute(RemoteWebDriver.java:545)
	at org.openqa.selenium.remote.RemoteWebElement.execute(RemoteWebElement.java:223)
	at org.openqa.selenium.remote.RemoteWebElement.sendKeys(RemoteWebElement.java:110)
	at java.base/jdk.internal.reflect.DirectMethodHandleAccessor.invoke(DirectMethodHandleAccessor.java:104)
	at java.base/java.lang.reflect.Method.invoke(Method.java:577)
	at org.openqa.selenium.support.pagefactory.internal.LocatingElementHandler.invoke(LocatingElementHandler.java:51)
	at jdk.proxy2/jdk.proxy2.$Proxy15.sendKeys(Unknown Source)
	at web.automation.tests.WishListTests.verifyNavigatingToMyWishListPageUsingTheWishListHeaderOption(WishListTests.java:123)
	at java.base/jdk.internal.reflect.DirectMethodHandleAccessor.invoke(DirectMethodHandleAccessor.java:104)
	at java.base/java.lang.reflect.Method.invoke(Method.java:577)
	at org.testng.internal.invokers.MethodInvocationHelper.invokeMethod(MethodInvocationHelper.java:141)
	at org.testng.internal.invokers.TestInvoker.invokeMethod(TestInvoker.java:686)
	at org.testng.internal.invokers.TestInvoker.invokeTestMethod(TestInvoker.java:230)
	at org.testng.internal.invokers.MethodRunner.runInSequence(MethodRunner.java:63)
	at org.testng.internal.invokers.TestInvoker$MethodInvocationAgent.invoke(TestInvoker.java:992)
	at org.testng.internal.invokers.TestInvoker.invokeTestMethods(TestInvoker.java:203)
	at org.testng.internal.invokers.TestMethodWorker.invokeTestMethods(TestMethodWorker.java:154)
	at org.testng.internal.invokers.TestMethodWorker.run(TestMethodWorker.java:134)
	at java.base/java.util.ArrayList.forEach(ArrayList.java:1511)
	at org.testng.TestRunner.privateRun(TestRunner.java:739)
	at org.testng.TestRunner.run(TestRunner.java:614)
	at org.testng.SuiteRunner.runTest(SuiteRunner.java:421)
	at org.testng.SuiteRunner$SuiteWorker.run(SuiteRunner.java:463)
	at org.testng.internal.thread.ThreadUtil.lambda$execute$0(ThreadUtil.java:64)
	at java.base/java.util.concurrent.FutureTask.run(FutureTask.java:264)
	at java.base/java.util.concurrent.ThreadPoolExecutor.runWorker(ThreadPoolExecutor.java:1136)
	at java.base/java.util.concurrent.ThreadPoolExecutor$Worker.run(ThreadPoolExecutor.java:635)
	at java.base/java.lang.Thread.run(Thread.java:833)
</pre>
        <div class="row mt-3">
            <div class="embed col-2 mb-1">
              <img src="resources/bb82d753-6610-4b04-8442-dc55b9a4f2bc.png" />
            </div>
        </div>
    </div>
    <div class="leaf failed pb-1 ">
      <div class="d-flex justify-content-between mt-3">
        <div>
            <i class="bi bi-exclamation-octagon-fill text-danger"></i>
          <span class="fs-6 ms-2">verifyNavigatingToMyWishListPageFromTheFooteroptions </span>
        </div>
        <div>
            <span class="tag-list">
                <span class="badge rounded-pill text-bg-secondary">WishListPage</span>
            </span>
            <span class="mx-1">&middot;</span>
          <span class="badge text-dark bg-light">9s</span>
        </div>
      </div>
      <p class="desc"></p>
        <pre class="py-2 mt-2 mb-4">org.openqa.selenium.NoSuchElementException: no such element: Unable to locate element: {"method":"xpath","selector":"//div[@id='content']//tbody//td[2]"}
  (Session info: chrome=136.0.7103.93)
For documentation on this error, please visit: https://www.selenium.dev/documentation/webdriver/troubleshooting/errors#no-such-element-exception
Build info: version: '4.32.0', revision: 'd17c8aa950'
System info: os.name: 'Windows 11', os.arch: 'amd64', os.version: '10.0', java.version: '18.0.2'
Driver info: org.openqa.selenium.chrome.ChromeDriver
Command: [0a4d8224a03fe58ef9e77d3e141aeed6, findElement {value=//div[@id='content']//tbody//td[2], using=xpath}]
Capabilities {acceptInsecureCerts: false, browserName: chrome, browserVersion: 136.0.7103.93, chrome: {chromedriverVersion: 136.0.7103.113 (76fa3c17824..., userDataDir: C:\Users\VICKY\AppData\Loca...}, fedcm:accounts: true, goog:chromeOptions: {debuggerAddress: localhost:52283}, networkConnectionEnabled: false, pageLoadStrategy: normal, platformName: windows, proxy: Proxy(), se:cdp: ws://localhost:52283/devtoo..., se:cdpVersion: 136.0.7103.93, setWindowRect: true, strictFileInteractability: false, timeouts: {implicit: 0, pageLoad: 300000, script: 30000}, unhandledPromptBehavior: dismiss and notify, webauthn:extension:credBlob: true, webauthn:extension:largeBlob: true, webauthn:extension:minPinLength: true, webauthn:extension:prf: true, webauthn:virtualAuthenticators: true}
Session ID: 0a4d8224a03fe58ef9e77d3e141aeed6
	at java.base/jdk.internal.reflect.DirectConstructorHandleAccessor.newInstance(DirectConstructorHandleAccessor.java:67)
	at java.base/java.lang.reflect.Constructor.newInstanceWithCaller(Constructor.java:499)
	at java.base/java.lang.reflect.Constructor.newInstance(Constructor.java:483)
	at org.openqa.selenium.remote.ErrorCodec.decode(ErrorCodec.java:167)
	at org.openqa.selenium.remote.codec.w3c.W3CHttpResponseCodec.decode(W3CHttpResponseCodec.java:138)
	at org.openqa.selenium.remote.codec.w3c.W3CHttpResponseCodec.decode(W3CHttpResponseCodec.java:50)
	at org.openqa.selenium.remote.HttpCommandExecutor.execute(HttpCommandExecutor.java:215)
	at org.openqa.selenium.remote.service.DriverCommandExecutor.invokeExecute(DriverCommandExecutor.java:216)
	at org.openqa.selenium.remote.service.DriverCommandExecutor.execute(DriverCommandExecutor.java:174)
	at org.openqa.selenium.remote.RemoteWebDriver.execute(RemoteWebDriver.java:545)
	at org.openqa.selenium.remote.ElementLocation$ElementFinder$2.findElement(ElementLocation.java:165)
	at org.openqa.selenium.remote.ElementLocation.findElement(ElementLocation.java:59)
	at org.openqa.selenium.remote.RemoteWebDriver.findElement(RemoteWebDriver.java:368)
	at org.openqa.selenium.remote.RemoteWebDriver.findElement(RemoteWebDriver.java:362)
	at org.openqa.selenium.support.pagefactory.DefaultElementLocator.findElement(DefaultElementLocator.java:68)
	at org.openqa.selenium.support.pagefactory.internal.LocatingElementHandler.invoke(LocatingElementHandler.java:38)
	at jdk.proxy2/jdk.proxy2.$Proxy15.getText(Unknown Source)
	at web.automation.tests.WishListTests.verifyNavigatingToMyWishListPageFromTheFooteroptions(WishListTests.java:209)
	at java.base/jdk.internal.reflect.DirectMethodHandleAccessor.invoke(DirectMethodHandleAccessor.java:104)
	at java.base/java.lang.reflect.Method.invoke(Method.java:577)
	at org.testng.internal.invokers.MethodInvocationHelper.invokeMethod(MethodInvocationHelper.java:141)
	at org.testng.internal.invokers.TestInvoker.invokeMethod(TestInvoker.java:686)
	at org.testng.internal.invokers.TestInvoker.invokeTestMethod(TestInvoker.java:230)
	at org.testng.internal.invokers.MethodRunner.runInSequence(MethodRunner.java:63)
	at org.testng.internal.invokers.TestInvoker$MethodInvocationAgent.invoke(TestInvoker.java:992)
	at org.testng.internal.invokers.TestInvoker.invokeTestMethods(TestInvoker.java:203)
	at org.testng.internal.invokers.TestMethodWorker.invokeTestMethods(TestMethodWorker.java:154)
	at org.testng.internal.invokers.TestMethodWorker.run(TestMethodWorker.java:134)
	at java.base/java.util.ArrayList.forEach(ArrayList.java:1511)
	at org.testng.TestRunner.privateRun(TestRunner.java:739)
	at org.testng.TestRunner.run(TestRunner.java:614)
	at org.testng.SuiteRunner.runTest(SuiteRunner.java:421)
	at org.testng.SuiteRunner$SuiteWorker.run(SuiteRunner.java:463)
	at org.testng.internal.thread.ThreadUtil.lambda$execute$0(ThreadUtil.java:64)
	at java.base/java.util.concurrent.FutureTask.run(FutureTask.java:264)
	at java.base/java.util.concurrent.ThreadPoolExecutor.runWorker(ThreadPoolExecutor.java:1136)
	at java.base/java.util.concurrent.ThreadPoolExecutor$Worker.run(ThreadPoolExecutor.java:635)
	at java.base/java.lang.Thread.run(Thread.java:833)
</pre>
        <div class="row mt-3">
            <div class="embed col-2 mb-1">
              <img src="resources/4d3a512f-bb67-465b-b5cf-040d945ba40a.png" />
            </div>
        </div>
    </div>
  </div>

                  </div>
                </div>
                <div class="card mb-3 result passed">
                  <div class="card-body">
                    <div class="d-flex justify-content-between">
                      <div>
                          <i class="bi bi-check-circle-fill text-success"></i>
                        <span class="fs-6 ms-2">web.automation.tests.AddToCartTests</span>
                      </div>
                      <div>
                          <span class="tag-list">
                              <span class="badge rounded-pill text-bg-secondary">AddToCartPage</span>
                          </span>
                          <span class="mx-1">&middot;</span>
                        <span class="badge text-dark bg-light">48s</span>
                      </div>
                    </div>
                    
  <div class="mt-3 border-top">
    <div class="leaf passed pb-1 ">
      <div class="d-flex justify-content-between mt-3">
        <div>
            <i class="bi bi-check-circle-fill text-success"></i>
          <span class="fs-6 ms-2">verifyAddingTheProductToCartFromProductDisplayPage </span>
        </div>
        <div>
            <span class="tag-list">
                <span class="badge rounded-pill text-bg-secondary">AddToCartPage</span>
            </span>
            <span class="mx-1">&middot;</span>
          <span class="badge text-dark bg-light">1s</span>
        </div>
      </div>
      <p class="desc"></p>
    </div>
    <div class="leaf passed pb-1 ">
      <div class="d-flex justify-content-between mt-3">
        <div>
            <i class="bi bi-check-circle-fill text-success"></i>
          <span class="fs-6 ms-2">verifyAddingTheProductToCartFromWishListPage </span>
        </div>
        <div>
            <span class="tag-list">
                <span class="badge rounded-pill text-bg-secondary">AddToCartPage</span>
            </span>
            <span class="mx-1">&middot;</span>
          <span class="badge text-dark bg-light">3s</span>
        </div>
      </div>
      <p class="desc"></p>
    </div>
    <div class="leaf passed pb-1 ">
      <div class="d-flex justify-content-between mt-3">
        <div>
            <i class="bi bi-check-circle-fill text-success"></i>
          <span class="fs-6 ms-2">verifyAddingTheProductToCartFromSearchResultsPage </span>
        </div>
        <div>
            <span class="tag-list">
                <span class="badge rounded-pill text-bg-secondary">AddToCartPage</span>
            </span>
            <span class="mx-1">&middot;</span>
          <span class="badge text-dark bg-light">2s</span>
        </div>
      </div>
      <p class="desc"></p>
    </div>
    <div class="leaf passed pb-1 ">
      <div class="d-flex justify-content-between mt-3">
        <div>
            <i class="bi bi-check-circle-fill text-success"></i>
          <span class="fs-6 ms-2">verifyingTheProductToCartFromTheRelatedProductsSectionOfTheProductDisplayPage </span>
        </div>
        <div>
            <span class="tag-list">
                <span class="badge rounded-pill text-bg-secondary">AddToCartPage</span>
            </span>
            <span class="mx-1">&middot;</span>
          <span class="badge text-dark bg-light">1s</span>
        </div>
      </div>
      <p class="desc"></p>
    </div>
    <div class="leaf passed pb-1 ">
      <div class="d-flex justify-content-between mt-3">
        <div>
            <i class="bi bi-check-circle-fill text-success"></i>
          <span class="fs-6 ms-2">verifyAddingTheProductToCartFromTheProductsDisplayedInTheCategoryOrSubcategoryPage </span>
        </div>
        <div>
            <span class="tag-list">
                <span class="badge rounded-pill text-bg-secondary">AddToCartPage</span>
            </span>
            <span class="mx-1">&middot;</span>
          <span class="badge text-dark bg-light">1s</span>
        </div>
      </div>
      <p class="desc"></p>
    </div>
    <div class="leaf passed pb-1 ">
      <div class="d-flex justify-content-between mt-3">
        <div>
            <i class="bi bi-check-circle-fill text-success"></i>
          <span class="fs-6 ms-2">verifyAddingTheProductToCartFromProductComparisonPage </span>
        </div>
        <div>
            <span class="tag-list">
                <span class="badge rounded-pill text-bg-secondary">AddToCartPage</span>
            </span>
            <span class="mx-1">&middot;</span>
          <span class="badge text-dark bg-light">1s</span>
        </div>
      </div>
      <p class="desc"></p>
    </div>
  </div>

                  </div>
                </div>
            </div>
          </div>
        </div>
          <div class="border-bottom py-5"></div>
      </div>
  </div>

  <script>
    const stats1Annotation = {'total': 1, 'passed': 0};
    const stats1 = [
      { result: 'Passed', count: 0, bg: 'rgb(140, 197, 83)' },
      { result: 'Failed', count: 1, bg: 'rgb(233,80,113)' },
      { result: 'Skipped', count: 0, bg: 'rgb(13, 202, 240)' }
    ];
      const stats2Annotation = {'total': 6, 'passed': 4};
      const stats2 = [
        { result: 'Passed', count: 4, bg: 'rgb(140, 197, 83)' },
        { result: 'Failed', count: 2, bg: 'rgb(233,80,113)' },
        { result: 'Skipped', count: 0, bg: 'rgb(13, 202, 240)' }
      ];
      const stats3Annotation = {'total': 26, 'passed': 21};
      const stats3 = [
        { result: 'Passed', count: 21, bg: 'rgb(140, 197, 83)' },
        { result: 'Failed', count: 5, bg: 'rgb(233,80,113)' },
        { result: 'Skipped', count: 0, bg: 'rgb(13, 202, 240)' }
      ];
     
  </script>
    <script src="https://cdn.jsdelivr.net/gh/anshooarora/chaintest@976b9706b4d752a6262a041a68a6ea08012e0fcf/cdn/simple/version/chaintest-pkg.js"></script>

    <div id="sys-info-modal" class="modal" tabindex="-1">
      <div class="modal-dialog">
        <div class="modal-content">
          <div class="modal-header">
            <h6 class="modal-title">System</h6>
            <button type="button" class="btn-close" data-bs-dismiss="modal" aria-label="Close"
              onclick="toggleSysInfo(false)"></button>
          </div>
          <div class="modal-body">
            <table class="table">
              <tbody>
                  <tr>
                    <td>java.version</td>
                    <td>18.0.2</td>
                  </tr>
                  <tr>
                    <td>java.vm.name</td>
                    <td>Java HotSpot(TM) 64-Bit Server VM</td>
                  </tr>
                  <tr>
                    <td>java.vm.vendor</td>
                    <td>Oracle Corporation</td>
                  </tr>
                  <tr>
                    <td>java.class.version</td>
                    <td>62.0</td>
                  </tr>
                  <tr>
                    <td>java.runtime.name</td>
                    <td>Java(TM) SE Runtime Environment</td>
                  </tr>
                  <tr>
                    <td>os.name</td>
                    <td>Windows 11</td>
                  </tr>
                  <tr>
                    <td>os.arch</td>
                    <td>amd64</td>
                  </tr>
                  <tr>
                    <td>os.version</td>
                    <td>10.0</td>
                  </tr>
              </tbody>
            </table>
          </div>
          <div class="modal-footer">
            <button type="button" class="btn btn-secondary" data-bs-dismiss="modal"
              onclick="toggleSysInfo(false)">Close</button>
          </div>
        </div>
      </div>
    </div>

  <div id="info-modal" class="modal" tabindex="-1">
    <div class="modal-dialog">
      <div class="modal-content">
        <div class="modal-header">
          <h6 class="modal-title">ChainTest Simple Generator - Shortcuts</h6>
          <button type="button" class="btn-close" data-bs-dismiss="modal" aria-label="Close"
            onclick="toggleInfoModal(false)"></button>
        </div>
        <div class="modal-body">
          <table class="table">
            <tbody>
                <tr>
                  <td>p</td>
                  <td>Toggle passed tests</td>
                </tr>
                <tr>
                  <td>s</td>
                  <td>Toggle skipped tests</td>
                </tr>
                <tr>
                  <td>esc</td>
                  <td>Reset all filters</td>
                </tr>
                <tr>
                  <td>L</td>
                  <td>Toggle theme (light/dark)</td>
                </tr>
                <tr>
                  <td>f</td>
                  <td>Toggle failed tests</td>
                </tr>
            </tbody>
          </table>
        </div>
        <div class="modal-footer">
          <button type="button" class="btn btn-secondary" data-bs-dismiss="modal"
            onclick="toggleInfoModal(false)">Close</button>
        </div>
      </div>
    </div>
  </div>

  <div id="attachment-modal" class="modal" tabindex="-1">
    <div class="modal-dialog modal-lg">
      <div class="modal-content">
        <div class="modal-header">
          <h6 class="modal-title">Attachment</h6>
          <button type="button" class="btn-close" data-bs-dismiss="modal" aria-label="Close"
            onclick="toggleAttachmentModal(false)"></button>
        </div>
        <div class="modal-body">
          <img src="" />
        </div>
        <div class="modal-footer">
          <button type="button" class="btn btn-secondary" data-bs-dismiss="modal"
            onclick="toggleAttachmentModal(false)">Close</button>
        </div>
      </div>
    </div>
  </div>

</body>

</html>