<html>
<head>
<title>TestNG:  ChromeTest</title>
<link href="../testng.css" rel="stylesheet" type="text/css" />
<link href="../my-testng.css" rel="stylesheet" type="text/css" />

<style type="text/css">
.log { display: none;} 
.stack-trace { display: none;} 
</style>
<script type="text/javascript">
<!--
function flip(e) {
  current = e.style.display;
  if (current == 'block') {
    e.style.display = 'none';
    return 0;
  }
  else {
    e.style.display = 'block';
    return 1;
  }
}

function toggleBox(szDivId, elem, msg1, msg2)
{
  var res = -1;  if (document.getElementById) {
    res = flip(document.getElementById(szDivId));
  }
  else if (document.all) {
    // this is the way old msie versions work
    res = flip(document.all[szDivId]);
  }
  if(elem) {
    if(res == 0) elem.innerHTML = msg1; else elem.innerHTML = msg2;
  }

}

function toggleAllBoxes() {
  if (document.getElementsByTagName) {
    d = document.getElementsByTagName('div');
    for (i = 0; i < d.length; i++) {
      if (d[i].className == 'log') {
        flip(d[i]);
      }
    }
  }
}

// -->
</script>

</head>
<body>
<h2 align='center'>ChromeTest</h2><table border='1' align="center">
<tr>
<td>Tests passed/Failed/Skipped:</td><td>17/1/0</td>
</tr><tr>
<td>Started on:</td><td>Thu Jul 31 18:27:11 IST 2025</td>
</tr>
<tr><td>Total time:</td><td>144 seconds (144854 ms)</td>
</tr><tr>
<td>Included groups:</td><td></td>
</tr><tr>
<td>Excluded groups:</td><td></td>
</tr>
</table><p/>
<small><i>(Hover the method name to see the test class name)</i></small><p/>
<table width='100%' border='1' class='invocation-failed'>
<tr><td colspan='4' align='center'><b>FAILED TESTS</b></td></tr>
<tr><td><b>Test method</b></td>
<td><b>Attribute(s)</b></td>
<td width="30%"><b>Exception</b></td>
<td width="10%"><b>Time (seconds)</b></td>
<td><b>Instance</b></td>
</tr>
<tr>
<td title='web.automation.tests.AddToCartTests.verifyAddingTheProductToCartFromWishListPage()'><b>verifyAddingTheProductToCartFromWishListPage</b><br>Test class: web.automation.tests.AddToCartTests</td>
<td><div><pre>org.openqa.selenium.NoSuchElementException: no such element: Unable to locate element: {&quot;method&quot;:&quot;xpath&quot;,&quot;selector&quot;:&quot;//button[@data-original-title=&apos;Add to Cart&apos;]&quot;}
  (Session info: chrome=136.0.7103.93)
For documentation on this error, please visit: https://www.selenium.dev/documentation/webdriver/troubleshooting/errors#no-such-element-exception
Build info: version: &apos;4.32.0&apos;, revision: &apos;d17c8aa950&apos;
System info: os.name: &apos;Windows 11&apos;, os.arch: &apos;amd64&apos;, os.version: &apos;10.0&apos;, java.version: &apos;18.0.2&apos;
Driver info: org.openqa.selenium.chrome.ChromeDriver
Command: [02993f474f427908825ae014386ba85f, findElement {value=//button[@data-original-title=&apos;Add to Cart&apos;], using=xpath}]
Capabilities {acceptInsecureCerts: false, browserName: chrome, browserVersion: 136.0.7103.93, chrome: {chromedriverVersion: 136.0.7103.113 (76fa3c17824..., userDataDir: C:\Users\VICKY\AppData\Loca...}, fedcm:accounts: true, goog:chromeOptions: {debuggerAddress: localhost:52201}, networkConnectionEnabled: false, pageLoadStrategy: normal, platformName: windows, proxy: Proxy(), se:cdp: ws://localhost:52201/devtoo..., se:cdpVersion: 136.0.7103.93, setWindowRect: true, strictFileInteractability: false, timeouts: {implicit: 0, pageLoad: 300000, script: 30000}, unhandledPromptBehavior: dismiss and notify, webauthn:extension:credBlob: true, webauthn:extension:largeBlob: true, webauthn:extension:minPinLength: true, webauthn:extension:prf: true, webauthn:virtualAuthenticators: true}
Session ID: 02993f474f427908825ae014386ba85f
	at org.openqa.selenium.remote.ErrorCodec.decode(ErrorCodec.java:167)
	at org.openqa.selenium.remote.codec.w3c.W3CHttpResponseCodec.decode(W3CHttpResponseCodec.java:138)
	at org.openqa.selenium.remote.codec.w3c.W3CHttpResponseCodec.decode(W3CHttpResponseCodec.java:50)
	at org.openqa.selenium.remote.HttpCommandExecutor.execute(HttpCommandExecutor.java:215)
	at org.openqa.selenium.remote.service.DriverCommandExecutor.invokeExecute(DriverCommandExecutor.java:216)
	at org.openqa.selenium.remote.service.DriverCommandExecutor.execute(DriverCommandExecutor.java:174)
	at org.openqa.selenium.remote.RemoteWebDriver.execute(RemoteWebDriver.java:545)
	at org.openqa.selenium.remote.ElementLocation$ElementFinder$2.findElement(ElementLocation.java:165)
	at org.openqa.selenium.remote.ElementLocation.findElement(ElementLocation.java:59)
	at org.openqa.selenium.remote.RemoteWebDriver.findElement(RemoteWebDriver.java:368)
	at org.openqa.selenium.remote.RemoteWebDriver.findElement(RemoteWebDriver.java:362)
	at org.openqa.selenium.support.pagefactory.DefaultElementLocator.findElement(DefaultElementLocator.java:68)
	at org.openqa.selenium.support.pagefactory.internal.LocatingElementHandler.invoke(LocatingElementHandler.java:38)
	at jdk.proxy2/jdk.proxy2.$Proxy15.click(Unknown Source)
	at web.automation.tests.AddToCartTests.verifyAddingTheProductToCartFromWishListPage(AddToCartTests.java:57)
	at java.base/java.util.ArrayList.forEach(ArrayList.java:1511)
	at java.base/java.util.concurrent.FutureTask.run(FutureTask.java:264)
	at java.base/java.util.concurrent.ThreadPoolExecutor.runWorker(ThreadPoolExecutor.java:1136)
	at java.base/java.util.concurrent.ThreadPoolExecutor$Worker.run(ThreadPoolExecutor.java:635)
	at java.base/java.lang.Thread.run(Thread.java:833)
... Removed 18 stack frames</pre></div><a href='#' onClick='toggleBox("stack-trace83835014", this, "Click to show all stack frames", "Click to hide stack frames")'>Click to show all stack frames</a>
<div class='stack-trace' id='stack-trace83835014'><pre>org.openqa.selenium.NoSuchElementException: no such element: Unable to locate element: {&quot;method&quot;:&quot;xpath&quot;,&quot;selector&quot;:&quot;//button[@data-original-title=&apos;Add to Cart&apos;]&quot;}
  (Session info: chrome=136.0.7103.93)
For documentation on this error, please visit: https://www.selenium.dev/documentation/webdriver/troubleshooting/errors#no-such-element-exception
Build info: version: &apos;4.32.0&apos;, revision: &apos;d17c8aa950&apos;
System info: os.name: &apos;Windows 11&apos;, os.arch: &apos;amd64&apos;, os.version: &apos;10.0&apos;, java.version: &apos;18.0.2&apos;
Driver info: org.openqa.selenium.chrome.ChromeDriver
Command: [02993f474f427908825ae014386ba85f, findElement {value=//button[@data-original-title=&apos;Add to Cart&apos;], using=xpath}]
Capabilities {acceptInsecureCerts: false, browserName: chrome, browserVersion: 136.0.7103.93, chrome: {chromedriverVersion: 136.0.7103.113 (76fa3c17824..., userDataDir: C:\Users\VICKY\AppData\Loca...}, fedcm:accounts: true, goog:chromeOptions: {debuggerAddress: localhost:52201}, networkConnectionEnabled: false, pageLoadStrategy: normal, platformName: windows, proxy: Proxy(), se:cdp: ws://localhost:52201/devtoo..., se:cdpVersion: 136.0.7103.93, setWindowRect: true, strictFileInteractability: false, timeouts: {implicit: 0, pageLoad: 300000, script: 30000}, unhandledPromptBehavior: dismiss and notify, webauthn:extension:credBlob: true, webauthn:extension:largeBlob: true, webauthn:extension:minPinLength: true, webauthn:extension:prf: true, webauthn:virtualAuthenticators: true}
Session ID: 02993f474f427908825ae014386ba85f
	at java.base/jdk.internal.reflect.DirectConstructorHandleAccessor.newInstance(DirectConstructorHandleAccessor.java:67)
	at java.base/java.lang.reflect.Constructor.newInstanceWithCaller(Constructor.java:499)
	at java.base/java.lang.reflect.Constructor.newInstance(Constructor.java:483)
	at org.openqa.selenium.remote.ErrorCodec.decode(ErrorCodec.java:167)
	at org.openqa.selenium.remote.codec.w3c.W3CHttpResponseCodec.decode(W3CHttpResponseCodec.java:138)
	at org.openqa.selenium.remote.codec.w3c.W3CHttpResponseCodec.decode(W3CHttpResponseCodec.java:50)
	at org.openqa.selenium.remote.HttpCommandExecutor.execute(HttpCommandExecutor.java:215)
	at org.openqa.selenium.remote.service.DriverCommandExecutor.invokeExecute(DriverCommandExecutor.java:216)
	at org.openqa.selenium.remote.service.DriverCommandExecutor.execute(DriverCommandExecutor.java:174)
	at org.openqa.selenium.remote.RemoteWebDriver.execute(RemoteWebDriver.java:545)
	at org.openqa.selenium.remote.ElementLocation$ElementFinder$2.findElement(ElementLocation.java:165)
	at org.openqa.selenium.remote.ElementLocation.findElement(ElementLocation.java:59)
	at org.openqa.selenium.remote.RemoteWebDriver.findElement(RemoteWebDriver.java:368)
	at org.openqa.selenium.remote.RemoteWebDriver.findElement(RemoteWebDriver.java:362)
	at org.openqa.selenium.support.pagefactory.DefaultElementLocator.findElement(DefaultElementLocator.java:68)
	at org.openqa.selenium.support.pagefactory.internal.LocatingElementHandler.invoke(LocatingElementHandler.java:38)
	at jdk.proxy2/jdk.proxy2.$Proxy15.click(Unknown Source)
	at web.automation.tests.AddToCartTests.verifyAddingTheProductToCartFromWishListPage(AddToCartTests.java:57)
	at java.base/jdk.internal.reflect.DirectMethodHandleAccessor.invoke(DirectMethodHandleAccessor.java:104)
	at java.base/java.lang.reflect.Method.invoke(Method.java:577)
	at org.testng.internal.invokers.MethodInvocationHelper.invokeMethod(MethodInvocationHelper.java:141)
	at org.testng.internal.invokers.TestInvoker.invokeMethod(TestInvoker.java:686)
	at org.testng.internal.invokers.TestInvoker.invokeTestMethod(TestInvoker.java:230)
	at org.testng.internal.invokers.MethodRunner.runInSequence(MethodRunner.java:63)
	at org.testng.internal.invokers.TestInvoker$MethodInvocationAgent.invoke(TestInvoker.java:992)
	at org.testng.internal.invokers.TestInvoker.invokeTestMethods(TestInvoker.java:203)
	at org.testng.internal.invokers.TestMethodWorker.invokeTestMethods(TestMethodWorker.java:154)
	at org.testng.internal.invokers.TestMethodWorker.run(TestMethodWorker.java:134)
	at java.base/java.util.ArrayList.forEach(ArrayList.java:1511)
	at org.testng.TestRunner.privateRun(TestRunner.java:739)
	at org.testng.TestRunner.run(TestRunner.java:614)
	at org.testng.SuiteRunner.runTest(SuiteRunner.java:421)
	at org.testng.SuiteRunner$SuiteWorker.run(SuiteRunner.java:463)
	at org.testng.internal.thread.ThreadUtil.lambda$execute$0(ThreadUtil.java:64)
	at java.base/java.util.concurrent.FutureTask.run(FutureTask.java:264)
	at java.base/java.util.concurrent.ThreadPoolExecutor.runWorker(ThreadPoolExecutor.java:1136)
	at java.base/java.util.concurrent.ThreadPoolExecutor$Worker.run(ThreadPoolExecutor.java:635)
	at java.base/java.lang.Thread.run(Thread.java:833)
</pre></div></td>
<td>12</td>
<td>web.automation.tests.AddToCartTests@7331196b</td></tr>
</table><p>
<table width='100%' border='1' class='invocation-passed'>
<tr><td colspan='4' align='center'><b>PASSED TESTS</b></td></tr>
<tr><td><b>Test method</b></td>
<td><b>Attribute(s)</b></td>
<td width="30%"><b>Exception</b></td>
<td width="10%"><b>Time (seconds)</b></td>
<td><b>Instance</b></td>
</tr>
<tr>
<td title='web.automation.tests.WishListTests.VerifyAddingAProductToWishListPageFromTheProductThatIsDisplayedInTheFeaturedSectionOfHomePage()'><b>VerifyAddingAProductToWishListPageFromTheProductThatIsDisplayedInTheFeaturedSectionOfHomePage</b><br>Test class: web.automation.tests.WishListTests</td>
<td></td>
<td>7</td>
<td>web.automation.tests.WishListTests@3f9342d4</td></tr>
<tr>
<td title='web.automation.tests.WishListTests.verifyAddingAProductToWishListPageFromTheSearchResultsPage()'><b>verifyAddingAProductToWishListPageFromTheSearchResultsPage</b><br>Test class: web.automation.tests.WishListTests</td>
<td></td>
<td>7</td>
<td>web.automation.tests.WishListTests@3f9342d4</td></tr>
<tr>
<td title='web.automation.tests.WishListTests.verifyNavigatingToMyWishListPageFromTheFooteroptions()'><b>verifyNavigatingToMyWishListPageFromTheFooteroptions</b><br>Test class: web.automation.tests.WishListTests</td>
<td></td>
<td>7</td>
<td>web.automation.tests.WishListTests@3f9342d4</td></tr>
<tr>
<td title='web.automation.tests.WishListTests.VerifyAddingTheProductToWishListFromTheProductsDisplayedInTheCategoryOrSubCategoryPage()'><b>VerifyAddingTheProductToWishListFromTheProductsDisplayedInTheCategoryOrSubCategoryPage</b><br>Test class: web.automation.tests.WishListTests</td>
<td></td>
<td>8</td>
<td>web.automation.tests.WishListTests@3f9342d4</td></tr>
<tr>
<td title='web.automation.tests.WishListTests.verifyTheMyWishListPageWhenOnlyOneProductIsAddedToIt()'><b>verifyTheMyWishListPageWhenOnlyOneProductIsAddedToIt</b><br>Test class: web.automation.tests.WishListTests</td>
<td></td>
<td>8</td>
<td>web.automation.tests.WishListTests@3f9342d4</td></tr>
<tr>
<td title='web.automation.tests.WishListTests.verifyTheRemovingTheProductFromMyWishListPage()'><b>verifyTheRemovingTheProductFromMyWishListPage</b><br>Test class: web.automation.tests.WishListTests</td>
<td></td>
<td>7</td>
<td>web.automation.tests.WishListTests@3f9342d4</td></tr>
<tr>
<td title='web.automation.tests.WishListTests.verifyAddingTheProductToCartFromTheMyWishListPage()'><b>verifyAddingTheProductToCartFromTheMyWishListPage</b><br>Test class: web.automation.tests.WishListTests</td>
<td></td>
<td>7</td>
<td>web.automation.tests.WishListTests@3f9342d4</td></tr>
<tr>
<td title='web.automation.tests.WishListTests.verifyAddingTheMultipleProductsToTheMyWishListPage()'><b>verifyAddingTheMultipleProductsToTheMyWishListPage</b><br>Test class: web.automation.tests.WishListTests</td>
<td></td>
<td>12</td>
<td>web.automation.tests.WishListTests@3f9342d4</td></tr>
<tr>
<td title='web.automation.tests.LoginPageTests.loginUserWithValidCredentials()'><b>loginUserWithValidCredentials</b><br>Test class: web.automation.tests.LoginPageTests</td>
<td></td>
<td>1</td>
<td>web.automation.tests.LoginPageTests@5d066c7d</td></tr>
<tr>
<td title='web.automation.tests.AddToCartTests.verifyAddingTheProductToCartFromTheProductsDisplayedInTheCategoryOrSubcategoryPage()'><b>verifyAddingTheProductToCartFromTheProductsDisplayedInTheCategoryOrSubcategoryPage</b><br>Test class: web.automation.tests.AddToCartTests</td>
<td></td>
<td>1</td>
<td>web.automation.tests.AddToCartTests@7331196b</td></tr>
<tr>
<td title='web.automation.tests.WishListTests.verifyTheMyWishListPageWhenThereAreNoProductsAdded()'><b>verifyTheMyWishListPageWhenThereAreNoProductsAdded</b><br>Test class: web.automation.tests.WishListTests</td>
<td></td>
<td>1</td>
<td>web.automation.tests.WishListTests@3f9342d4</td></tr>
<tr>
<td title='web.automation.tests.WishListTests.verifyNavigatingToMyWishListPageUsingTheWishListHeaderOption()'><b>verifyNavigatingToMyWishListPageUsingTheWishListHeaderOption</b><br>Test class: web.automation.tests.WishListTests</td>
<td></td>
<td>7</td>
<td>web.automation.tests.WishListTests@3f9342d4</td></tr>
<tr>
<td title='web.automation.tests.WishListTests.verifyAddingAProductToWishListPageFromTheProductThatIsDisplayedInTheRelatedProductsSectionOfProductDisplayPage()'><b>verifyAddingAProductToWishListPageFromTheProductThatIsDisplayedInTheRelatedProductsSectionOfProductDisplayPage</b><br>Test class: web.automation.tests.WishListTests</td>
<td></td>
<td>8</td>
<td>web.automation.tests.WishListTests@3f9342d4</td></tr>
<tr>
<td title='web.automation.tests.AddToCartTests.verifyAddingTheProductToCartFromSearchResultsPage()'><b>verifyAddingTheProductToCartFromSearchResultsPage</b><br>Test class: web.automation.tests.AddToCartTests</td>
<td></td>
<td>3</td>
<td>web.automation.tests.AddToCartTests@7331196b</td></tr>
<tr>
<td title='web.automation.tests.AddToCartTests.verifyAddingTheProductToCartFromProductDisplayPage()'><b>verifyAddingTheProductToCartFromProductDisplayPage</b><br>Test class: web.automation.tests.AddToCartTests</td>
<td></td>
<td>1</td>
<td>web.automation.tests.AddToCartTests@7331196b</td></tr>
<tr>
<td title='web.automation.tests.AddToCartTests.verifyAddingTheProductToCartFromProductComparisonPage()'><b>verifyAddingTheProductToCartFromProductComparisonPage</b><br>Test class: web.automation.tests.AddToCartTests</td>
<td></td>
<td>1</td>
<td>web.automation.tests.AddToCartTests@7331196b</td></tr>
<tr>
<td title='web.automation.tests.AddToCartTests.verifyingTheProductToCartFromTheRelatedProductsSectionOfTheProductDisplayPage()'><b>verifyingTheProductToCartFromTheRelatedProductsSectionOfTheProductDisplayPage</b><br>Test class: web.automation.tests.AddToCartTests</td>
<td></td>
<td>1</td>
<td>web.automation.tests.AddToCartTests@7331196b</td></tr>
</table><p>
</body>
</html>