<!DOCTYPE html>

<html>
  <head>
  <meta charset='utf-8'>
  <title>TestNG reports</title>

    <link type="text/css" href="testng-reports1.css" rel="stylesheet" id="ultra" />
    <link type="text/css" href="testng-reports.css" rel="stylesheet" id="retro" disabled="false"/>
    <script type="text/javascript" src="jquery-3.6.0.min.js"></script>
    <script type="text/javascript" src="testng-reports.js"></script>
    <script type="text/javascript" src="https://www.google.com/jsapi"></script>
    <script type='text/javascript'>
      google.load('visualization', '1', {packages:['table']});
      google.setOnLoadCallback(drawTable);
      var suiteTableInitFunctions = new Array();
      var suiteTableData = new Array();
    </script>
    <!--
      <script type="text/javascript" src="jquery-ui/js/jquery-ui-1.8.16.custom.min.js"></script>
     -->
  </head>

  <body>    <div class="top-banner-root">
      <span class="top-banner-title-font">Test results</span>
      <button id="button" class="button">Switch Retro Theme</button> <!-- button -->
      <br/>
      <span class="top-banner-font-1">1 suite, 5 failed tests</span>
    </div> <!-- top-banner-root -->
    <div class="navigator-root">
      <div class="navigator-suite-header">
        <span>All suites</span>
        <a href="#" title="Collapse/expand all the suites" class="collapse-all-link">
          <img src="collapseall.gif" class="collapse-all-icon">
          </img> <!-- collapse-all-icon -->
        </a> <!-- collapse-all-link -->
      </div> <!-- navigator-suite-header -->
      <div class="suite">
        <div class="rounded-window">
          <div class="suite-header light-rounded-window-top">
            <a href="#" panel-name="suite-Suite" class="navigator-link">
              <span class="suite-name border-failed">Suite</span>
            </a> <!-- navigator-link -->
          </div> <!-- suite-header light-rounded-window-top -->
          <div class="navigator-suite-content">
            <div class="suite-section-title">
              <span>Info</span>
            </div> <!-- suite-section-title -->
            <div class="suite-section-content">
              <ul>
                <li>
                  <a href="#" panel-name="test-xml-Suite" class="navigator-link ">
                    <span>D:\Local-Repository\TestNGAutomationProject\src\test\resources\testng.xml</span>
                  </a> <!-- navigator-link  -->
                </li>
                <li>
                  <a href="#" panel-name="testlist-Suite" class="navigator-link ">
                    <span class="test-stats">2 tests</span>
                  </a> <!-- navigator-link  -->
                </li>
                <li>
                  <a href="#" panel-name="group-Suite" class="navigator-link ">
                    <span>3 groups</span>
                  </a> <!-- navigator-link  -->
                </li>
                <li>
                  <a href="#" panel-name="times-Suite" class="navigator-link ">
                    <span>Times</span>
                  </a> <!-- navigator-link  -->
                </li>
                <li>
                  <a href="#" panel-name="reporter-Suite" class="navigator-link ">
                    <span>Reporter output</span>
                  </a> <!-- navigator-link  -->
                </li>
                <li>
                  <a href="#" panel-name="ignored-methods-Suite" class="navigator-link ">
                    <span>Ignored methods</span>
                  </a> <!-- navigator-link  -->
                </li>
                <li>
                  <a href="#" panel-name="chronological-Suite" class="navigator-link ">
                    <span>Chronological view</span>
                  </a> <!-- navigator-link  -->
                </li>
              </ul>
            </div> <!-- suite-section-content -->
            <div class="result-section">
              <div class="suite-section-title">
                <span>Results</span>
              </div> <!-- suite-section-title -->
              <div class="suite-section-content">
                <ul>
                  <li>
                    <span class="method-stats">26 methods, 5 failed,   21 passed</span>
                  </li>
                  <li>
                    <span class="method-list-title failed">Failed methods</span>
                    <span class="show-or-hide-methods failed">
                      <a href="#" panel-name="suite-Suite" class="hide-methods failed suite-Suite"> (hide)</a> <!-- hide-methods failed suite-Suite -->
                      <a href="#" panel-name="suite-Suite" class="show-methods failed suite-Suite"> (show)</a> <!-- show-methods failed suite-Suite -->
                    </span>
                    <div class="method-list-content failed suite-Suite">
                      <span>
                        <img src="failed.png" width="3%"/>
                        <a href="#" panel-name="suite-Suite" title="web.automation.tests.WishListTests" class="method navigator-link" hash-for-method="verifyAddingAProductToWishListPageFromTheSearchResultsPage">verifyAddingAProductToWishListPageFromTheSearchResultsPage</a> <!-- method navigator-link -->
                      </span>
                      <br/>
                      <span>
                        <img src="failed.png" width="3%"/>
                        <a href="#" panel-name="suite-Suite" title="web.automation.tests.WishListTests" class="method navigator-link" hash-for-method="verifyAddingAProductToWishListPageFromTheSearchResultsPage">verifyAddingAProductToWishListPageFromTheSearchResultsPage</a> <!-- method navigator-link -->
                      </span>
                      <br/>
                      <span>
                        <img src="failed.png" width="3%"/>
                        <a href="#" panel-name="suite-Suite" title="web.automation.tests.WishListTests" class="method navigator-link" hash-for-method="verifyNavigatingToMyWishListPageFromTheFooteroptions">verifyNavigatingToMyWishListPageFromTheFooteroptions</a> <!-- method navigator-link -->
                      </span>
                      <br/>
                      <span>
                        <img src="failed.png" width="3%"/>
                        <a href="#" panel-name="suite-Suite" title="web.automation.tests.WishListTests" class="method navigator-link" hash-for-method="verifyNavigatingToMyWishListPageUsingTheWishListHeaderOption">verifyNavigatingToMyWishListPageUsingTheWishListHeaderOption</a> <!-- method navigator-link -->
                      </span>
                      <br/>
                      <span>
                        <img src="failed.png" width="3%"/>
                        <a href="#" panel-name="suite-Suite" title="web.automation.tests.WishListTests" class="method navigator-link" hash-for-method="verifyNavigatingToMyWishListPageUsingTheWishListHeaderOption">verifyNavigatingToMyWishListPageUsingTheWishListHeaderOption</a> <!-- method navigator-link -->
                      </span>
                      <br/>
                    </div> <!-- method-list-content failed suite-Suite -->
                  </li>
                  <li>
                    <span class="method-list-title passed">Passed methods</span>
                    <span class="show-or-hide-methods passed">
                      <a href="#" panel-name="suite-Suite" class="hide-methods passed suite-Suite"> (hide)</a> <!-- hide-methods passed suite-Suite -->
                      <a href="#" panel-name="suite-Suite" class="show-methods passed suite-Suite"> (show)</a> <!-- show-methods passed suite-Suite -->
                    </span>
                    <div class="method-list-content passed suite-Suite">
                      <span>
                        <img src="passed.png" width="3%"/>
                        <a href="#" panel-name="suite-Suite" title="web.automation.tests.WishListTests" class="method navigator-link" hash-for-method="VerifyAddingAProductToWishListPageFromTheProductThatIsDisplayedInTheFeaturedSectionOfHomePage">VerifyAddingAProductToWishListPageFromTheProductThatIsDisplayedInTheFeaturedSectionOfHomePage</a> <!-- method navigator-link -->
                      </span>
                      <br/>
                      <span>
                        <img src="passed.png" width="3%"/>
                        <a href="#" panel-name="suite-Suite" title="web.automation.tests.WishListTests" class="method navigator-link" hash-for-method="VerifyAddingAProductToWishListPageFromTheProductThatIsDisplayedInTheFeaturedSectionOfHomePage">VerifyAddingAProductToWishListPageFromTheProductThatIsDisplayedInTheFeaturedSectionOfHomePage</a> <!-- method navigator-link -->
                      </span>
                      <br/>
                      <span>
                        <img src="passed.png" width="3%"/>
                        <a href="#" panel-name="suite-Suite" title="web.automation.tests.WishListTests" class="method navigator-link" hash-for-method="VerifyAddingTheProductToWishListFromTheProductsDisplayedInTheCategoryOrSubCategoryPage">VerifyAddingTheProductToWishListFromTheProductsDisplayedInTheCategoryOrSubCategoryPage</a> <!-- method navigator-link -->
                      </span>
                      <br/>
                      <span>
                        <img src="passed.png" width="3%"/>
                        <a href="#" panel-name="suite-Suite" title="web.automation.tests.WishListTests" class="method navigator-link" hash-for-method="VerifyAddingTheProductToWishListFromTheProductsDisplayedInTheCategoryOrSubCategoryPage">VerifyAddingTheProductToWishListFromTheProductsDisplayedInTheCategoryOrSubCategoryPage</a> <!-- method navigator-link -->
                      </span>
                      <br/>
                      <span>
                        <img src="passed.png" width="3%"/>
                        <a href="#" panel-name="suite-Suite" title="web.automation.tests.LoginPageTests" class="method navigator-link" hash-for-method="loginUserWithValidCredentials">loginUserWithValidCredentials</a> <!-- method navigator-link -->
                      </span>
                      <br/>
                      <span>
                        <img src="passed.png" width="3%"/>
                        <a href="#" panel-name="suite-Suite" title="web.automation.tests.LoginPageTests" class="method navigator-link" hash-for-method="loginUserWithValidCredentials">loginUserWithValidCredentials</a> <!-- method navigator-link -->
                      </span>
                      <br/>
                      <span>
                        <img src="passed.png" width="3%"/>
                        <a href="#" panel-name="suite-Suite" title="web.automation.tests.WishListTests" class="method navigator-link" hash-for-method="verifyAddingAProductToWishListPageFromTheProductThatIsDisplayedInTheRelatedProductsSectionOfProductDisplayPage">verifyAddingAProductToWishListPageFromTheProductThatIsDisplayedInTheRelatedProductsSectionOfProductDisplayPage</a> <!-- method navigator-link -->
                      </span>
                      <br/>
                      <span>
                        <img src="passed.png" width="3%"/>
                        <a href="#" panel-name="suite-Suite" title="web.automation.tests.WishListTests" class="method navigator-link" hash-for-method="verifyAddingAProductToWishListPageFromTheProductThatIsDisplayedInTheRelatedProductsSectionOfProductDisplayPage">verifyAddingAProductToWishListPageFromTheProductThatIsDisplayedInTheRelatedProductsSectionOfProductDisplayPage</a> <!-- method navigator-link -->
                      </span>
                      <br/>
                      <span>
                        <img src="passed.png" width="3%"/>
                        <a href="#" panel-name="suite-Suite" title="web.automation.tests.AddToCartTests" class="method navigator-link" hash-for-method="verifyAddingTheProductToCartFromProductComparisonPage">verifyAddingTheProductToCartFromProductComparisonPage</a> <!-- method navigator-link -->
                      </span>
                      <br/>
                      <span>
                        <img src="passed.png" width="3%"/>
                        <a href="#" panel-name="suite-Suite" title="web.automation.tests.AddToCartTests" class="method navigator-link" hash-for-method="verifyAddingTheProductToCartFromProductComparisonPage">verifyAddingTheProductToCartFromProductComparisonPage</a> <!-- method navigator-link -->
                      </span>
                      <br/>
                      <span>
                        <img src="passed.png" width="3%"/>
                        <a href="#" panel-name="suite-Suite" title="web.automation.tests.AddToCartTests" class="method navigator-link" hash-for-method="verifyAddingTheProductToCartFromProductDisplayPage">verifyAddingTheProductToCartFromProductDisplayPage</a> <!-- method navigator-link -->
                      </span>
                      <br/>
                      <span>
                        <img src="passed.png" width="3%"/>
                        <a href="#" panel-name="suite-Suite" title="web.automation.tests.AddToCartTests" class="method navigator-link" hash-for-method="verifyAddingTheProductToCartFromProductDisplayPage">verifyAddingTheProductToCartFromProductDisplayPage</a> <!-- method navigator-link -->
                      </span>
                      <br/>
                      <span>
                        <img src="passed.png" width="3%"/>
                        <a href="#" panel-name="suite-Suite" title="web.automation.tests.AddToCartTests" class="method navigator-link" hash-for-method="verifyAddingTheProductToCartFromSearchResultsPage">verifyAddingTheProductToCartFromSearchResultsPage</a> <!-- method navigator-link -->
                      </span>
                      <br/>
                      <span>
                        <img src="passed.png" width="3%"/>
                        <a href="#" panel-name="suite-Suite" title="web.automation.tests.AddToCartTests" class="method navigator-link" hash-for-method="verifyAddingTheProductToCartFromSearchResultsPage">verifyAddingTheProductToCartFromSearchResultsPage</a> <!-- method navigator-link -->
                      </span>
                      <br/>
                      <span>
                        <img src="passed.png" width="3%"/>
                        <a href="#" panel-name="suite-Suite" title="web.automation.tests.AddToCartTests" class="method navigator-link" hash-for-method="verifyAddingTheProductToCartFromTheProductsDisplayedInTheCategoryOrSubcategoryPage">verifyAddingTheProductToCartFromTheProductsDisplayedInTheCategoryOrSubcategoryPage</a> <!-- method navigator-link -->
                      </span>
                      <br/>
                      <span>
                        <img src="passed.png" width="3%"/>
                        <a href="#" panel-name="suite-Suite" title="web.automation.tests.AddToCartTests" class="method navigator-link" hash-for-method="verifyAddingTheProductToCartFromTheProductsDisplayedInTheCategoryOrSubcategoryPage">verifyAddingTheProductToCartFromTheProductsDisplayedInTheCategoryOrSubcategoryPage</a> <!-- method navigator-link -->
                      </span>
                      <br/>
                      <span>
                        <img src="passed.png" width="3%"/>
                        <a href="#" panel-name="suite-Suite" title="web.automation.tests.AddToCartTests" class="method navigator-link" hash-for-method="verifyAddingTheProductToCartFromWishListPage">verifyAddingTheProductToCartFromWishListPage</a> <!-- method navigator-link -->
                      </span>
                      <br/>
                      <span>
                        <img src="passed.png" width="3%"/>
                        <a href="#" panel-name="suite-Suite" title="web.automation.tests.AddToCartTests" class="method navigator-link" hash-for-method="verifyAddingTheProductToCartFromWishListPage">verifyAddingTheProductToCartFromWishListPage</a> <!-- method navigator-link -->
                      </span>
                      <br/>
                      <span>
                        <img src="passed.png" width="3%"/>
                        <a href="#" panel-name="suite-Suite" title="web.automation.tests.WishListTests" class="method navigator-link" hash-for-method="verifyNavigatingToMyWishListPageFromTheFooteroptions">verifyNavigatingToMyWishListPageFromTheFooteroptions</a> <!-- method navigator-link -->
                      </span>
                      <br/>
                      <span>
                        <img src="passed.png" width="3%"/>
                        <a href="#" panel-name="suite-Suite" title="web.automation.tests.AddToCartTests" class="method navigator-link" hash-for-method="verifyingTheProductToCartFromTheRelatedProductsSectionOfTheProductDisplayPage">verifyingTheProductToCartFromTheRelatedProductsSectionOfTheProductDisplayPage</a> <!-- method navigator-link -->
                      </span>
                      <br/>
                      <span>
                        <img src="passed.png" width="3%"/>
                        <a href="#" panel-name="suite-Suite" title="web.automation.tests.AddToCartTests" class="method navigator-link" hash-for-method="verifyingTheProductToCartFromTheRelatedProductsSectionOfTheProductDisplayPage">verifyingTheProductToCartFromTheRelatedProductsSectionOfTheProductDisplayPage</a> <!-- method navigator-link -->
                      </span>
                      <br/>
                    </div> <!-- method-list-content passed suite-Suite -->
                  </li>
                </ul>
              </div> <!-- suite-section-content -->
            </div> <!-- result-section -->
          </div> <!-- navigator-suite-content -->
        </div> <!-- rounded-window -->
      </div> <!-- suite -->
    </div> <!-- navigator-root -->
    <div class="wrapper">
      <div class="main-panel-root">
        <div panel-name="suite-Suite" class="panel Suite">
          <div class="suite-Suite-class-failed">
            <div class="main-panel-header rounded-window-top">
              <img src="failed.png"/>
              <span class="class-name">web.automation.tests.WishListTests</span>
            </div> <!-- main-panel-header rounded-window-top -->
            <div class="main-panel-content rounded-window-bottom">
              <div class="method">
                <div class="method-content">
                  <a name="verifyAddingAProductToWishListPageFromTheSearchResultsPage">
                  </a> <!-- verifyAddingAProductToWishListPageFromTheSearchResultsPage -->
                  <span class="method-name">verifyAddingAProductToWishListPageFromTheSearchResultsPage</span>
                  <div class="stack-trace">org.openqa.selenium.StaleElementReferenceException: stale element reference: stale element not found
  (Session info: chrome=136.0.7103.93)
For documentation on this error, please visit: https://www.selenium.dev/documentation/webdriver/troubleshooting/errors#stale-element-reference-exception
Build info: version: &apos;4.32.0&apos;, revision: &apos;d17c8aa950&apos;
System info: os.name: &apos;Windows 11&apos;, os.arch: &apos;amd64&apos;, os.version: &apos;10.0&apos;, java.version: &apos;18.0.2&apos;
Driver info: org.openqa.selenium.chrome.ChromeDriver
Command: [7b9e07a2190a5c7569809fc008c3becd, sendKeysToElement {value=[Ljava.lang.CharSequence;@480c450d, id=f.392BD6386E91DE46E71988A8B1029B2A.d.4F428BAA8EEBE300EBF86B64076264FF.e.90}]
Capabilities {acceptInsecureCerts: false, browserName: chrome, browserVersion: 136.0.7103.93, chrome: {chromedriverVersion: 136.0.7103.113 (76fa3c17824..., userDataDir: C:\Users\VICKY\AppData\Loca...}, fedcm:accounts: true, goog:chromeOptions: {debuggerAddress: localhost:51839}, networkConnectionEnabled: false, pageLoadStrategy: normal, platformName: windows, proxy: Proxy(), se:cdp: ws://localhost:51839/devtoo..., se:cdpVersion: 136.0.7103.93, setWindowRect: true, strictFileInteractability: false, timeouts: {implicit: 0, pageLoad: 300000, script: 30000}, unhandledPromptBehavior: dismiss and notify, webauthn:extension:credBlob: true, webauthn:extension:largeBlob: true, webauthn:extension:minPinLength: true, webauthn:extension:prf: true, webauthn:virtualAuthenticators: true}
Element: [[ChromeDriver: chrome on windows (7b9e07a2190a5c7569809fc008c3becd)] -&gt; xpath: //div[@id=&apos;search&apos;]//input]
Session ID: 7b9e07a2190a5c7569809fc008c3becd
	at org.openqa.selenium.remote.ErrorCodec.decode(ErrorCodec.java:167)
	at org.openqa.selenium.remote.codec.w3c.W3CHttpResponseCodec.decode(W3CHttpResponseCodec.java:138)
	at org.openqa.selenium.remote.codec.w3c.W3CHttpResponseCodec.decode(W3CHttpResponseCodec.java:50)
	at org.openqa.selenium.remote.HttpCommandExecutor.execute(HttpCommandExecutor.java:215)
	at org.openqa.selenium.remote.service.DriverCommandExecutor.invokeExecute(DriverCommandExecutor.java:216)
	at org.openqa.selenium.remote.service.DriverCommandExecutor.execute(DriverCommandExecutor.java:174)
	at org.openqa.selenium.remote.RemoteWebDriver.execute(RemoteWebDriver.java:545)
	at org.openqa.selenium.remote.RemoteWebElement.execute(RemoteWebElement.java:223)
	at org.openqa.selenium.remote.RemoteWebElement.sendKeys(RemoteWebElement.java:110)
	at org.openqa.selenium.support.pagefactory.internal.LocatingElementHandler.invoke(LocatingElementHandler.java:51)
	at jdk.proxy2/jdk.proxy2.$Proxy15.sendKeys(Unknown Source)
	at web.automation.tests.WishListTests.verifyAddingAProductToWishListPageFromTheSearchResultsPage(WishListTests.java:101)
	at java.base/java.util.ArrayList.forEach(ArrayList.java:1511)
	at java.base/java.util.concurrent.FutureTask.run(FutureTask.java:264)
	at java.base/java.util.concurrent.ThreadPoolExecutor.runWorker(ThreadPoolExecutor.java:1136)
	at java.base/java.util.concurrent.ThreadPoolExecutor$Worker.run(ThreadPoolExecutor.java:635)
	at java.base/java.lang.Thread.run(Thread.java:833)
... Removed 20 stack frames
</div> <!-- stack-trace -->
                </div> <!-- method-content -->
              </div> <!-- method -->
              <div class="method">
                <div class="method-content">
                  <a name="verifyAddingAProductToWishListPageFromTheSearchResultsPage">
                  </a> <!-- verifyAddingAProductToWishListPageFromTheSearchResultsPage -->
                  <span class="method-name">verifyAddingAProductToWishListPageFromTheSearchResultsPage</span>
                  <div class="stack-trace">org.openqa.selenium.StaleElementReferenceException: stale element reference: stale element not found
  (Session info: chrome=136.0.7103.93)
For documentation on this error, please visit: https://www.selenium.dev/documentation/webdriver/troubleshooting/errors#stale-element-reference-exception
Build info: version: &apos;4.32.0&apos;, revision: &apos;d17c8aa950&apos;
System info: os.name: &apos;Windows 11&apos;, os.arch: &apos;amd64&apos;, os.version: &apos;10.0&apos;, java.version: &apos;18.0.2&apos;
Driver info: org.openqa.selenium.chrome.ChromeDriver
Command: [5d0bbf9efb8447ecc13fbe71800d164c, sendKeysToElement {value=[Ljava.lang.CharSequence;@651d4b44, id=f.41ACEEA082F0718C9D2C095913AA197E.d.62108CF57BB4B158A306CC8B793B7938.e.59}]
Capabilities {acceptInsecureCerts: false, browserName: chrome, browserVersion: 136.0.7103.93, chrome: {chromedriverVersion: 136.0.7103.113 (76fa3c17824..., userDataDir: C:\Users\VICKY\AppData\Loca...}, fedcm:accounts: true, goog:chromeOptions: {debuggerAddress: localhost:52165}, networkConnectionEnabled: false, pageLoadStrategy: normal, platformName: windows, proxy: Proxy(), se:cdp: ws://localhost:52165/devtoo..., se:cdpVersion: 136.0.7103.93, setWindowRect: true, strictFileInteractability: false, timeouts: {implicit: 0, pageLoad: 300000, script: 30000}, unhandledPromptBehavior: dismiss and notify, webauthn:extension:credBlob: true, webauthn:extension:largeBlob: true, webauthn:extension:minPinLength: true, webauthn:extension:prf: true, webauthn:virtualAuthenticators: true}
Element: [[ChromeDriver: chrome on windows (5d0bbf9efb8447ecc13fbe71800d164c)] -&gt; xpath: //div[@id=&apos;search&apos;]//input]
Session ID: 5d0bbf9efb8447ecc13fbe71800d164c
	at org.openqa.selenium.remote.ErrorCodec.decode(ErrorCodec.java:167)
	at org.openqa.selenium.remote.codec.w3c.W3CHttpResponseCodec.decode(W3CHttpResponseCodec.java:138)
	at org.openqa.selenium.remote.codec.w3c.W3CHttpResponseCodec.decode(W3CHttpResponseCodec.java:50)
	at org.openqa.selenium.remote.HttpCommandExecutor.execute(HttpCommandExecutor.java:215)
	at org.openqa.selenium.remote.service.DriverCommandExecutor.invokeExecute(DriverCommandExecutor.java:216)
	at org.openqa.selenium.remote.service.DriverCommandExecutor.execute(DriverCommandExecutor.java:174)
	at org.openqa.selenium.remote.RemoteWebDriver.execute(RemoteWebDriver.java:545)
	at org.openqa.selenium.remote.RemoteWebElement.execute(RemoteWebElement.java:223)
	at org.openqa.selenium.remote.RemoteWebElement.sendKeys(RemoteWebElement.java:110)
	at org.openqa.selenium.support.pagefactory.internal.LocatingElementHandler.invoke(LocatingElementHandler.java:51)
	at jdk.proxy2/jdk.proxy2.$Proxy15.sendKeys(Unknown Source)
	at web.automation.tests.WishListTests.verifyAddingAProductToWishListPageFromTheSearchResultsPage(WishListTests.java:101)
	at java.base/java.util.ArrayList.forEach(ArrayList.java:1511)
	at java.base/java.util.concurrent.FutureTask.run(FutureTask.java:264)
	at java.base/java.util.concurrent.ThreadPoolExecutor.runWorker(ThreadPoolExecutor.java:1136)
	at java.base/java.util.concurrent.ThreadPoolExecutor$Worker.run(ThreadPoolExecutor.java:635)
	at java.base/java.lang.Thread.run(Thread.java:833)
... Removed 20 stack frames
</div> <!-- stack-trace -->
                </div> <!-- method-content -->
              </div> <!-- method -->
              <div class="method">
                <div class="method-content">
                  <a name="verifyNavigatingToMyWishListPageFromTheFooteroptions">
                  </a> <!-- verifyNavigatingToMyWishListPageFromTheFooteroptions -->
                  <span class="method-name">verifyNavigatingToMyWishListPageFromTheFooteroptions</span>
                  <div class="stack-trace">org.openqa.selenium.NoSuchElementException: no such element: Unable to locate element: {&quot;method&quot;:&quot;xpath&quot;,&quot;selector&quot;:&quot;//div[@id=&apos;content&apos;]//tbody//td[2]&quot;}
  (Session info: chrome=136.0.7103.93)
For documentation on this error, please visit: https://www.selenium.dev/documentation/webdriver/troubleshooting/errors#no-such-element-exception
Build info: version: &apos;4.32.0&apos;, revision: &apos;d17c8aa950&apos;
System info: os.name: &apos;Windows 11&apos;, os.arch: &apos;amd64&apos;, os.version: &apos;10.0&apos;, java.version: &apos;18.0.2&apos;
Driver info: org.openqa.selenium.chrome.ChromeDriver
Command: [0a4d8224a03fe58ef9e77d3e141aeed6, findElement {value=//div[@id=&apos;content&apos;]//tbody//td[2], using=xpath}]
Capabilities {acceptInsecureCerts: false, browserName: chrome, browserVersion: 136.0.7103.93, chrome: {chromedriverVersion: 136.0.7103.113 (76fa3c17824..., userDataDir: C:\Users\VICKY\AppData\Loca...}, fedcm:accounts: true, goog:chromeOptions: {debuggerAddress: localhost:52283}, networkConnectionEnabled: false, pageLoadStrategy: normal, platformName: windows, proxy: Proxy(), se:cdp: ws://localhost:52283/devtoo..., se:cdpVersion: 136.0.7103.93, setWindowRect: true, strictFileInteractability: false, timeouts: {implicit: 0, pageLoad: 300000, script: 30000}, unhandledPromptBehavior: dismiss and notify, webauthn:extension:credBlob: true, webauthn:extension:largeBlob: true, webauthn:extension:minPinLength: true, webauthn:extension:prf: true, webauthn:virtualAuthenticators: true}
Session ID: 0a4d8224a03fe58ef9e77d3e141aeed6
	at org.openqa.selenium.remote.ErrorCodec.decode(ErrorCodec.java:167)
	at org.openqa.selenium.remote.codec.w3c.W3CHttpResponseCodec.decode(W3CHttpResponseCodec.java:138)
	at org.openqa.selenium.remote.codec.w3c.W3CHttpResponseCodec.decode(W3CHttpResponseCodec.java:50)
	at org.openqa.selenium.remote.HttpCommandExecutor.execute(HttpCommandExecutor.java:215)
	at org.openqa.selenium.remote.service.DriverCommandExecutor.invokeExecute(DriverCommandExecutor.java:216)
	at org.openqa.selenium.remote.service.DriverCommandExecutor.execute(DriverCommandExecutor.java:174)
	at org.openqa.selenium.remote.RemoteWebDriver.execute(RemoteWebDriver.java:545)
	at org.openqa.selenium.remote.ElementLocation$ElementFinder$2.findElement(ElementLocation.java:165)
	at org.openqa.selenium.remote.ElementLocation.findElement(ElementLocation.java:59)
	at org.openqa.selenium.remote.RemoteWebDriver.findElement(RemoteWebDriver.java:368)
	at org.openqa.selenium.remote.RemoteWebDriver.findElement(RemoteWebDriver.java:362)
	at org.openqa.selenium.support.pagefactory.DefaultElementLocator.findElement(DefaultElementLocator.java:68)
	at org.openqa.selenium.support.pagefactory.internal.LocatingElementHandler.invoke(LocatingElementHandler.java:38)
	at jdk.proxy2/jdk.proxy2.$Proxy15.getText(Unknown Source)
	at web.automation.tests.WishListTests.verifyNavigatingToMyWishListPageFromTheFooteroptions(WishListTests.java:209)
	at java.base/java.util.ArrayList.forEach(ArrayList.java:1511)
	at java.base/java.util.concurrent.FutureTask.run(FutureTask.java:264)
	at java.base/java.util.concurrent.ThreadPoolExecutor.runWorker(ThreadPoolExecutor.java:1136)
	at java.base/java.util.concurrent.ThreadPoolExecutor$Worker.run(ThreadPoolExecutor.java:635)
	at java.base/java.lang.Thread.run(Thread.java:833)
... Removed 18 stack frames
</div> <!-- stack-trace -->
                </div> <!-- method-content -->
              </div> <!-- method -->
              <div class="method">
                <div class="method-content">
                  <a name="verifyNavigatingToMyWishListPageUsingTheWishListHeaderOption">
                  </a> <!-- verifyNavigatingToMyWishListPageUsingTheWishListHeaderOption -->
                  <span class="method-name">verifyNavigatingToMyWishListPageUsingTheWishListHeaderOption</span>
                  <div class="stack-trace">org.openqa.selenium.NoSuchElementException: no such element: Unable to locate element: {&quot;method&quot;:&quot;xpath&quot;,&quot;selector&quot;:&quot;//div[@id=&apos;content&apos;]//tbody//td[2]&quot;}
  (Session info: chrome=136.0.7103.93)
For documentation on this error, please visit: https://www.selenium.dev/documentation/webdriver/troubleshooting/errors#no-such-element-exception
Build info: version: &apos;4.32.0&apos;, revision: &apos;d17c8aa950&apos;
System info: os.name: &apos;Windows 11&apos;, os.arch: &apos;amd64&apos;, os.version: &apos;10.0&apos;, java.version: &apos;18.0.2&apos;
Driver info: org.openqa.selenium.chrome.ChromeDriver
Command: [061cb6c2e9adf3e990320c7c6ae0edef, findElement {value=//div[@id=&apos;content&apos;]//tbody//td[2], using=xpath}]
Capabilities {acceptInsecureCerts: false, browserName: chrome, browserVersion: 136.0.7103.93, chrome: {chromedriverVersion: 136.0.7103.113 (76fa3c17824..., userDataDir: C:\Users\VICKY\AppData\Loca...}, fedcm:accounts: true, goog:chromeOptions: {debuggerAddress: localhost:51911}, networkConnectionEnabled: false, pageLoadStrategy: normal, platformName: windows, proxy: Proxy(), se:cdp: ws://localhost:51911/devtoo..., se:cdpVersion: 136.0.7103.93, setWindowRect: true, strictFileInteractability: false, timeouts: {implicit: 0, pageLoad: 300000, script: 30000}, unhandledPromptBehavior: dismiss and notify, webauthn:extension:credBlob: true, webauthn:extension:largeBlob: true, webauthn:extension:minPinLength: true, webauthn:extension:prf: true, webauthn:virtualAuthenticators: true}
Session ID: 061cb6c2e9adf3e990320c7c6ae0edef
	at org.openqa.selenium.remote.ErrorCodec.decode(ErrorCodec.java:167)
	at org.openqa.selenium.remote.codec.w3c.W3CHttpResponseCodec.decode(W3CHttpResponseCodec.java:138)
	at org.openqa.selenium.remote.codec.w3c.W3CHttpResponseCodec.decode(W3CHttpResponseCodec.java:50)
	at org.openqa.selenium.remote.HttpCommandExecutor.execute(HttpCommandExecutor.java:215)
	at org.openqa.selenium.remote.service.DriverCommandExecutor.invokeExecute(DriverCommandExecutor.java:216)
	at org.openqa.selenium.remote.service.DriverCommandExecutor.execute(DriverCommandExecutor.java:174)
	at org.openqa.selenium.remote.RemoteWebDriver.execute(RemoteWebDriver.java:545)
	at org.openqa.selenium.remote.ElementLocation$ElementFinder$2.findElement(ElementLocation.java:165)
	at org.openqa.selenium.remote.ElementLocation.findElement(ElementLocation.java:59)
	at org.openqa.selenium.remote.RemoteWebDriver.findElement(RemoteWebDriver.java:368)
	at org.openqa.selenium.remote.RemoteWebDriver.findElement(RemoteWebDriver.java:362)
	at org.openqa.selenium.support.pagefactory.DefaultElementLocator.findElement(DefaultElementLocator.java:68)
	at org.openqa.selenium.support.pagefactory.internal.LocatingElementHandler.invoke(LocatingElementHandler.java:38)
	at jdk.proxy2/jdk.proxy2.$Proxy15.getText(Unknown Source)
	at web.automation.tests.WishListTests.verifyNavigatingToMyWishListPageUsingTheWishListHeaderOption(WishListTests.java:130)
	at java.base/java.util.ArrayList.forEach(ArrayList.java:1511)
	at java.base/java.util.concurrent.FutureTask.run(FutureTask.java:264)
	at java.base/java.util.concurrent.ThreadPoolExecutor.runWorker(ThreadPoolExecutor.java:1136)
	at java.base/java.util.concurrent.ThreadPoolExecutor$Worker.run(ThreadPoolExecutor.java:635)
	at java.base/java.lang.Thread.run(Thread.java:833)
... Removed 18 stack frames
</div> <!-- stack-trace -->
                </div> <!-- method-content -->
              </div> <!-- method -->
              <div class="method">
                <div class="method-content">
                  <a name="verifyNavigatingToMyWishListPageUsingTheWishListHeaderOption">
                  </a> <!-- verifyNavigatingToMyWishListPageUsingTheWishListHeaderOption -->
                  <span class="method-name">verifyNavigatingToMyWishListPageUsingTheWishListHeaderOption</span>
                  <div class="stack-trace">org.openqa.selenium.StaleElementReferenceException: stale element reference: stale element not found
  (Session info: chrome=136.0.7103.93)
For documentation on this error, please visit: https://www.selenium.dev/documentation/webdriver/troubleshooting/errors#stale-element-reference-exception
Build info: version: &apos;4.32.0&apos;, revision: &apos;d17c8aa950&apos;
System info: os.name: &apos;Windows 11&apos;, os.arch: &apos;amd64&apos;, os.version: &apos;10.0&apos;, java.version: &apos;18.0.2&apos;
Driver info: org.openqa.selenium.chrome.ChromeDriver
Command: [85393ade9eabdfd262b907c22a48fc7c, sendKeysToElement {value=[Ljava.lang.CharSequence;@1bb98f07, id=f.27A15FB2BE2381495768C50F6CBAED8A.d.965902463889F32BFDD64BA9D7848B84.e.88}]
Capabilities {acceptInsecureCerts: false, browserName: chrome, browserVersion: 136.0.7103.93, chrome: {chromedriverVersion: 136.0.7103.113 (76fa3c17824..., userDataDir: C:\Users\VICKY\AppData\Loca...}, fedcm:accounts: true, goog:chromeOptions: {debuggerAddress: localhost:52235}, networkConnectionEnabled: false, pageLoadStrategy: normal, platformName: windows, proxy: Proxy(), se:cdp: ws://localhost:52235/devtoo..., se:cdpVersion: 136.0.7103.93, setWindowRect: true, strictFileInteractability: false, timeouts: {implicit: 0, pageLoad: 300000, script: 30000}, unhandledPromptBehavior: dismiss and notify, webauthn:extension:credBlob: true, webauthn:extension:largeBlob: true, webauthn:extension:minPinLength: true, webauthn:extension:prf: true, webauthn:virtualAuthenticators: true}
Element: [[ChromeDriver: chrome on windows (85393ade9eabdfd262b907c22a48fc7c)] -&gt; xpath: //div[@id=&apos;search&apos;]//input]
Session ID: 85393ade9eabdfd262b907c22a48fc7c
	at org.openqa.selenium.remote.ErrorCodec.decode(ErrorCodec.java:167)
	at org.openqa.selenium.remote.codec.w3c.W3CHttpResponseCodec.decode(W3CHttpResponseCodec.java:138)
	at org.openqa.selenium.remote.codec.w3c.W3CHttpResponseCodec.decode(W3CHttpResponseCodec.java:50)
	at org.openqa.selenium.remote.HttpCommandExecutor.execute(HttpCommandExecutor.java:215)
	at org.openqa.selenium.remote.service.DriverCommandExecutor.invokeExecute(DriverCommandExecutor.java:216)
	at org.openqa.selenium.remote.service.DriverCommandExecutor.execute(DriverCommandExecutor.java:174)
	at org.openqa.selenium.remote.RemoteWebDriver.execute(RemoteWebDriver.java:545)
	at org.openqa.selenium.remote.RemoteWebElement.execute(RemoteWebElement.java:223)
	at org.openqa.selenium.remote.RemoteWebElement.sendKeys(RemoteWebElement.java:110)
	at org.openqa.selenium.support.pagefactory.internal.LocatingElementHandler.invoke(LocatingElementHandler.java:51)
	at jdk.proxy2/jdk.proxy2.$Proxy15.sendKeys(Unknown Source)
	at web.automation.tests.WishListTests.verifyNavigatingToMyWishListPageUsingTheWishListHeaderOption(WishListTests.java:123)
	at java.base/java.util.ArrayList.forEach(ArrayList.java:1511)
	at java.base/java.util.concurrent.FutureTask.run(FutureTask.java:264)
	at java.base/java.util.concurrent.ThreadPoolExecutor.runWorker(ThreadPoolExecutor.java:1136)
	at java.base/java.util.concurrent.ThreadPoolExecutor$Worker.run(ThreadPoolExecutor.java:635)
	at java.base/java.lang.Thread.run(Thread.java:833)
... Removed 20 stack frames
</div> <!-- stack-trace -->
                </div> <!-- method-content -->
              </div> <!-- method -->
            </div> <!-- main-panel-content rounded-window-bottom -->
          </div> <!-- suite-Suite-class-failed -->
          <div class="suite-Suite-class-passed">
            <div class="main-panel-header rounded-window-top">
              <img src="passed.png"/>
              <span class="class-name">web.automation.tests.AddToCartTests</span>
            </div> <!-- main-panel-header rounded-window-top -->
            <div class="main-panel-content rounded-window-bottom">
              <div class="method">
                <div class="method-content">
                  <a name="verifyAddingTheProductToCartFromProductComparisonPage">
                  </a> <!-- verifyAddingTheProductToCartFromProductComparisonPage -->
                  <span class="method-name">verifyAddingTheProductToCartFromProductComparisonPage</span>
                </div> <!-- method-content -->
              </div> <!-- method -->
              <div class="method">
                <div class="method-content">
                  <a name="verifyAddingTheProductToCartFromProductComparisonPage">
                  </a> <!-- verifyAddingTheProductToCartFromProductComparisonPage -->
                  <span class="method-name">verifyAddingTheProductToCartFromProductComparisonPage</span>
                </div> <!-- method-content -->
              </div> <!-- method -->
              <div class="method">
                <div class="method-content">
                  <a name="verifyAddingTheProductToCartFromProductDisplayPage">
                  </a> <!-- verifyAddingTheProductToCartFromProductDisplayPage -->
                  <span class="method-name">verifyAddingTheProductToCartFromProductDisplayPage</span>
                </div> <!-- method-content -->
              </div> <!-- method -->
              <div class="method">
                <div class="method-content">
                  <a name="verifyAddingTheProductToCartFromProductDisplayPage">
                  </a> <!-- verifyAddingTheProductToCartFromProductDisplayPage -->
                  <span class="method-name">verifyAddingTheProductToCartFromProductDisplayPage</span>
                </div> <!-- method-content -->
              </div> <!-- method -->
              <div class="method">
                <div class="method-content">
                  <a name="verifyAddingTheProductToCartFromSearchResultsPage">
                  </a> <!-- verifyAddingTheProductToCartFromSearchResultsPage -->
                  <span class="method-name">verifyAddingTheProductToCartFromSearchResultsPage</span>
                </div> <!-- method-content -->
              </div> <!-- method -->
              <div class="method">
                <div class="method-content">
                  <a name="verifyAddingTheProductToCartFromSearchResultsPage">
                  </a> <!-- verifyAddingTheProductToCartFromSearchResultsPage -->
                  <span class="method-name">verifyAddingTheProductToCartFromSearchResultsPage</span>
                </div> <!-- method-content -->
              </div> <!-- method -->
              <div class="method">
                <div class="method-content">
                  <a name="verifyAddingTheProductToCartFromTheProductsDisplayedInTheCategoryOrSubcategoryPage">
                  </a> <!-- verifyAddingTheProductToCartFromTheProductsDisplayedInTheCategoryOrSubcategoryPage -->
                  <span class="method-name">verifyAddingTheProductToCartFromTheProductsDisplayedInTheCategoryOrSubcategoryPage</span>
                </div> <!-- method-content -->
              </div> <!-- method -->
              <div class="method">
                <div class="method-content">
                  <a name="verifyAddingTheProductToCartFromTheProductsDisplayedInTheCategoryOrSubcategoryPage">
                  </a> <!-- verifyAddingTheProductToCartFromTheProductsDisplayedInTheCategoryOrSubcategoryPage -->
                  <span class="method-name">verifyAddingTheProductToCartFromTheProductsDisplayedInTheCategoryOrSubcategoryPage</span>
                </div> <!-- method-content -->
              </div> <!-- method -->
              <div class="method">
                <div class="method-content">
                  <a name="verifyAddingTheProductToCartFromWishListPage">
                  </a> <!-- verifyAddingTheProductToCartFromWishListPage -->
                  <span class="method-name">verifyAddingTheProductToCartFromWishListPage</span>
                </div> <!-- method-content -->
              </div> <!-- method -->
              <div class="method">
                <div class="method-content">
                  <a name="verifyAddingTheProductToCartFromWishListPage">
                  </a> <!-- verifyAddingTheProductToCartFromWishListPage -->
                  <span class="method-name">verifyAddingTheProductToCartFromWishListPage</span>
                </div> <!-- method-content -->
              </div> <!-- method -->
              <div class="method">
                <div class="method-content">
                  <a name="verifyingTheProductToCartFromTheRelatedProductsSectionOfTheProductDisplayPage">
                  </a> <!-- verifyingTheProductToCartFromTheRelatedProductsSectionOfTheProductDisplayPage -->
                  <span class="method-name">verifyingTheProductToCartFromTheRelatedProductsSectionOfTheProductDisplayPage</span>
                </div> <!-- method-content -->
              </div> <!-- method -->
              <div class="method">
                <div class="method-content">
                  <a name="verifyingTheProductToCartFromTheRelatedProductsSectionOfTheProductDisplayPage">
                  </a> <!-- verifyingTheProductToCartFromTheRelatedProductsSectionOfTheProductDisplayPage -->
                  <span class="method-name">verifyingTheProductToCartFromTheRelatedProductsSectionOfTheProductDisplayPage</span>
                </div> <!-- method-content -->
              </div> <!-- method -->
            </div> <!-- main-panel-content rounded-window-bottom -->
          </div> <!-- suite-Suite-class-passed -->
          <div class="suite-Suite-class-passed">
            <div class="main-panel-header rounded-window-top">
              <img src="passed.png"/>
              <span class="class-name">web.automation.tests.WishListTests</span>
            </div> <!-- main-panel-header rounded-window-top -->
            <div class="main-panel-content rounded-window-bottom">
              <div class="method">
                <div class="method-content">
                  <a name="VerifyAddingAProductToWishListPageFromTheProductThatIsDisplayedInTheFeaturedSectionOfHomePage">
                  </a> <!-- VerifyAddingAProductToWishListPageFromTheProductThatIsDisplayedInTheFeaturedSectionOfHomePage -->
                  <span class="method-name">VerifyAddingAProductToWishListPageFromTheProductThatIsDisplayedInTheFeaturedSectionOfHomePage</span>
                </div> <!-- method-content -->
              </div> <!-- method -->
              <div class="method">
                <div class="method-content">
                  <a name="VerifyAddingAProductToWishListPageFromTheProductThatIsDisplayedInTheFeaturedSectionOfHomePage">
                  </a> <!-- VerifyAddingAProductToWishListPageFromTheProductThatIsDisplayedInTheFeaturedSectionOfHomePage -->
                  <span class="method-name">VerifyAddingAProductToWishListPageFromTheProductThatIsDisplayedInTheFeaturedSectionOfHomePage</span>
                </div> <!-- method-content -->
              </div> <!-- method -->
              <div class="method">
                <div class="method-content">
                  <a name="VerifyAddingTheProductToWishListFromTheProductsDisplayedInTheCategoryOrSubCategoryPage">
                  </a> <!-- VerifyAddingTheProductToWishListFromTheProductsDisplayedInTheCategoryOrSubCategoryPage -->
                  <span class="method-name">VerifyAddingTheProductToWishListFromTheProductsDisplayedInTheCategoryOrSubCategoryPage</span>
                </div> <!-- method-content -->
              </div> <!-- method -->
              <div class="method">
                <div class="method-content">
                  <a name="VerifyAddingTheProductToWishListFromTheProductsDisplayedInTheCategoryOrSubCategoryPage">
                  </a> <!-- VerifyAddingTheProductToWishListFromTheProductsDisplayedInTheCategoryOrSubCategoryPage -->
                  <span class="method-name">VerifyAddingTheProductToWishListFromTheProductsDisplayedInTheCategoryOrSubCategoryPage</span>
                </div> <!-- method-content -->
              </div> <!-- method -->
              <div class="method">
                <div class="method-content">
                  <a name="verifyAddingAProductToWishListPageFromTheProductThatIsDisplayedInTheRelatedProductsSectionOfProductDisplayPage">
                  </a> <!-- verifyAddingAProductToWishListPageFromTheProductThatIsDisplayedInTheRelatedProductsSectionOfProductDisplayPage -->
                  <span class="method-name">verifyAddingAProductToWishListPageFromTheProductThatIsDisplayedInTheRelatedProductsSectionOfProductDisplayPage</span>
                </div> <!-- method-content -->
              </div> <!-- method -->
              <div class="method">
                <div class="method-content">
                  <a name="verifyAddingAProductToWishListPageFromTheProductThatIsDisplayedInTheRelatedProductsSectionOfProductDisplayPage">
                  </a> <!-- verifyAddingAProductToWishListPageFromTheProductThatIsDisplayedInTheRelatedProductsSectionOfProductDisplayPage -->
                  <span class="method-name">verifyAddingAProductToWishListPageFromTheProductThatIsDisplayedInTheRelatedProductsSectionOfProductDisplayPage</span>
                </div> <!-- method-content -->
              </div> <!-- method -->
              <div class="method">
                <div class="method-content">
                  <a name="verifyNavigatingToMyWishListPageFromTheFooteroptions">
                  </a> <!-- verifyNavigatingToMyWishListPageFromTheFooteroptions -->
                  <span class="method-name">verifyNavigatingToMyWishListPageFromTheFooteroptions</span>
                </div> <!-- method-content -->
              </div> <!-- method -->
            </div> <!-- main-panel-content rounded-window-bottom -->
          </div> <!-- suite-Suite-class-passed -->
          <div class="suite-Suite-class-passed">
            <div class="main-panel-header rounded-window-top">
              <img src="passed.png"/>
              <span class="class-name">web.automation.tests.LoginPageTests</span>
            </div> <!-- main-panel-header rounded-window-top -->
            <div class="main-panel-content rounded-window-bottom">
              <div class="method">
                <div class="method-content">
                  <a name="loginUserWithValidCredentials">
                  </a> <!-- loginUserWithValidCredentials -->
                  <span class="method-name">loginUserWithValidCredentials</span>
                </div> <!-- method-content -->
              </div> <!-- method -->
              <div class="method">
                <div class="method-content">
                  <a name="loginUserWithValidCredentials">
                  </a> <!-- loginUserWithValidCredentials -->
                  <span class="method-name">loginUserWithValidCredentials</span>
                </div> <!-- method-content -->
              </div> <!-- method -->
            </div> <!-- main-panel-content rounded-window-bottom -->
          </div> <!-- suite-Suite-class-passed -->
        </div> <!-- panel Suite -->
        <div panel-name="test-xml-Suite" class="panel">
          <div class="main-panel-header rounded-window-top">
            <span class="header-content">D:\Local-Repository\TestNGAutomationProject\src\test\resources\testng.xml</span>
          </div> <!-- main-panel-header rounded-window-top -->
          <div class="main-panel-content rounded-window-bottom">
            <pre>
&lt;?xml version=&quot;1.0&quot; encoding=&quot;UTF-8&quot;?&gt;
&lt;!DOCTYPE suite SYSTEM &quot;https://testng.org/testng-1.0.dtd&quot;&gt;
&lt;suite thread-count=&quot;1&quot; parallel=&quot;tests&quot; name=&quot;Suite&quot; guice-stage=&quot;DEVELOPMENT&quot;&gt;
  &lt;listeners&gt;
    &lt;listener class-name=&quot;com.aventstack.chaintest.plugins.ChainTestListener&quot;/&gt;
  &lt;/listeners&gt;
  &lt;test thread-count=&quot;1&quot; parallel=&quot;tests&quot; name=&quot;ChromeTest&quot;&gt;
    &lt;parameter name=&quot;browser&quot; value=&quot;chrome&quot;/&gt;
    &lt;classes&gt;
      &lt;class name=&quot;web.automation.tests.LoginPageTests&quot;/&gt;
      &lt;class name=&quot;web.automation.tests.AddToCartTests&quot;/&gt;
      &lt;class name=&quot;web.automation.tests.WishListTests&quot;/&gt;
    &lt;/classes&gt;
  &lt;/test&gt; &lt;!-- ChromeTest --&gt;
  &lt;test thread-count=&quot;1&quot; parallel=&quot;tests&quot; name=&quot;EdgeTest&quot;&gt;
    &lt;parameter name=&quot;browser&quot; value=&quot;edge&quot;/&gt;
    &lt;classes&gt;
      &lt;class name=&quot;web.automation.tests.LoginPageTests&quot;/&gt;
      &lt;class name=&quot;web.automation.tests.AddToCartTests&quot;/&gt;
      &lt;class name=&quot;web.automation.tests.WishListTests&quot;/&gt;
    &lt;/classes&gt;
  &lt;/test&gt; &lt;!-- EdgeTest --&gt;
&lt;/suite&gt; &lt;!-- Suite --&gt;
            </pre>
          </div> <!-- main-panel-content rounded-window-bottom -->
        </div> <!-- panel -->
        <div panel-name="testlist-Suite" class="panel">
          <div class="main-panel-header rounded-window-top">
            <span class="header-content">Tests for Suite</span>
          </div> <!-- main-panel-header rounded-window-top -->
          <div class="main-panel-content rounded-window-bottom">
            <ul>
              <li>
                <span class="test-name">ChromeTest (3 classes)</span>
              </li>
              <li>
                <span class="test-name">EdgeTest (3 classes)</span>
              </li>
            </ul>
          </div> <!-- main-panel-content rounded-window-bottom -->
        </div> <!-- panel -->
        <div panel-name="group-Suite" class="panel">
          <div class="main-panel-header rounded-window-top">
            <span class="header-content">Groups for Suite</span>
          </div> <!-- main-panel-header rounded-window-top -->
          <div class="main-panel-content rounded-window-bottom">
            <div class="test-group">
              <span class="test-group-name">AddToCartPage</span>
              <br/>
              <div class="method-in-group">
                <span class="method-in-group-name">verifyAddingTheProductToCartFromProductComparisonPage</span>
                <br/>
              </div> <!-- method-in-group -->
              <div class="method-in-group">
                <span class="method-in-group-name">verifyAddingTheProductToCartFromProductDisplayPage</span>
                <br/>
              </div> <!-- method-in-group -->
              <div class="method-in-group">
                <span class="method-in-group-name">verifyAddingTheProductToCartFromSearchResultsPage</span>
                <br/>
              </div> <!-- method-in-group -->
              <div class="method-in-group">
                <span class="method-in-group-name">verifyAddingTheProductToCartFromTheProductsDisplayedInTheCategoryOrSubcategoryPage</span>
                <br/>
              </div> <!-- method-in-group -->
              <div class="method-in-group">
                <span class="method-in-group-name">verifyAddingTheProductToCartFromWishListPage</span>
                <br/>
              </div> <!-- method-in-group -->
              <div class="method-in-group">
                <span class="method-in-group-name">verifyingTheProductToCartFromTheRelatedProductsSectionOfTheProductDisplayPage</span>
                <br/>
              </div> <!-- method-in-group -->
            </div> <!-- test-group -->
            <div class="test-group">
              <span class="test-group-name">LoginPage</span>
              <br/>
              <div class="method-in-group">
                <span class="method-in-group-name">loginUserWithValidCredentials</span>
                <br/>
              </div> <!-- method-in-group -->
            </div> <!-- test-group -->
            <div class="test-group">
              <span class="test-group-name">WishListPage</span>
              <br/>
              <div class="method-in-group">
                <span class="method-in-group-name">VerifyAddingAProductToWishListPageFromTheProductThatIsDisplayedInTheFeaturedSectionOfHomePage</span>
                <br/>
              </div> <!-- method-in-group -->
              <div class="method-in-group">
                <span class="method-in-group-name">VerifyAddingTheProductToWishListFromTheProductsDisplayedInTheCategoryOrSubCategoryPage</span>
                <br/>
              </div> <!-- method-in-group -->
              <div class="method-in-group">
                <span class="method-in-group-name">verifyAddingAProductToWishListPageFromTheProductThatIsDisplayedInTheRelatedProductsSectionOfProductDisplayPage</span>
                <br/>
              </div> <!-- method-in-group -->
              <div class="method-in-group">
                <span class="method-in-group-name">verifyAddingAProductToWishListPageFromTheSearchResultsPage</span>
                <br/>
              </div> <!-- method-in-group -->
              <div class="method-in-group">
                <span class="method-in-group-name">verifyNavigatingToMyWishListPageFromTheFooteroptions</span>
                <br/>
              </div> <!-- method-in-group -->
              <div class="method-in-group">
                <span class="method-in-group-name">verifyNavigatingToMyWishListPageUsingTheWishListHeaderOption</span>
                <br/>
              </div> <!-- method-in-group -->
            </div> <!-- test-group -->
          </div> <!-- main-panel-content rounded-window-bottom -->
        </div> <!-- panel -->
        <div panel-name="times-Suite" class="panel">
          <div class="main-panel-header rounded-window-top">
            <span class="header-content">Times for Suite</span>
          </div> <!-- main-panel-header rounded-window-top -->
          <div class="main-panel-content rounded-window-bottom">
            <div class="times-div">
              <script type="text/javascript">
suiteTableInitFunctions.push('tableData_Suite');
function tableData_Suite() {
var data = new google.visualization.DataTable();
data.addColumn('number', 'Number');
data.addColumn('string', 'Method');
data.addColumn('string', 'Class');
data.addColumn('number', 'Time (ms)');
data.addRows(26);
data.setCell(0, 0, 0)
data.setCell(0, 1, 'verifyNavigatingToMyWishListPageFromTheFooteroptions')
data.setCell(0, 2, 'web.automation.tests.WishListTests')
data.setCell(0, 3, 9338);
data.setCell(1, 0, 1)
data.setCell(1, 1, 'verifyNavigatingToMyWishListPageUsingTheWishListHeaderOption')
data.setCell(1, 2, 'web.automation.tests.WishListTests')
data.setCell(1, 3, 9168);
data.setCell(2, 0, 2)
data.setCell(2, 1, 'VerifyAddingTheProductToWishListFromTheProductsDisplayedInTheCategoryOrSubCategoryPage')
data.setCell(2, 2, 'web.automation.tests.WishListTests')
data.setCell(2, 3, 7900);
data.setCell(3, 0, 3)
data.setCell(3, 1, 'verifyAddingAProductToWishListPageFromTheProductThatIsDisplayedInTheRelatedProductsSectionOfProductDisplayPage')
data.setCell(3, 2, 'web.automation.tests.WishListTests')
data.setCell(3, 3, 7608);
data.setCell(4, 0, 4)
data.setCell(4, 1, 'verifyAddingAProductToWishListPageFromTheProductThatIsDisplayedInTheRelatedProductsSectionOfProductDisplayPage')
data.setCell(4, 2, 'web.automation.tests.WishListTests')
data.setCell(4, 3, 7586);
data.setCell(5, 0, 5)
data.setCell(5, 1, 'VerifyAddingTheProductToWishListFromTheProductsDisplayedInTheCategoryOrSubCategoryPage')
data.setCell(5, 2, 'web.automation.tests.WishListTests')
data.setCell(5, 3, 6930);
data.setCell(6, 0, 6)
data.setCell(6, 1, 'VerifyAddingAProductToWishListPageFromTheProductThatIsDisplayedInTheFeaturedSectionOfHomePage')
data.setCell(6, 2, 'web.automation.tests.WishListTests')
data.setCell(6, 3, 6418);
data.setCell(7, 0, 7)
data.setCell(7, 1, 'VerifyAddingAProductToWishListPageFromTheProductThatIsDisplayedInTheFeaturedSectionOfHomePage')
data.setCell(7, 2, 'web.automation.tests.WishListTests')
data.setCell(7, 3, 6357);
data.setCell(8, 0, 8)
data.setCell(8, 1, 'verifyNavigatingToMyWishListPageFromTheFooteroptions')
data.setCell(8, 2, 'web.automation.tests.WishListTests')
data.setCell(8, 3, 4668);
data.setCell(9, 0, 9)
data.setCell(9, 1, 'verifyAddingTheProductToCartFromWishListPage')
data.setCell(9, 2, 'web.automation.tests.AddToCartTests')
data.setCell(9, 3, 3579);
data.setCell(10, 0, 10)
data.setCell(10, 1, 'verifyAddingTheProductToCartFromWishListPage')
data.setCell(10, 2, 'web.automation.tests.AddToCartTests')
data.setCell(10, 3, 3413);
data.setCell(11, 0, 11)
data.setCell(11, 1, 'verifyAddingTheProductToCartFromSearchResultsPage')
data.setCell(11, 2, 'web.automation.tests.AddToCartTests')
data.setCell(11, 3, 3020);
data.setCell(12, 0, 12)
data.setCell(12, 1, 'verifyAddingTheProductToCartFromSearchResultsPage')
data.setCell(12, 2, 'web.automation.tests.AddToCartTests')
data.setCell(12, 3, 2838);
data.setCell(13, 0, 13)
data.setCell(13, 1, 'loginUserWithValidCredentials')
data.setCell(13, 2, 'web.automation.tests.LoginPageTests')
data.setCell(13, 3, 1739);
data.setCell(14, 0, 14)
data.setCell(14, 1, 'verifyAddingAProductToWishListPageFromTheSearchResultsPage')
data.setCell(14, 2, 'web.automation.tests.WishListTests')
data.setCell(14, 3, 1670);
data.setCell(15, 0, 15)
data.setCell(15, 1, 'verifyAddingTheProductToCartFromTheProductsDisplayedInTheCategoryOrSubcategoryPage')
data.setCell(15, 2, 'web.automation.tests.AddToCartTests')
data.setCell(15, 3, 1641);
data.setCell(16, 0, 16)
data.setCell(16, 1, 'loginUserWithValidCredentials')
data.setCell(16, 2, 'web.automation.tests.LoginPageTests')
data.setCell(16, 3, 1536);
data.setCell(17, 0, 17)
data.setCell(17, 1, 'verifyNavigatingToMyWishListPageUsingTheWishListHeaderOption')
data.setCell(17, 2, 'web.automation.tests.WishListTests')
data.setCell(17, 3, 1516);
data.setCell(18, 0, 18)
data.setCell(18, 1, 'verifyAddingAProductToWishListPageFromTheSearchResultsPage')
data.setCell(18, 2, 'web.automation.tests.WishListTests')
data.setCell(18, 3, 1410);
data.setCell(19, 0, 19)
data.setCell(19, 1, 'verifyingTheProductToCartFromTheRelatedProductsSectionOfTheProductDisplayPage')
data.setCell(19, 2, 'web.automation.tests.AddToCartTests')
data.setCell(19, 3, 1409);
data.setCell(20, 0, 20)
data.setCell(20, 1, 'verifyAddingTheProductToCartFromTheProductsDisplayedInTheCategoryOrSubcategoryPage')
data.setCell(20, 2, 'web.automation.tests.AddToCartTests')
data.setCell(20, 3, 1374);
data.setCell(21, 0, 21)
data.setCell(21, 1, 'verifyAddingTheProductToCartFromProductComparisonPage')
data.setCell(21, 2, 'web.automation.tests.AddToCartTests')
data.setCell(21, 3, 1252);
data.setCell(22, 0, 22)
data.setCell(22, 1, 'verifyAddingTheProductToCartFromProductComparisonPage')
data.setCell(22, 2, 'web.automation.tests.AddToCartTests')
data.setCell(22, 3, 1243);
data.setCell(23, 0, 23)
data.setCell(23, 1, 'verifyingTheProductToCartFromTheRelatedProductsSectionOfTheProductDisplayPage')
data.setCell(23, 2, 'web.automation.tests.AddToCartTests')
data.setCell(23, 3, 1227);
data.setCell(24, 0, 24)
data.setCell(24, 1, 'verifyAddingTheProductToCartFromProductDisplayPage')
data.setCell(24, 2, 'web.automation.tests.AddToCartTests')
data.setCell(24, 3, 1084);
data.setCell(25, 0, 25)
data.setCell(25, 1, 'verifyAddingTheProductToCartFromProductDisplayPage')
data.setCell(25, 2, 'web.automation.tests.AddToCartTests')
data.setCell(25, 3, 1022);
window.suiteTableData['Suite']= { tableData: data, tableDiv: 'times-div-Suite'}
return data;
}
              </script>
              <span class="suite-total-time">Total running time: 1 minutes</span>
              <div id="times-div-Suite">
              </div> <!-- times-div-Suite -->
            </div> <!-- times-div -->
          </div> <!-- main-panel-content rounded-window-bottom -->
        </div> <!-- panel -->
        <div panel-name="reporter-Suite" class="panel">
          <div class="main-panel-header rounded-window-top">
            <span class="header-content">Reporter output for Suite</span>
          </div> <!-- main-panel-header rounded-window-top -->
          <div class="main-panel-content rounded-window-bottom">
          </div> <!-- main-panel-content rounded-window-bottom -->
        </div> <!-- panel -->
        <div panel-name="ignored-methods-Suite" class="panel">
          <div class="main-panel-header rounded-window-top">
            <span class="header-content">6 ignored methods</span>
          </div> <!-- main-panel-header rounded-window-top -->
          <div class="main-panel-content rounded-window-bottom">
            <div class="ignored-class-div">
              <span class="ignored-class-name">web.automation.tests.AddToCartTests</span>
              <div class="ignored-methods-div">
                <span class="ignored-method-name">verifyAddingTheProductToCartFromTheProductsDisplayedInTheFeaturedSectionOfHomePage</span>
                <br/>
                <span class="ignored-method-name">verifyAddingTheProductToCartFromTheProductsDisplayedInTheFeaturedSectionOfHomePage</span>
                <br/>
              </div> <!-- ignored-methods-div -->
            </div> <!-- ignored-class-div -->
            <div class="ignored-class-div">
              <span class="ignored-class-name">web.automation.tests.WishListTests</span>
              <div class="ignored-methods-div">
                <span class="ignored-method-name">verifyNavigatingToMyWishListPageUsingTheRightColumnHeaderOptions</span>
                <br/>
                <span class="ignored-method-name">verifyNavigatingToMyWishListPageFromTheMyAccountPage</span>
                <br/>
                <span class="ignored-method-name">verifyNavigatingToMyWishListPageFromTheMyAccountPage</span>
                <br/>
                <span class="ignored-method-name">verifyNavigatingToMyWishListPageUsingTheRightColumnHeaderOptions</span>
                <br/>
              </div> <!-- ignored-methods-div -->
            </div> <!-- ignored-class-div -->
          </div> <!-- main-panel-content rounded-window-bottom -->
        </div> <!-- panel -->
        <div panel-name="chronological-Suite" class="panel">
          <div class="main-panel-header rounded-window-top">
            <span class="header-content">Methods in chronological order</span>
          </div> <!-- main-panel-header rounded-window-top -->
          <div class="main-panel-content rounded-window-bottom">
            <div class="chronological-class">
              <div class="chronological-class-name">web.automation.tests.LoginPageTests</div> <!-- chronological-class-name -->
              <div class="configuration-method before">
                <span class="method-name">initiateDriver</span>
                <span class="method-start">0 ms</span>
              </div> <!-- configuration-method before -->
              <div class="test-method">
                <span class="method-name">loginUserWithValidCredentials</span>
                <span class="method-start">3385 ms</span>
              </div> <!-- test-method -->
              <div class="configuration-method after">
                <span class="method-name">quitDriver([TestResult name=loginUserWithValidCredentials status=SUCCESS method=LoginPageTests.loginUserWithVal...)</span>
                <span class="method-start">4923 ms</span>
              </div> <!-- configuration-method after -->
            </div> <!-- chronological-class -->
            <div class="chronological-class">
              <div class="chronological-class-name">web.automation.tests.WishListTests</div> <!-- chronological-class-name -->
              <div class="configuration-method before">
                <span class="method-name">initiateDriver</span>
                <span class="method-start">5127 ms</span>
              </div> <!-- configuration-method before -->
              <div class="test-method">
                <span class="method-name">verifyAddingAProductToWishListPageFromTheProductThatIsDisplayedInTheRelatedProductsSectionOfProductDisplayPage</span>
                <span class="method-start">7005 ms</span>
              </div> <!-- test-method -->
              <div class="configuration-method after">
                <span class="method-name">quitDriver([TestResult name=verifyAddingAProductToWishListPageFromTheProductThatIsDisplayedInTheRelatedProducts...)</span>
                <span class="method-start">14615 ms</span>
              </div> <!-- configuration-method after -->
            </div> <!-- chronological-class -->
            <div class="chronological-class">
              <div class="chronological-class-name">web.automation.tests.AddToCartTests</div> <!-- chronological-class-name -->
              <div class="configuration-method before">
                <span class="method-name">initiateDriver</span>
                <span class="method-start">14799 ms</span>
              </div> <!-- configuration-method before -->
              <div class="test-method">
                <span class="method-name">verifyAddingTheProductToCartFromProductDisplayPage</span>
                <span class="method-start">16474 ms</span>
              </div> <!-- test-method -->
              <div class="configuration-method after">
                <span class="method-name">quitDriver([TestResult name=verifyAddingTheProductToCartFromProductDisplayPage status=SUCCESS method=AddToCartT...)</span>
                <span class="method-start">17561 ms</span>
              </div> <!-- configuration-method after -->
            </div> <!-- chronological-class -->
            <div class="chronological-class">
              <div class="chronological-class-name">web.automation.tests.WishListTests</div> <!-- chronological-class-name -->
              <div class="configuration-method before">
                <span class="method-name">initiateDriver</span>
                <span class="method-start">17735 ms</span>
              </div> <!-- configuration-method before -->
              <div class="test-method">
                <span class="method-name">VerifyAddingAProductToWishListPageFromTheProductThatIsDisplayedInTheFeaturedSectionOfHomePage</span>
                <span class="method-start">19456 ms</span>
              </div> <!-- test-method -->
              <div class="configuration-method after">
                <span class="method-name">quitDriver([TestResult name=VerifyAddingAProductToWishListPageFromTheProductThatIsDisplayedInTheFeaturedSection...)</span>
                <span class="method-start">25878 ms</span>
              </div> <!-- configuration-method after -->
            </div> <!-- chronological-class -->
            <div class="chronological-class">
              <div class="chronological-class-name">web.automation.tests.AddToCartTests</div> <!-- chronological-class-name -->
              <div class="configuration-method before">
                <span class="method-name">initiateDriver</span>
                <span class="method-start">26037 ms</span>
              </div> <!-- configuration-method before -->
              <div class="test-method">
                <span class="method-name">verifyAddingTheProductToCartFromWishListPage</span>
                <span class="method-start">27707 ms</span>
              </div> <!-- test-method -->
              <div class="configuration-method after">
                <span class="method-name">quitDriver([TestResult name=verifyAddingTheProductToCartFromWishListPage status=SUCCESS method=AddToCartTests.v...)</span>
                <span class="method-start">31288 ms</span>
              </div> <!-- configuration-method after -->
            </div> <!-- chronological-class -->
            <div class="chronological-class">
              <div class="chronological-class-name">web.automation.tests.WishListTests</div> <!-- chronological-class-name -->
              <div class="configuration-method before">
                <span class="method-name">initiateDriver</span>
                <span class="method-start">31468 ms</span>
              </div> <!-- configuration-method before -->
              <div class="test-method">
                <span class="method-name">VerifyAddingTheProductToWishListFromTheProductsDisplayedInTheCategoryOrSubCategoryPage</span>
                <span class="method-start">33143 ms</span>
              </div> <!-- test-method -->
              <div class="configuration-method after">
                <span class="method-name">quitDriver([TestResult name=VerifyAddingTheProductToWishListFromTheProductsDisplayedInTheCategoryOrSubCategoryP...)</span>
                <span class="method-start">40075 ms</span>
              </div> <!-- configuration-method after -->
            </div> <!-- chronological-class -->
            <div class="chronological-class">
              <div class="chronological-class-name">web.automation.tests.AddToCartTests</div> <!-- chronological-class-name -->
              <div class="configuration-method before">
                <span class="method-name">initiateDriver</span>
                <span class="method-start">40266 ms</span>
              </div> <!-- configuration-method before -->
              <div class="test-method">
                <span class="method-name">verifyAddingTheProductToCartFromSearchResultsPage</span>
                <span class="method-start">41921 ms</span>
              </div> <!-- test-method -->
              <div class="configuration-method after">
                <span class="method-name">quitDriver([TestResult name=verifyAddingTheProductToCartFromSearchResultsPage status=SUCCESS method=AddToCartTe...)</span>
                <span class="method-start">44943 ms</span>
              </div> <!-- configuration-method after -->
            </div> <!-- chronological-class -->
            <div class="chronological-class">
              <div class="chronological-class-name">web.automation.tests.WishListTests</div> <!-- chronological-class-name -->
              <div class="configuration-method before">
                <span class="method-name">initiateDriver</span>
                <span class="method-start">45148 ms</span>
              </div> <!-- configuration-method before -->
              <div class="test-method">
                <img src="failed.png">
                </img>
                <span class="method-name">verifyAddingAProductToWishListPageFromTheSearchResultsPage</span>
                <span class="method-start">46869 ms</span>
              </div> <!-- test-method -->
              <div class="configuration-method after">
                <span class="method-name">quitDriver([TestResult name=verifyAddingAProductToWishListPageFromTheSearchResultsPage status=FAILURE method=Wi...)</span>
                <span class="method-start">48284 ms</span>
              </div> <!-- configuration-method after -->
            </div> <!-- chronological-class -->
            <div class="chronological-class">
              <div class="chronological-class-name">web.automation.tests.AddToCartTests</div> <!-- chronological-class-name -->
              <div class="configuration-method before">
                <span class="method-name">initiateDriver</span>
                <span class="method-start">48919 ms</span>
              </div> <!-- configuration-method before -->
              <div class="test-method">
                <span class="method-name">verifyingTheProductToCartFromTheRelatedProductsSectionOfTheProductDisplayPage</span>
                <span class="method-start">50627 ms</span>
              </div> <!-- test-method -->
              <div class="configuration-method after">
                <span class="method-name">quitDriver([TestResult name=verifyingTheProductToCartFromTheRelatedProductsSectionOfTheProductDisplayPage statu...)</span>
                <span class="method-start">51855 ms</span>
              </div> <!-- configuration-method after -->
              <div class="configuration-method before">
                <span class="method-name">initiateDriver</span>
                <span class="method-start">52040 ms</span>
              </div> <!-- configuration-method before -->
              <div class="test-method">
                <span class="method-name">verifyAddingTheProductToCartFromTheProductsDisplayedInTheCategoryOrSubcategoryPage</span>
                <span class="method-start">53817 ms</span>
              </div> <!-- test-method -->
              <div class="configuration-method after">
                <span class="method-name">quitDriver([TestResult name=verifyAddingTheProductToCartFromTheProductsDisplayedInTheCategoryOrSubcategoryPage ...)</span>
                <span class="method-start">55192 ms</span>
              </div> <!-- configuration-method after -->
            </div> <!-- chronological-class -->
            <div class="chronological-class">
              <div class="chronological-class-name">web.automation.tests.WishListTests</div> <!-- chronological-class-name -->
              <div class="configuration-method before">
                <span class="method-name">initiateDriver</span>
                <span class="method-start">55363 ms</span>
              </div> <!-- configuration-method before -->
              <div class="test-method">
                <img src="failed.png">
                </img>
                <span class="method-name">verifyNavigatingToMyWishListPageUsingTheWishListHeaderOption</span>
                <span class="method-start">57060 ms</span>
              </div> <!-- test-method -->
              <div class="configuration-method after">
                <span class="method-name">quitDriver([TestResult name=verifyNavigatingToMyWishListPageUsingTheWishListHeaderOption status=FAILURE method=...)</span>
                <span class="method-start">66230 ms</span>
              </div> <!-- configuration-method after -->
            </div> <!-- chronological-class -->
            <div class="chronological-class">
              <div class="chronological-class-name">web.automation.tests.AddToCartTests</div> <!-- chronological-class-name -->
              <div class="configuration-method before">
                <span class="method-name">initiateDriver</span>
                <span class="method-start">66535 ms</span>
              </div> <!-- configuration-method before -->
              <div class="test-method">
                <span class="method-name">verifyAddingTheProductToCartFromProductComparisonPage</span>
                <span class="method-start">68307 ms</span>
              </div> <!-- test-method -->
              <div class="configuration-method after">
                <span class="method-name">quitDriver([TestResult name=verifyAddingTheProductToCartFromProductComparisonPage status=SUCCESS method=AddToCa...)</span>
                <span class="method-start">69551 ms</span>
              </div> <!-- configuration-method after -->
            </div> <!-- chronological-class -->
            <div class="chronological-class">
              <div class="chronological-class-name">web.automation.tests.WishListTests</div> <!-- chronological-class-name -->
              <div class="configuration-method before">
                <span class="method-name">initiateDriver</span>
                <span class="method-start">69719 ms</span>
              </div> <!-- configuration-method before -->
              <div class="test-method">
                <span class="method-name">verifyNavigatingToMyWishListPageFromTheFooteroptions</span>
                <span class="method-start">71339 ms</span>
              </div> <!-- test-method -->
              <div class="configuration-method after">
                <span class="method-name">quitDriver([TestResult name=verifyNavigatingToMyWishListPageFromTheFooteroptions status=SUCCESS method=WishList...)</span>
                <span class="method-start">76008 ms</span>
              </div> <!-- configuration-method after -->
            </div> <!-- chronological-class -->
            <div class="chronological-class">
              <div class="chronological-class-name">web.automation.tests.LoginPageTests</div> <!-- chronological-class-name -->
              <div class="configuration-method before">
                <span class="method-name">initiateDriver</span>
                <span class="method-start">76305 ms</span>
              </div> <!-- configuration-method before -->
              <div class="test-method">
                <span class="method-name">loginUserWithValidCredentials</span>
                <span class="method-start">78132 ms</span>
              </div> <!-- test-method -->
              <div class="configuration-method after">
                <span class="method-name">quitDriver([TestResult name=loginUserWithValidCredentials status=SUCCESS method=LoginPageTests.loginUserWithVal...)</span>
                <span class="method-start">79871 ms</span>
              </div> <!-- configuration-method after -->
            </div> <!-- chronological-class -->
            <div class="chronological-class">
              <div class="chronological-class-name">web.automation.tests.WishListTests</div> <!-- chronological-class-name -->
              <div class="configuration-method before">
                <span class="method-name">initiateDriver</span>
                <span class="method-start">80054 ms</span>
              </div> <!-- configuration-method before -->
              <div class="test-method">
                <span class="method-name">verifyAddingAProductToWishListPageFromTheProductThatIsDisplayedInTheRelatedProductsSectionOfProductDisplayPage</span>
                <span class="method-start">81738 ms</span>
              </div> <!-- test-method -->
              <div class="configuration-method after">
                <span class="method-name">quitDriver([TestResult name=verifyAddingAProductToWishListPageFromTheProductThatIsDisplayedInTheRelatedProducts...)</span>
                <span class="method-start">89325 ms</span>
              </div> <!-- configuration-method after -->
            </div> <!-- chronological-class -->
            <div class="chronological-class">
              <div class="chronological-class-name">web.automation.tests.AddToCartTests</div> <!-- chronological-class-name -->
              <div class="configuration-method before">
                <span class="method-name">initiateDriver</span>
                <span class="method-start">89529 ms</span>
              </div> <!-- configuration-method before -->
              <div class="test-method">
                <span class="method-name">verifyAddingTheProductToCartFromProductDisplayPage</span>
                <span class="method-start">91239 ms</span>
              </div> <!-- test-method -->
              <div class="configuration-method after">
                <span class="method-name">quitDriver([TestResult name=verifyAddingTheProductToCartFromProductDisplayPage status=SUCCESS method=AddToCartT...)</span>
                <span class="method-start">92262 ms</span>
              </div> <!-- configuration-method after -->
            </div> <!-- chronological-class -->
            <div class="chronological-class">
              <div class="chronological-class-name">web.automation.tests.WishListTests</div> <!-- chronological-class-name -->
              <div class="configuration-method before">
                <span class="method-name">initiateDriver</span>
                <span class="method-start">92428 ms</span>
              </div> <!-- configuration-method before -->
              <div class="test-method">
                <span class="method-name">VerifyAddingAProductToWishListPageFromTheProductThatIsDisplayedInTheFeaturedSectionOfHomePage</span>
                <span class="method-start">94189 ms</span>
              </div> <!-- test-method -->
              <div class="configuration-method after">
                <span class="method-name">quitDriver([TestResult name=VerifyAddingAProductToWishListPageFromTheProductThatIsDisplayedInTheFeaturedSection...)</span>
                <span class="method-start">100547 ms</span>
              </div> <!-- configuration-method after -->
            </div> <!-- chronological-class -->
            <div class="chronological-class">
              <div class="chronological-class-name">web.automation.tests.AddToCartTests</div> <!-- chronological-class-name -->
              <div class="configuration-method before">
                <span class="method-name">initiateDriver</span>
                <span class="method-start">100711 ms</span>
              </div> <!-- configuration-method before -->
              <div class="test-method">
                <span class="method-name">verifyAddingTheProductToCartFromWishListPage</span>
                <span class="method-start">102369 ms</span>
              </div> <!-- test-method -->
              <div class="configuration-method after">
                <span class="method-name">quitDriver([TestResult name=verifyAddingTheProductToCartFromWishListPage status=SUCCESS method=AddToCartTests.v...)</span>
                <span class="method-start">105783 ms</span>
              </div> <!-- configuration-method after -->
            </div> <!-- chronological-class -->
            <div class="chronological-class">
              <div class="chronological-class-name">web.automation.tests.WishListTests</div> <!-- chronological-class-name -->
              <div class="configuration-method before">
                <span class="method-name">initiateDriver</span>
                <span class="method-start">105952 ms</span>
              </div> <!-- configuration-method before -->
              <div class="test-method">
                <span class="method-name">VerifyAddingTheProductToWishListFromTheProductsDisplayedInTheCategoryOrSubCategoryPage</span>
                <span class="method-start">107569 ms</span>
              </div> <!-- test-method -->
              <div class="configuration-method after">
                <span class="method-name">quitDriver([TestResult name=VerifyAddingTheProductToWishListFromTheProductsDisplayedInTheCategoryOrSubCategoryP...)</span>
                <span class="method-start">115470 ms</span>
              </div> <!-- configuration-method after -->
            </div> <!-- chronological-class -->
            <div class="chronological-class">
              <div class="chronological-class-name">web.automation.tests.AddToCartTests</div> <!-- chronological-class-name -->
              <div class="configuration-method before">
                <span class="method-name">initiateDriver</span>
                <span class="method-start">115674 ms</span>
              </div> <!-- configuration-method before -->
              <div class="test-method">
                <span class="method-name">verifyAddingTheProductToCartFromSearchResultsPage</span>
                <span class="method-start">117395 ms</span>
              </div> <!-- test-method -->
              <div class="configuration-method after">
                <span class="method-name">quitDriver([TestResult name=verifyAddingTheProductToCartFromSearchResultsPage status=SUCCESS method=AddToCartTe...)</span>
                <span class="method-start">120234 ms</span>
              </div> <!-- configuration-method after -->
            </div> <!-- chronological-class -->
            <div class="chronological-class">
              <div class="chronological-class-name">web.automation.tests.WishListTests</div> <!-- chronological-class-name -->
              <div class="configuration-method before">
                <span class="method-name">initiateDriver</span>
                <span class="method-start">120437 ms</span>
              </div> <!-- configuration-method before -->
              <div class="test-method">
                <img src="failed.png">
                </img>
                <span class="method-name">verifyAddingAProductToWishListPageFromTheSearchResultsPage</span>
                <span class="method-start">122078 ms</span>
              </div> <!-- test-method -->
              <div class="configuration-method after">
                <span class="method-name">quitDriver([TestResult name=verifyAddingAProductToWishListPageFromTheSearchResultsPage status=FAILURE method=Wi...)</span>
                <span class="method-start">123749 ms</span>
              </div> <!-- configuration-method after -->
            </div> <!-- chronological-class -->
            <div class="chronological-class">
              <div class="chronological-class-name">web.automation.tests.AddToCartTests</div> <!-- chronological-class-name -->
              <div class="configuration-method before">
                <span class="method-name">initiateDriver</span>
                <span class="method-start">124039 ms</span>
              </div> <!-- configuration-method before -->
              <div class="test-method">
                <span class="method-name">verifyingTheProductToCartFromTheRelatedProductsSectionOfTheProductDisplayPage</span>
                <span class="method-start">125854 ms</span>
              </div> <!-- test-method -->
              <div class="configuration-method after">
                <span class="method-name">quitDriver([TestResult name=verifyingTheProductToCartFromTheRelatedProductsSectionOfTheProductDisplayPage statu...)</span>
                <span class="method-start">127264 ms</span>
              </div> <!-- configuration-method after -->
              <div class="configuration-method before">
                <span class="method-name">initiateDriver</span>
                <span class="method-start">127449 ms</span>
              </div> <!-- configuration-method before -->
              <div class="test-method">
                <span class="method-name">verifyAddingTheProductToCartFromTheProductsDisplayedInTheCategoryOrSubcategoryPage</span>
                <span class="method-start">129323 ms</span>
              </div> <!-- test-method -->
              <div class="configuration-method after">
                <span class="method-name">quitDriver([TestResult name=verifyAddingTheProductToCartFromTheProductsDisplayedInTheCategoryOrSubcategoryPage ...)</span>
                <span class="method-start">130964 ms</span>
              </div> <!-- configuration-method after -->
            </div> <!-- chronological-class -->
            <div class="chronological-class">
              <div class="chronological-class-name">web.automation.tests.WishListTests</div> <!-- chronological-class-name -->
              <div class="configuration-method before">
                <span class="method-name">initiateDriver</span>
                <span class="method-start">131135 ms</span>
              </div> <!-- configuration-method before -->
              <div class="test-method">
                <img src="failed.png">
                </img>
                <span class="method-name">verifyNavigatingToMyWishListPageUsingTheWishListHeaderOption</span>
                <span class="method-start">132827 ms</span>
              </div> <!-- test-method -->
              <div class="configuration-method after">
                <span class="method-name">quitDriver([TestResult name=verifyNavigatingToMyWishListPageUsingTheWishListHeaderOption status=FAILURE method=...)</span>
                <span class="method-start">134345 ms</span>
              </div> <!-- configuration-method after -->
            </div> <!-- chronological-class -->
            <div class="chronological-class">
              <div class="chronological-class-name">web.automation.tests.AddToCartTests</div> <!-- chronological-class-name -->
              <div class="configuration-method before">
                <span class="method-name">initiateDriver</span>
                <span class="method-start">134659 ms</span>
              </div> <!-- configuration-method before -->
              <div class="test-method">
                <span class="method-name">verifyAddingTheProductToCartFromProductComparisonPage</span>
                <span class="method-start">136336 ms</span>
              </div> <!-- test-method -->
              <div class="configuration-method after">
                <span class="method-name">quitDriver([TestResult name=verifyAddingTheProductToCartFromProductComparisonPage status=SUCCESS method=AddToCa...)</span>
                <span class="method-start">137589 ms</span>
              </div> <!-- configuration-method after -->
            </div> <!-- chronological-class -->
            <div class="chronological-class">
              <div class="chronological-class-name">web.automation.tests.WishListTests</div> <!-- chronological-class-name -->
              <div class="configuration-method before">
                <span class="method-name">initiateDriver</span>
                <span class="method-start">137777 ms</span>
              </div> <!-- configuration-method before -->
              <div class="test-method">
                <img src="failed.png">
                </img>
                <span class="method-name">verifyNavigatingToMyWishListPageFromTheFooteroptions</span>
                <span class="method-start">139430 ms</span>
              </div> <!-- test-method -->
              <div class="configuration-method after">
                <span class="method-name">quitDriver([TestResult name=verifyNavigatingToMyWishListPageFromTheFooteroptions status=FAILURE method=WishList...)</span>
                <span class="method-start">148769 ms</span>
              </div> <!-- configuration-method after -->
          </div> <!-- main-panel-content rounded-window-bottom -->
        </div> <!-- panel -->
      </div> <!-- main-panel-root -->
    </div> <!-- wrapper -->
  </body>
<script type="text/javascript" src="testng-reports2.js"></script>
</html>
