<?xml version="1.0" encoding="UTF-8"?>
<testng-results ignored="0" total="26" passed="21" failed="5" skipped="0">
  <reporter-output>
  </reporter-output>
  <suite started-at="2025-07-31T10:41:06 IST" name="Suite" finished-at="2025-07-31T10:43:37 IST" duration-ms="150643">
    <groups>
      <group name="WishListPage">
        <method signature="WishListTests.verifyAddingAProductToWishListPageFromTheProductThatIsDisplayedInTheRelatedProductsSectionOfProductDisplayPage()[pri:1, instance:web.automation.tests.WishListTests@77102b91]" name="verifyAddingAProductToWishListPageFromTheProductThatIsDisplayedInTheRelatedProductsSectionOfProductDisplayPage" class="web.automation.tests.WishListTests"/>
        <method signature="WishListTests.VerifyAddingAProductToWishListPageFromTheProductThatIsDisplayedInTheFeaturedSectionOfHomePage()[pri:2, instance:web.automation.tests.WishListTests@77102b91]" name="VerifyAddingAProductToWishListPageFromTheProductThatIsDisplayedInTheFeaturedSectionOfHomePage" class="web.automation.tests.WishListTests"/>
        <method signature="WishListTests.VerifyAddingTheProductToWishListFromTheProductsDisplayedInTheCategoryOrSubCategoryPage()[pri:3, instance:web.automation.tests.WishListTests@77102b91]" name="VerifyAddingTheProductToWishListFromTheProductsDisplayedInTheCategoryOrSubCategoryPage" class="web.automation.tests.WishListTests"/>
        <method signature="WishListTests.verifyAddingAProductToWishListPageFromTheSearchResultsPage()[pri:4, instance:web.automation.tests.WishListTests@77102b91]" name="verifyAddingAProductToWishListPageFromTheSearchResultsPage" class="web.automation.tests.WishListTests"/>
        <method signature="WishListTests.verifyNavigatingToMyWishListPageUsingTheWishListHeaderOption()[pri:5, instance:web.automation.tests.WishListTests@77102b91]" name="verifyNavigatingToMyWishListPageUsingTheWishListHeaderOption" class="web.automation.tests.WishListTests"/>
        <method signature="WishListTests.verifyNavigatingToMyWishListPageFromTheFooteroptions()[pri:8, instance:web.automation.tests.WishListTests@77102b91]" name="verifyNavigatingToMyWishListPageFromTheFooteroptions" class="web.automation.tests.WishListTests"/>
        <method signature="WishListTests.verifyAddingAProductToWishListPageFromTheProductThatIsDisplayedInTheRelatedProductsSectionOfProductDisplayPage()[pri:1, instance:web.automation.tests.WishListTests@177bea38]" name="verifyAddingAProductToWishListPageFromTheProductThatIsDisplayedInTheRelatedProductsSectionOfProductDisplayPage" class="web.automation.tests.WishListTests"/>
        <method signature="WishListTests.VerifyAddingAProductToWishListPageFromTheProductThatIsDisplayedInTheFeaturedSectionOfHomePage()[pri:2, instance:web.automation.tests.WishListTests@177bea38]" name="VerifyAddingAProductToWishListPageFromTheProductThatIsDisplayedInTheFeaturedSectionOfHomePage" class="web.automation.tests.WishListTests"/>
        <method signature="WishListTests.VerifyAddingTheProductToWishListFromTheProductsDisplayedInTheCategoryOrSubCategoryPage()[pri:3, instance:web.automation.tests.WishListTests@177bea38]" name="VerifyAddingTheProductToWishListFromTheProductsDisplayedInTheCategoryOrSubCategoryPage" class="web.automation.tests.WishListTests"/>
        <method signature="WishListTests.verifyAddingAProductToWishListPageFromTheSearchResultsPage()[pri:4, instance:web.automation.tests.WishListTests@177bea38]" name="verifyAddingAProductToWishListPageFromTheSearchResultsPage" class="web.automation.tests.WishListTests"/>
        <method signature="WishListTests.verifyNavigatingToMyWishListPageUsingTheWishListHeaderOption()[pri:5, instance:web.automation.tests.WishListTests@177bea38]" name="verifyNavigatingToMyWishListPageUsingTheWishListHeaderOption" class="web.automation.tests.WishListTests"/>
        <method signature="WishListTests.verifyNavigatingToMyWishListPageFromTheFooteroptions()[pri:8, instance:web.automation.tests.WishListTests@177bea38]" name="verifyNavigatingToMyWishListPageFromTheFooteroptions" class="web.automation.tests.WishListTests"/>
      </group> <!-- WishListPage -->
      <group name="AddToCartPage">
        <method signature="AddToCartTests.verifyAddingTheProductToCartFromProductDisplayPage()[pri:1, instance:web.automation.tests.AddToCartTests@2ef14fe]" name="verifyAddingTheProductToCartFromProductDisplayPage" class="web.automation.tests.AddToCartTests"/>
        <method signature="AddToCartTests.verifyAddingTheProductToCartFromWishListPage()[pri:2, instance:web.automation.tests.AddToCartTests@2ef14fe]" name="verifyAddingTheProductToCartFromWishListPage" class="web.automation.tests.AddToCartTests"/>
        <method signature="AddToCartTests.verifyAddingTheProductToCartFromSearchResultsPage()[pri:3, instance:web.automation.tests.AddToCartTests@2ef14fe]" name="verifyAddingTheProductToCartFromSearchResultsPage" class="web.automation.tests.AddToCartTests"/>
        <method signature="AddToCartTests.verifyingTheProductToCartFromTheRelatedProductsSectionOfTheProductDisplayPage()[pri:4, instance:web.automation.tests.AddToCartTests@2ef14fe]" name="verifyingTheProductToCartFromTheRelatedProductsSectionOfTheProductDisplayPage" class="web.automation.tests.AddToCartTests"/>
        <method signature="AddToCartTests.verifyAddingTheProductToCartFromTheProductsDisplayedInTheCategoryOrSubcategoryPage()[pri:5, instance:web.automation.tests.AddToCartTests@2ef14fe]" name="verifyAddingTheProductToCartFromTheProductsDisplayedInTheCategoryOrSubcategoryPage" class="web.automation.tests.AddToCartTests"/>
        <method signature="AddToCartTests.verifyAddingTheProductToCartFromProductComparisonPage()[pri:7, instance:web.automation.tests.AddToCartTests@2ef14fe]" name="verifyAddingTheProductToCartFromProductComparisonPage" class="web.automation.tests.AddToCartTests"/>
        <method signature="AddToCartTests.verifyAddingTheProductToCartFromProductDisplayPage()[pri:1, instance:web.automation.tests.AddToCartTests@ee86bcb]" name="verifyAddingTheProductToCartFromProductDisplayPage" class="web.automation.tests.AddToCartTests"/>
        <method signature="AddToCartTests.verifyAddingTheProductToCartFromWishListPage()[pri:2, instance:web.automation.tests.AddToCartTests@ee86bcb]" name="verifyAddingTheProductToCartFromWishListPage" class="web.automation.tests.AddToCartTests"/>
        <method signature="AddToCartTests.verifyAddingTheProductToCartFromSearchResultsPage()[pri:3, instance:web.automation.tests.AddToCartTests@ee86bcb]" name="verifyAddingTheProductToCartFromSearchResultsPage" class="web.automation.tests.AddToCartTests"/>
        <method signature="AddToCartTests.verifyingTheProductToCartFromTheRelatedProductsSectionOfTheProductDisplayPage()[pri:4, instance:web.automation.tests.AddToCartTests@ee86bcb]" name="verifyingTheProductToCartFromTheRelatedProductsSectionOfTheProductDisplayPage" class="web.automation.tests.AddToCartTests"/>
        <method signature="AddToCartTests.verifyAddingTheProductToCartFromTheProductsDisplayedInTheCategoryOrSubcategoryPage()[pri:5, instance:web.automation.tests.AddToCartTests@ee86bcb]" name="verifyAddingTheProductToCartFromTheProductsDisplayedInTheCategoryOrSubcategoryPage" class="web.automation.tests.AddToCartTests"/>
        <method signature="AddToCartTests.verifyAddingTheProductToCartFromProductComparisonPage()[pri:7, instance:web.automation.tests.AddToCartTests@ee86bcb]" name="verifyAddingTheProductToCartFromProductComparisonPage" class="web.automation.tests.AddToCartTests"/>
      </group> <!-- AddToCartPage -->
      <group name="LoginPage">
        <method signature="LoginPageTests.loginUserWithValidCredentials()[pri:1, instance:web.automation.tests.LoginPageTests@265adfad]" name="loginUserWithValidCredentials" class="web.automation.tests.LoginPageTests"/>
        <method signature="LoginPageTests.loginUserWithValidCredentials()[pri:1, instance:web.automation.tests.LoginPageTests@1921ad94]" name="loginUserWithValidCredentials" class="web.automation.tests.LoginPageTests"/>
      </group> <!-- LoginPage -->
    </groups>
    <test started-at="2025-07-31T10:41:06 IST" name="ChromeTest" finished-at="2025-07-31T10:42:23 IST" duration-ms="76264">
      <class name="web.automation.tests.LoginPageTests">
        <test-method is-config="true" signature="initiateDriver()[pri:0, instance:web.automation.tests.LoginPageTests@265adfad]" started-at="2025-07-31T10:41:06 IST" name="initiateDriver" finished-at="2025-07-31T10:41:10 IST" duration-ms="3384" status="PASS">
          <reporter-output>
          </reporter-output>
        </test-method> <!-- initiateDriver -->
        <test-method signature="loginUserWithValidCredentials()[pri:1, instance:web.automation.tests.LoginPageTests@265adfad]" started-at="2025-07-31T10:41:10 IST" name="loginUserWithValidCredentials" finished-at="2025-07-31T10:41:11 IST" duration-ms="1536" status="PASS">
          <reporter-output>
          </reporter-output>
        </test-method> <!-- loginUserWithValidCredentials -->
        <test-method is-config="true" signature="quitDriver(org.testng.ITestResult)[pri:0, instance:web.automation.tests.LoginPageTests@265adfad]" started-at="2025-07-31T10:41:11 IST" name="quitDriver" finished-at="2025-07-31T10:41:12 IST" duration-ms="198" status="PASS">
          <params>
            <param index="0">
              <value>
                <![CDATA[[TestResult name=loginUserWithValidCredentials status=SUCCESS method=LoginPageTests.loginUserWithValidCredentials()[pri:1, instance:web.automation.tests.LoginPageTests@265adfad] output={null}]]]>
              </value>
            </param>
          </params>
          <reporter-output>
          </reporter-output>
        </test-method> <!-- quitDriver -->
      </class> <!-- web.automation.tests.LoginPageTests -->
      <class name="web.automation.tests.AddToCartTests">
        <test-method is-config="true" signature="initiateDriver()[pri:0, instance:web.automation.tests.AddToCartTests@2ef14fe]" started-at="2025-07-31T10:41:21 IST" name="initiateDriver" finished-at="2025-07-31T10:41:23 IST" duration-ms="1675" status="PASS">
          <reporter-output>
          </reporter-output>
        </test-method> <!-- initiateDriver -->
        <test-method signature="verifyAddingTheProductToCartFromProductDisplayPage()[pri:1, instance:web.automation.tests.AddToCartTests@2ef14fe]" started-at="2025-07-31T10:41:23 IST" name="verifyAddingTheProductToCartFromProductDisplayPage" finished-at="2025-07-31T10:41:24 IST" duration-ms="1084" status="PASS">
          <reporter-output>
          </reporter-output>
        </test-method> <!-- verifyAddingTheProductToCartFromProductDisplayPage -->
        <test-method is-config="true" signature="quitDriver(org.testng.ITestResult)[pri:0, instance:web.automation.tests.AddToCartTests@2ef14fe]" started-at="2025-07-31T10:41:24 IST" name="quitDriver" finished-at="2025-07-31T10:41:24 IST" duration-ms="172" status="PASS">
          <params>
            <param index="0">
              <value>
                <![CDATA[[TestResult name=verifyAddingTheProductToCartFromProductDisplayPage status=SUCCESS method=AddToCartTests.verifyAddingTheProductToCartFromProductDisplayPage()[pri:1, instance:web.automation.tests.AddToCartTests@2ef14fe] output={null}]]]>
              </value>
            </param>
          </params>
          <reporter-output>
          </reporter-output>
        </test-method> <!-- quitDriver -->
        <test-method is-config="true" signature="initiateDriver()[pri:0, instance:web.automation.tests.AddToCartTests@2ef14fe]" started-at="2025-07-31T10:41:33 IST" name="initiateDriver" finished-at="2025-07-31T10:41:34 IST" duration-ms="1670" status="PASS">
          <reporter-output>
          </reporter-output>
        </test-method> <!-- initiateDriver -->
        <test-method signature="verifyAddingTheProductToCartFromWishListPage()[pri:2, instance:web.automation.tests.AddToCartTests@2ef14fe]" started-at="2025-07-31T10:41:34 IST" name="verifyAddingTheProductToCartFromWishListPage" finished-at="2025-07-31T10:41:38 IST" duration-ms="3579" status="PASS">
          <reporter-output>
          </reporter-output>
        </test-method> <!-- verifyAddingTheProductToCartFromWishListPage -->
        <test-method is-config="true" signature="quitDriver(org.testng.ITestResult)[pri:0, instance:web.automation.tests.AddToCartTests@2ef14fe]" started-at="2025-07-31T10:41:38 IST" name="quitDriver" finished-at="2025-07-31T10:41:38 IST" duration-ms="179" status="PASS">
          <params>
            <param index="0">
              <value>
                <![CDATA[[TestResult name=verifyAddingTheProductToCartFromWishListPage status=SUCCESS method=AddToCartTests.verifyAddingTheProductToCartFromWishListPage()[pri:2, instance:web.automation.tests.AddToCartTests@2ef14fe] output={null}]]]>
              </value>
            </param>
          </params>
          <reporter-output>
          </reporter-output>
        </test-method> <!-- quitDriver -->
        <test-method is-config="true" signature="initiateDriver()[pri:0, instance:web.automation.tests.AddToCartTests@2ef14fe]" started-at="2025-07-31T10:41:47 IST" name="initiateDriver" finished-at="2025-07-31T10:41:48 IST" duration-ms="1655" status="PASS">
          <reporter-output>
          </reporter-output>
        </test-method> <!-- initiateDriver -->
        <test-method signature="verifyAddingTheProductToCartFromSearchResultsPage()[pri:3, instance:web.automation.tests.AddToCartTests@2ef14fe]" started-at="2025-07-31T10:41:48 IST" name="verifyAddingTheProductToCartFromSearchResultsPage" finished-at="2025-07-31T10:41:51 IST" duration-ms="3020" status="PASS">
          <reporter-output>
          </reporter-output>
        </test-method> <!-- verifyAddingTheProductToCartFromSearchResultsPage -->
        <test-method is-config="true" signature="quitDriver(org.testng.ITestResult)[pri:0, instance:web.automation.tests.AddToCartTests@2ef14fe]" started-at="2025-07-31T10:41:51 IST" name="quitDriver" finished-at="2025-07-31T10:41:52 IST" duration-ms="204" status="PASS">
          <params>
            <param index="0">
              <value>
                <![CDATA[[TestResult name=verifyAddingTheProductToCartFromSearchResultsPage status=SUCCESS method=AddToCartTests.verifyAddingTheProductToCartFromSearchResultsPage()[pri:3, instance:web.automation.tests.AddToCartTests@2ef14fe] output={null}]]]>
              </value>
            </param>
          </params>
          <reporter-output>
          </reporter-output>
        </test-method> <!-- quitDriver -->
        <test-method is-config="true" signature="initiateDriver()[pri:0, instance:web.automation.tests.AddToCartTests@2ef14fe]" started-at="2025-07-31T10:41:55 IST" name="initiateDriver" finished-at="2025-07-31T10:41:57 IST" duration-ms="1708" status="PASS">
          <reporter-output>
          </reporter-output>
        </test-method> <!-- initiateDriver -->
        <test-method signature="verifyingTheProductToCartFromTheRelatedProductsSectionOfTheProductDisplayPage()[pri:4, instance:web.automation.tests.AddToCartTests@2ef14fe]" started-at="2025-07-31T10:41:57 IST" name="verifyingTheProductToCartFromTheRelatedProductsSectionOfTheProductDisplayPage" finished-at="2025-07-31T10:41:58 IST" duration-ms="1227" status="PASS">
          <reporter-output>
          </reporter-output>
        </test-method> <!-- verifyingTheProductToCartFromTheRelatedProductsSectionOfTheProductDisplayPage -->
        <test-method is-config="true" signature="quitDriver(org.testng.ITestResult)[pri:0, instance:web.automation.tests.AddToCartTests@2ef14fe]" started-at="2025-07-31T10:41:58 IST" name="quitDriver" finished-at="2025-07-31T10:41:59 IST" duration-ms="180" status="PASS">
          <params>
            <param index="0">
              <value>
                <![CDATA[[TestResult name=verifyingTheProductToCartFromTheRelatedProductsSectionOfTheProductDisplayPage status=SUCCESS method=AddToCartTests.verifyingTheProductToCartFromTheRelatedProductsSectionOfTheProductDisplayPage()[pri:4, instance:web.automation.tests.AddToCartTests@2ef14fe] output={null}]]]>
              </value>
            </param>
          </params>
          <reporter-output>
          </reporter-output>
        </test-method> <!-- quitDriver -->
        <test-method is-config="true" signature="initiateDriver()[pri:0, instance:web.automation.tests.AddToCartTests@2ef14fe]" started-at="2025-07-31T10:41:59 IST" name="initiateDriver" finished-at="2025-07-31T10:42:00 IST" duration-ms="1777" status="PASS">
          <reporter-output>
          </reporter-output>
        </test-method> <!-- initiateDriver -->
        <test-method signature="verifyAddingTheProductToCartFromTheProductsDisplayedInTheCategoryOrSubcategoryPage()[pri:5, instance:web.automation.tests.AddToCartTests@2ef14fe]" started-at="2025-07-31T10:42:00 IST" name="verifyAddingTheProductToCartFromTheProductsDisplayedInTheCategoryOrSubcategoryPage" finished-at="2025-07-31T10:42:02 IST" duration-ms="1374" status="PASS">
          <reporter-output>
          </reporter-output>
        </test-method> <!-- verifyAddingTheProductToCartFromTheProductsDisplayedInTheCategoryOrSubcategoryPage -->
        <test-method is-config="true" signature="quitDriver(org.testng.ITestResult)[pri:0, instance:web.automation.tests.AddToCartTests@2ef14fe]" started-at="2025-07-31T10:42:02 IST" name="quitDriver" finished-at="2025-07-31T10:42:02 IST" duration-ms="168" status="PASS">
          <params>
            <param index="0">
              <value>
                <![CDATA[[TestResult name=verifyAddingTheProductToCartFromTheProductsDisplayedInTheCategoryOrSubcategoryPage status=SUCCESS method=AddToCartTests.verifyAddingTheProductToCartFromTheProductsDisplayedInTheCategoryOrSubcategoryPage()[pri:5, instance:web.automation.tests.AddToCartTests@2ef14fe] output={null}]]]>
              </value>
            </param>
          </params>
          <reporter-output>
          </reporter-output>
        </test-method> <!-- quitDriver -->
        <test-method is-config="true" signature="initiateDriver()[pri:0, instance:web.automation.tests.AddToCartTests@2ef14fe]" started-at="2025-07-31T10:42:13 IST" name="initiateDriver" finished-at="2025-07-31T10:42:15 IST" duration-ms="1772" status="PASS">
          <reporter-output>
          </reporter-output>
        </test-method> <!-- initiateDriver -->
        <test-method signature="verifyAddingTheProductToCartFromProductComparisonPage()[pri:7, instance:web.automation.tests.AddToCartTests@2ef14fe]" started-at="2025-07-31T10:42:15 IST" name="verifyAddingTheProductToCartFromProductComparisonPage" finished-at="2025-07-31T10:42:16 IST" duration-ms="1243" status="PASS">
          <reporter-output>
          </reporter-output>
        </test-method> <!-- verifyAddingTheProductToCartFromProductComparisonPage -->
        <test-method is-config="true" signature="quitDriver(org.testng.ITestResult)[pri:0, instance:web.automation.tests.AddToCartTests@2ef14fe]" started-at="2025-07-31T10:42:16 IST" name="quitDriver" finished-at="2025-07-31T10:42:16 IST" duration-ms="167" status="PASS">
          <params>
            <param index="0">
              <value>
                <![CDATA[[TestResult name=verifyAddingTheProductToCartFromProductComparisonPage status=SUCCESS method=AddToCartTests.verifyAddingTheProductToCartFromProductComparisonPage()[pri:7, instance:web.automation.tests.AddToCartTests@2ef14fe] output={null}]]]>
              </value>
            </param>
          </params>
          <reporter-output>
          </reporter-output>
        </test-method> <!-- quitDriver -->
      </class> <!-- web.automation.tests.AddToCartTests -->
      <class name="web.automation.tests.WishListTests">
        <test-method is-config="true" signature="initiateDriver()[pri:0, instance:web.automation.tests.WishListTests@77102b91]" started-at="2025-07-31T10:41:12 IST" name="initiateDriver" finished-at="2025-07-31T10:41:13 IST" duration-ms="1878" status="PASS">
          <reporter-output>
          </reporter-output>
        </test-method> <!-- initiateDriver -->
        <test-method signature="verifyAddingAProductToWishListPageFromTheProductThatIsDisplayedInTheRelatedProductsSectionOfProductDisplayPage()[pri:1, instance:web.automation.tests.WishListTests@77102b91]" started-at="2025-07-31T10:41:13 IST" name="verifyAddingAProductToWishListPageFromTheProductThatIsDisplayedInTheRelatedProductsSectionOfProductDisplayPage" finished-at="2025-07-31T10:41:21 IST" duration-ms="7608" status="PASS">
          <reporter-output>
          </reporter-output>
        </test-method> <!-- verifyAddingAProductToWishListPageFromTheProductThatIsDisplayedInTheRelatedProductsSectionOfProductDisplayPage -->
        <test-method is-config="true" signature="quitDriver(org.testng.ITestResult)[pri:0, instance:web.automation.tests.WishListTests@77102b91]" started-at="2025-07-31T10:41:21 IST" name="quitDriver" finished-at="2025-07-31T10:41:21 IST" duration-ms="183" status="PASS">
          <params>
            <param index="0">
              <value>
                <![CDATA[[TestResult name=verifyAddingAProductToWishListPageFromTheProductThatIsDisplayedInTheRelatedProductsSectionOfProductDisplayPage status=SUCCESS method=WishListTests.verifyAddingAProductToWishListPageFromTheProductThatIsDisplayedInTheRelatedProductsSectionOfProductDisplayPage()[pri:1, instance:web.automation.tests.WishListTests@77102b91] output={null}]]]>
              </value>
            </param>
          </params>
          <reporter-output>
          </reporter-output>
        </test-method> <!-- quitDriver -->
        <test-method is-config="true" signature="initiateDriver()[pri:0, instance:web.automation.tests.WishListTests@77102b91]" started-at="2025-07-31T10:41:24 IST" name="initiateDriver" finished-at="2025-07-31T10:41:26 IST" duration-ms="1721" status="PASS">
          <reporter-output>
          </reporter-output>
        </test-method> <!-- initiateDriver -->
        <test-method signature="VerifyAddingAProductToWishListPageFromTheProductThatIsDisplayedInTheFeaturedSectionOfHomePage()[pri:2, instance:web.automation.tests.WishListTests@77102b91]" started-at="2025-07-31T10:41:26 IST" name="VerifyAddingAProductToWishListPageFromTheProductThatIsDisplayedInTheFeaturedSectionOfHomePage" finished-at="2025-07-31T10:41:32 IST" duration-ms="6418" status="PASS">
          <reporter-output>
          </reporter-output>
        </test-method> <!-- VerifyAddingAProductToWishListPageFromTheProductThatIsDisplayedInTheFeaturedSectionOfHomePage -->
        <test-method is-config="true" signature="quitDriver(org.testng.ITestResult)[pri:0, instance:web.automation.tests.WishListTests@77102b91]" started-at="2025-07-31T10:41:32 IST" name="quitDriver" finished-at="2025-07-31T10:41:33 IST" duration-ms="158" status="PASS">
          <params>
            <param index="0">
              <value>
                <![CDATA[[TestResult name=VerifyAddingAProductToWishListPageFromTheProductThatIsDisplayedInTheFeaturedSectionOfHomePage status=SUCCESS method=WishListTests.VerifyAddingAProductToWishListPageFromTheProductThatIsDisplayedInTheFeaturedSectionOfHomePage()[pri:2, instance:web.automation.tests.WishListTests@77102b91] output={null}]]]>
              </value>
            </param>
          </params>
          <reporter-output>
          </reporter-output>
        </test-method> <!-- quitDriver -->
        <test-method is-config="true" signature="initiateDriver()[pri:0, instance:web.automation.tests.WishListTests@77102b91]" started-at="2025-07-31T10:41:38 IST" name="initiateDriver" finished-at="2025-07-31T10:41:40 IST" duration-ms="1675" status="PASS">
          <reporter-output>
          </reporter-output>
        </test-method> <!-- initiateDriver -->
        <test-method signature="VerifyAddingTheProductToWishListFromTheProductsDisplayedInTheCategoryOrSubCategoryPage()[pri:3, instance:web.automation.tests.WishListTests@77102b91]" started-at="2025-07-31T10:41:40 IST" name="VerifyAddingTheProductToWishListFromTheProductsDisplayedInTheCategoryOrSubCategoryPage" finished-at="2025-07-31T10:41:47 IST" duration-ms="6930" status="PASS">
          <reporter-output>
          </reporter-output>
        </test-method> <!-- VerifyAddingTheProductToWishListFromTheProductsDisplayedInTheCategoryOrSubCategoryPage -->
        <test-method is-config="true" signature="quitDriver(org.testng.ITestResult)[pri:0, instance:web.automation.tests.WishListTests@77102b91]" started-at="2025-07-31T10:41:47 IST" name="quitDriver" finished-at="2025-07-31T10:41:47 IST" duration-ms="191" status="PASS">
          <params>
            <param index="0">
              <value>
                <![CDATA[[TestResult name=VerifyAddingTheProductToWishListFromTheProductsDisplayedInTheCategoryOrSubCategoryPage status=SUCCESS method=WishListTests.VerifyAddingTheProductToWishListFromTheProductsDisplayedInTheCategoryOrSubCategoryPage()[pri:3, instance:web.automation.tests.WishListTests@77102b91] output={null}]]]>
              </value>
            </param>
          </params>
          <reporter-output>
          </reporter-output>
        </test-method> <!-- quitDriver -->
        <test-method is-config="true" signature="initiateDriver()[pri:0, instance:web.automation.tests.WishListTests@77102b91]" started-at="2025-07-31T10:41:52 IST" name="initiateDriver" finished-at="2025-07-31T10:41:53 IST" duration-ms="1721" status="PASS">
          <reporter-output>
          </reporter-output>
        </test-method> <!-- initiateDriver -->
        <test-method signature="verifyAddingAProductToWishListPageFromTheSearchResultsPage()[pri:4, instance:web.automation.tests.WishListTests@77102b91]" started-at="2025-07-31T10:41:53 IST" name="verifyAddingAProductToWishListPageFromTheSearchResultsPage" finished-at="2025-07-31T10:41:55 IST" duration-ms="1410" status="FAIL">
          <exception class="org.openqa.selenium.StaleElementReferenceException">
            <message>
              <![CDATA[stale element reference: stale element not found
  (Session info: chrome=136.0.7103.93)
For documentation on this error, please visit: https://www.selenium.dev/documentation/webdriver/troubleshooting/errors#stale-element-reference-exception
Build info: version: '4.32.0', revision: 'd17c8aa950'
System info: os.name: 'Windows 11', os.arch: 'amd64', os.version: '10.0', java.version: '18.0.2'
Driver info: org.openqa.selenium.chrome.ChromeDriver
Command: [7b9e07a2190a5c7569809fc008c3becd, sendKeysToElement {value=[Ljava.lang.CharSequence;@480c450d, id=f.392BD6386E91DE46E71988A8B1029B2A.d.4F428BAA8EEBE300EBF86B64076264FF.e.90}]
Capabilities {acceptInsecureCerts: false, browserName: chrome, browserVersion: 136.0.7103.93, chrome: {chromedriverVersion: 136.0.7103.113 (76fa3c17824..., userDataDir: C:\Users\VICKY\AppData\Loca...}, fedcm:accounts: true, goog:chromeOptions: {debuggerAddress: localhost:51839}, networkConnectionEnabled: false, pageLoadStrategy: normal, platformName: windows, proxy: Proxy(), se:cdp: ws://localhost:51839/devtoo..., se:cdpVersion: 136.0.7103.93, setWindowRect: true, strictFileInteractability: false, timeouts: {implicit: 0, pageLoad: 300000, script: 30000}, unhandledPromptBehavior: dismiss and notify, webauthn:extension:credBlob: true, webauthn:extension:largeBlob: true, webauthn:extension:minPinLength: true, webauthn:extension:prf: true, webauthn:virtualAuthenticators: true}
Element: [[ChromeDriver: chrome on windows (7b9e07a2190a5c7569809fc008c3becd)] -> xpath: //div[@id='search']//input]
Session ID: 7b9e07a2190a5c7569809fc008c3becd]]>
            </message>
            <full-stacktrace>
              <![CDATA[org.openqa.selenium.StaleElementReferenceException: stale element reference: stale element not found
  (Session info: chrome=136.0.7103.93)
For documentation on this error, please visit: https://www.selenium.dev/documentation/webdriver/troubleshooting/errors#stale-element-reference-exception
Build info: version: '4.32.0', revision: 'd17c8aa950'
System info: os.name: 'Windows 11', os.arch: 'amd64', os.version: '10.0', java.version: '18.0.2'
Driver info: org.openqa.selenium.chrome.ChromeDriver
Command: [7b9e07a2190a5c7569809fc008c3becd, sendKeysToElement {value=[Ljava.lang.CharSequence;@480c450d, id=f.392BD6386E91DE46E71988A8B1029B2A.d.4F428BAA8EEBE300EBF86B64076264FF.e.90}]
Capabilities {acceptInsecureCerts: false, browserName: chrome, browserVersion: 136.0.7103.93, chrome: {chromedriverVersion: 136.0.7103.113 (76fa3c17824..., userDataDir: C:\Users\VICKY\AppData\Loca...}, fedcm:accounts: true, goog:chromeOptions: {debuggerAddress: localhost:51839}, networkConnectionEnabled: false, pageLoadStrategy: normal, platformName: windows, proxy: Proxy(), se:cdp: ws://localhost:51839/devtoo..., se:cdpVersion: 136.0.7103.93, setWindowRect: true, strictFileInteractability: false, timeouts: {implicit: 0, pageLoad: 300000, script: 30000}, unhandledPromptBehavior: dismiss and notify, webauthn:extension:credBlob: true, webauthn:extension:largeBlob: true, webauthn:extension:minPinLength: true, webauthn:extension:prf: true, webauthn:virtualAuthenticators: true}
Element: [[ChromeDriver: chrome on windows (7b9e07a2190a5c7569809fc008c3becd)] -> xpath: //div[@id='search']//input]
Session ID: 7b9e07a2190a5c7569809fc008c3becd
at java.base/jdk.internal.reflect.DirectConstructorHandleAccessor.newInstance(DirectConstructorHandleAccessor.java:67)
at java.base/java.lang.reflect.Constructor.newInstanceWithCaller(Constructor.java:499)
at java.base/java.lang.reflect.Constructor.newInstance(Constructor.java:483)
at org.openqa.selenium.remote.ErrorCodec.decode(ErrorCodec.java:167)
at org.openqa.selenium.remote.codec.w3c.W3CHttpResponseCodec.decode(W3CHttpResponseCodec.java:138)
at org.openqa.selenium.remote.codec.w3c.W3CHttpResponseCodec.decode(W3CHttpResponseCodec.java:50)
at org.openqa.selenium.remote.HttpCommandExecutor.execute(HttpCommandExecutor.java:215)
at org.openqa.selenium.remote.service.DriverCommandExecutor.invokeExecute(DriverCommandExecutor.java:216)
at org.openqa.selenium.remote.service.DriverCommandExecutor.execute(DriverCommandExecutor.java:174)
at org.openqa.selenium.remote.RemoteWebDriver.execute(RemoteWebDriver.java:545)
at org.openqa.selenium.remote.RemoteWebElement.execute(RemoteWebElement.java:223)
at org.openqa.selenium.remote.RemoteWebElement.sendKeys(RemoteWebElement.java:110)
at java.base/jdk.internal.reflect.DirectMethodHandleAccessor.invoke(DirectMethodHandleAccessor.java:104)
at java.base/java.lang.reflect.Method.invoke(Method.java:577)
at org.openqa.selenium.support.pagefactory.internal.LocatingElementHandler.invoke(LocatingElementHandler.java:51)
at jdk.proxy2/jdk.proxy2.$Proxy15.sendKeys(Unknown Source)
at web.automation.tests.WishListTests.verifyAddingAProductToWishListPageFromTheSearchResultsPage(WishListTests.java:101)
at java.base/jdk.internal.reflect.DirectMethodHandleAccessor.invoke(DirectMethodHandleAccessor.java:104)
at java.base/java.lang.reflect.Method.invoke(Method.java:577)
at org.testng.internal.invokers.MethodInvocationHelper.invokeMethod(MethodInvocationHelper.java:141)
at org.testng.internal.invokers.TestInvoker.invokeMethod(TestInvoker.java:686)
at org.testng.internal.invokers.TestInvoker.invokeTestMethod(TestInvoker.java:230)
at org.testng.internal.invokers.MethodRunner.runInSequence(MethodRunner.java:63)
at org.testng.internal.invokers.TestInvoker$MethodInvocationAgent.invoke(TestInvoker.java:992)
at org.testng.internal.invokers.TestInvoker.invokeTestMethods(TestInvoker.java:203)
at org.testng.internal.invokers.TestMethodWorker.invokeTestMethods(TestMethodWorker.java:154)
at org.testng.internal.invokers.TestMethodWorker.run(TestMethodWorker.java:134)
at java.base/java.util.ArrayList.forEach(ArrayList.java:1511)
at org.testng.TestRunner.privateRun(TestRunner.java:739)
at org.testng.TestRunner.run(TestRunner.java:614)
at org.testng.SuiteRunner.runTest(SuiteRunner.java:421)
at org.testng.SuiteRunner$SuiteWorker.run(SuiteRunner.java:463)
at org.testng.internal.thread.ThreadUtil.lambda$execute$0(ThreadUtil.java:64)
at java.base/java.util.concurrent.FutureTask.run(FutureTask.java:264)
at java.base/java.util.concurrent.ThreadPoolExecutor.runWorker(ThreadPoolExecutor.java:1136)
at java.base/java.util.concurrent.ThreadPoolExecutor$Worker.run(ThreadPoolExecutor.java:635)
at java.base/java.lang.Thread.run(Thread.java:833)
]]>
            </full-stacktrace>
          </exception> <!-- org.openqa.selenium.StaleElementReferenceException -->
          <reporter-output>
          </reporter-output>
        </test-method> <!-- verifyAddingAProductToWishListPageFromTheSearchResultsPage -->
        <test-method is-config="true" signature="quitDriver(org.testng.ITestResult)[pri:0, instance:web.automation.tests.WishListTests@77102b91]" started-at="2025-07-31T10:41:55 IST" name="quitDriver" finished-at="2025-07-31T10:41:55 IST" duration-ms="632" status="PASS">
          <params>
            <param index="0">
              <value>
                <![CDATA[[TestResult name=verifyAddingAProductToWishListPageFromTheSearchResultsPage status=FAILURE method=WishListTests.verifyAddingAProductToWishListPageFromTheSearchResultsPage()[pri:4, instance:web.automation.tests.WishListTests@77102b91] output={null}]]]>
              </value>
            </param>
          </params>
          <reporter-output>
          </reporter-output>
        </test-method> <!-- quitDriver -->
        <test-method is-config="true" signature="initiateDriver()[pri:0, instance:web.automation.tests.WishListTests@77102b91]" started-at="2025-07-31T10:42:02 IST" name="initiateDriver" finished-at="2025-07-31T10:42:04 IST" duration-ms="1696" status="PASS">
          <reporter-output>
          </reporter-output>
        </test-method> <!-- initiateDriver -->
        <test-method signature="verifyNavigatingToMyWishListPageUsingTheWishListHeaderOption()[pri:5, instance:web.automation.tests.WishListTests@77102b91]" started-at="2025-07-31T10:42:04 IST" name="verifyNavigatingToMyWishListPageUsingTheWishListHeaderOption" finished-at="2025-07-31T10:42:13 IST" duration-ms="9168" status="FAIL">
          <exception class="org.openqa.selenium.NoSuchElementException">
            <message>
              <![CDATA[no such element: Unable to locate element: {"method":"xpath","selector":"//div[@id='content']//tbody//td[2]"}
  (Session info: chrome=136.0.7103.93)
For documentation on this error, please visit: https://www.selenium.dev/documentation/webdriver/troubleshooting/errors#no-such-element-exception
Build info: version: '4.32.0', revision: 'd17c8aa950'
System info: os.name: 'Windows 11', os.arch: 'amd64', os.version: '10.0', java.version: '18.0.2'
Driver info: org.openqa.selenium.chrome.ChromeDriver
Command: [061cb6c2e9adf3e990320c7c6ae0edef, findElement {value=//div[@id='content']//tbody//td[2], using=xpath}]
Capabilities {acceptInsecureCerts: false, browserName: chrome, browserVersion: 136.0.7103.93, chrome: {chromedriverVersion: 136.0.7103.113 (76fa3c17824..., userDataDir: C:\Users\VICKY\AppData\Loca...}, fedcm:accounts: true, goog:chromeOptions: {debuggerAddress: localhost:51911}, networkConnectionEnabled: false, pageLoadStrategy: normal, platformName: windows, proxy: Proxy(), se:cdp: ws://localhost:51911/devtoo..., se:cdpVersion: 136.0.7103.93, setWindowRect: true, strictFileInteractability: false, timeouts: {implicit: 0, pageLoad: 300000, script: 30000}, unhandledPromptBehavior: dismiss and notify, webauthn:extension:credBlob: true, webauthn:extension:largeBlob: true, webauthn:extension:minPinLength: true, webauthn:extension:prf: true, webauthn:virtualAuthenticators: true}
Session ID: 061cb6c2e9adf3e990320c7c6ae0edef]]>
            </message>
            <full-stacktrace>
              <![CDATA[org.openqa.selenium.NoSuchElementException: no such element: Unable to locate element: {"method":"xpath","selector":"//div[@id='content']//tbody//td[2]"}
  (Session info: chrome=136.0.7103.93)
For documentation on this error, please visit: https://www.selenium.dev/documentation/webdriver/troubleshooting/errors#no-such-element-exception
Build info: version: '4.32.0', revision: 'd17c8aa950'
System info: os.name: 'Windows 11', os.arch: 'amd64', os.version: '10.0', java.version: '18.0.2'
Driver info: org.openqa.selenium.chrome.ChromeDriver
Command: [061cb6c2e9adf3e990320c7c6ae0edef, findElement {value=//div[@id='content']//tbody//td[2], using=xpath}]
Capabilities {acceptInsecureCerts: false, browserName: chrome, browserVersion: 136.0.7103.93, chrome: {chromedriverVersion: 136.0.7103.113 (76fa3c17824..., userDataDir: C:\Users\VICKY\AppData\Loca...}, fedcm:accounts: true, goog:chromeOptions: {debuggerAddress: localhost:51911}, networkConnectionEnabled: false, pageLoadStrategy: normal, platformName: windows, proxy: Proxy(), se:cdp: ws://localhost:51911/devtoo..., se:cdpVersion: 136.0.7103.93, setWindowRect: true, strictFileInteractability: false, timeouts: {implicit: 0, pageLoad: 300000, script: 30000}, unhandledPromptBehavior: dismiss and notify, webauthn:extension:credBlob: true, webauthn:extension:largeBlob: true, webauthn:extension:minPinLength: true, webauthn:extension:prf: true, webauthn:virtualAuthenticators: true}
Session ID: 061cb6c2e9adf3e990320c7c6ae0edef
at java.base/jdk.internal.reflect.DirectConstructorHandleAccessor.newInstance(DirectConstructorHandleAccessor.java:67)
at java.base/java.lang.reflect.Constructor.newInstanceWithCaller(Constructor.java:499)
at java.base/java.lang.reflect.Constructor.newInstance(Constructor.java:483)
at org.openqa.selenium.remote.ErrorCodec.decode(ErrorCodec.java:167)
at org.openqa.selenium.remote.codec.w3c.W3CHttpResponseCodec.decode(W3CHttpResponseCodec.java:138)
at org.openqa.selenium.remote.codec.w3c.W3CHttpResponseCodec.decode(W3CHttpResponseCodec.java:50)
at org.openqa.selenium.remote.HttpCommandExecutor.execute(HttpCommandExecutor.java:215)
at org.openqa.selenium.remote.service.DriverCommandExecutor.invokeExecute(DriverCommandExecutor.java:216)
at org.openqa.selenium.remote.service.DriverCommandExecutor.execute(DriverCommandExecutor.java:174)
at org.openqa.selenium.remote.RemoteWebDriver.execute(RemoteWebDriver.java:545)
at org.openqa.selenium.remote.ElementLocation$ElementFinder$2.findElement(ElementLocation.java:165)
at org.openqa.selenium.remote.ElementLocation.findElement(ElementLocation.java:59)
at org.openqa.selenium.remote.RemoteWebDriver.findElement(RemoteWebDriver.java:368)
at org.openqa.selenium.remote.RemoteWebDriver.findElement(RemoteWebDriver.java:362)
at org.openqa.selenium.support.pagefactory.DefaultElementLocator.findElement(DefaultElementLocator.java:68)
at org.openqa.selenium.support.pagefactory.internal.LocatingElementHandler.invoke(LocatingElementHandler.java:38)
at jdk.proxy2/jdk.proxy2.$Proxy15.getText(Unknown Source)
at web.automation.tests.WishListTests.verifyNavigatingToMyWishListPageUsingTheWishListHeaderOption(WishListTests.java:130)
at java.base/jdk.internal.reflect.DirectMethodHandleAccessor.invoke(DirectMethodHandleAccessor.java:104)
at java.base/java.lang.reflect.Method.invoke(Method.java:577)
at org.testng.internal.invokers.MethodInvocationHelper.invokeMethod(MethodInvocationHelper.java:141)
at org.testng.internal.invokers.TestInvoker.invokeMethod(TestInvoker.java:686)
at org.testng.internal.invokers.TestInvoker.invokeTestMethod(TestInvoker.java:230)
at org.testng.internal.invokers.MethodRunner.runInSequence(MethodRunner.java:63)
at org.testng.internal.invokers.TestInvoker$MethodInvocationAgent.invoke(TestInvoker.java:992)
at org.testng.internal.invokers.TestInvoker.invokeTestMethods(TestInvoker.java:203)
at org.testng.internal.invokers.TestMethodWorker.invokeTestMethods(TestMethodWorker.java:154)
at org.testng.internal.invokers.TestMethodWorker.run(TestMethodWorker.java:134)
at java.base/java.util.ArrayList.forEach(ArrayList.java:1511)
at org.testng.TestRunner.privateRun(TestRunner.java:739)
at org.testng.TestRunner.run(TestRunner.java:614)
at org.testng.SuiteRunner.runTest(SuiteRunner.java:421)
at org.testng.SuiteRunner$SuiteWorker.run(SuiteRunner.java:463)
at org.testng.internal.thread.ThreadUtil.lambda$execute$0(ThreadUtil.java:64)
at java.base/java.util.concurrent.FutureTask.run(FutureTask.java:264)
at java.base/java.util.concurrent.ThreadPoolExecutor.runWorker(ThreadPoolExecutor.java:1136)
at java.base/java.util.concurrent.ThreadPoolExecutor$Worker.run(ThreadPoolExecutor.java:635)
at java.base/java.lang.Thread.run(Thread.java:833)
]]>
            </full-stacktrace>
          </exception> <!-- org.openqa.selenium.NoSuchElementException -->
          <reporter-output>
          </reporter-output>
        </test-method> <!-- verifyNavigatingToMyWishListPageUsingTheWishListHeaderOption -->
        <test-method is-config="true" signature="quitDriver(org.testng.ITestResult)[pri:0, instance:web.automation.tests.WishListTests@77102b91]" started-at="2025-07-31T10:42:13 IST" name="quitDriver" finished-at="2025-07-31T10:42:13 IST" duration-ms="304" status="PASS">
          <params>
            <param index="0">
              <value>
                <![CDATA[[TestResult name=verifyNavigatingToMyWishListPageUsingTheWishListHeaderOption status=FAILURE method=WishListTests.verifyNavigatingToMyWishListPageUsingTheWishListHeaderOption()[pri:5, instance:web.automation.tests.WishListTests@77102b91] output={null}]]]>
              </value>
            </param>
          </params>
          <reporter-output>
          </reporter-output>
        </test-method> <!-- quitDriver -->
        <test-method is-config="true" signature="initiateDriver()[pri:0, instance:web.automation.tests.WishListTests@77102b91]" started-at="2025-07-31T10:42:16 IST" name="initiateDriver" finished-at="2025-07-31T10:42:18 IST" duration-ms="1620" status="PASS">
          <reporter-output>
          </reporter-output>
        </test-method> <!-- initiateDriver -->
        <test-method signature="verifyNavigatingToMyWishListPageFromTheFooteroptions()[pri:8, instance:web.automation.tests.WishListTests@77102b91]" started-at="2025-07-31T10:42:18 IST" name="verifyNavigatingToMyWishListPageFromTheFooteroptions" finished-at="2025-07-31T10:42:22 IST" duration-ms="4668" status="PASS">
          <reporter-output>
          </reporter-output>
        </test-method> <!-- verifyNavigatingToMyWishListPageFromTheFooteroptions -->
        <test-method is-config="true" signature="quitDriver(org.testng.ITestResult)[pri:0, instance:web.automation.tests.WishListTests@77102b91]" started-at="2025-07-31T10:42:22 IST" name="quitDriver" finished-at="2025-07-31T10:42:23 IST" duration-ms="201" status="PASS">
          <params>
            <param index="0">
              <value>
                <![CDATA[[TestResult name=verifyNavigatingToMyWishListPageFromTheFooteroptions status=SUCCESS method=WishListTests.verifyNavigatingToMyWishListPageFromTheFooteroptions()[pri:8, instance:web.automation.tests.WishListTests@77102b91] output={null}]]]>
              </value>
            </param>
          </params>
          <reporter-output>
          </reporter-output>
        </test-method> <!-- quitDriver -->
      </class> <!-- web.automation.tests.WishListTests -->
    </test> <!-- ChromeTest -->
    <test started-at="2025-07-31T10:42:23 IST" name="EdgeTest" finished-at="2025-07-31T10:43:37 IST" duration-ms="74286">
      <class name="web.automation.tests.LoginPageTests">
        <test-method is-config="true" signature="initiateDriver()[pri:0, instance:web.automation.tests.LoginPageTests@1921ad94]" started-at="2025-07-31T10:42:23 IST" name="initiateDriver" finished-at="2025-07-31T10:42:25 IST" duration-ms="1826" status="PASS">
          <reporter-output>
          </reporter-output>
        </test-method> <!-- initiateDriver -->
        <test-method signature="loginUserWithValidCredentials()[pri:1, instance:web.automation.tests.LoginPageTests@1921ad94]" started-at="2025-07-31T10:42:25 IST" name="loginUserWithValidCredentials" finished-at="2025-07-31T10:42:26 IST" duration-ms="1739" status="PASS">
          <reporter-output>
          </reporter-output>
        </test-method> <!-- loginUserWithValidCredentials -->
        <test-method is-config="true" signature="quitDriver(org.testng.ITestResult)[pri:0, instance:web.automation.tests.LoginPageTests@1921ad94]" started-at="2025-07-31T10:42:26 IST" name="quitDriver" finished-at="2025-07-31T10:42:27 IST" duration-ms="180" status="PASS">
          <params>
            <param index="0">
              <value>
                <![CDATA[[TestResult name=loginUserWithValidCredentials status=SUCCESS method=LoginPageTests.loginUserWithValidCredentials()[pri:1, instance:web.automation.tests.LoginPageTests@1921ad94] output={null}]]]>
              </value>
            </param>
          </params>
          <reporter-output>
          </reporter-output>
        </test-method> <!-- quitDriver -->
      </class> <!-- web.automation.tests.LoginPageTests -->
      <class name="web.automation.tests.AddToCartTests">
        <test-method is-config="true" signature="initiateDriver()[pri:0, instance:web.automation.tests.AddToCartTests@ee86bcb]" started-at="2025-07-31T10:42:36 IST" name="initiateDriver" finished-at="2025-07-31T10:42:38 IST" duration-ms="1710" status="PASS">
          <reporter-output>
          </reporter-output>
        </test-method> <!-- initiateDriver -->
        <test-method signature="verifyAddingTheProductToCartFromProductDisplayPage()[pri:1, instance:web.automation.tests.AddToCartTests@ee86bcb]" started-at="2025-07-31T10:42:38 IST" name="verifyAddingTheProductToCartFromProductDisplayPage" finished-at="2025-07-31T10:42:39 IST" duration-ms="1022" status="PASS">
          <reporter-output>
          </reporter-output>
        </test-method> <!-- verifyAddingTheProductToCartFromProductDisplayPage -->
        <test-method is-config="true" signature="quitDriver(org.testng.ITestResult)[pri:0, instance:web.automation.tests.AddToCartTests@ee86bcb]" started-at="2025-07-31T10:42:39 IST" name="quitDriver" finished-at="2025-07-31T10:42:39 IST" duration-ms="165" status="PASS">
          <params>
            <param index="0">
              <value>
                <![CDATA[[TestResult name=verifyAddingTheProductToCartFromProductDisplayPage status=SUCCESS method=AddToCartTests.verifyAddingTheProductToCartFromProductDisplayPage()[pri:1, instance:web.automation.tests.AddToCartTests@ee86bcb] output={null}]]]>
              </value>
            </param>
          </params>
          <reporter-output>
          </reporter-output>
        </test-method> <!-- quitDriver -->
        <test-method is-config="true" signature="initiateDriver()[pri:0, instance:web.automation.tests.AddToCartTests@ee86bcb]" started-at="2025-07-31T10:42:47 IST" name="initiateDriver" finished-at="2025-07-31T10:42:49 IST" duration-ms="1657" status="PASS">
          <reporter-output>
          </reporter-output>
        </test-method> <!-- initiateDriver -->
        <test-method signature="verifyAddingTheProductToCartFromWishListPage()[pri:2, instance:web.automation.tests.AddToCartTests@ee86bcb]" started-at="2025-07-31T10:42:49 IST" name="verifyAddingTheProductToCartFromWishListPage" finished-at="2025-07-31T10:42:52 IST" duration-ms="3413" status="PASS">
          <reporter-output>
          </reporter-output>
        </test-method> <!-- verifyAddingTheProductToCartFromWishListPage -->
        <test-method is-config="true" signature="quitDriver(org.testng.ITestResult)[pri:0, instance:web.automation.tests.AddToCartTests@ee86bcb]" started-at="2025-07-31T10:42:52 IST" name="quitDriver" finished-at="2025-07-31T10:42:52 IST" duration-ms="168" status="PASS">
          <params>
            <param index="0">
              <value>
                <![CDATA[[TestResult name=verifyAddingTheProductToCartFromWishListPage status=SUCCESS method=AddToCartTests.verifyAddingTheProductToCartFromWishListPage()[pri:2, instance:web.automation.tests.AddToCartTests@ee86bcb] output={null}]]]>
              </value>
            </param>
          </params>
          <reporter-output>
          </reporter-output>
        </test-method> <!-- quitDriver -->
        <test-method is-config="true" signature="initiateDriver()[pri:0, instance:web.automation.tests.AddToCartTests@ee86bcb]" started-at="2025-07-31T10:43:02 IST" name="initiateDriver" finished-at="2025-07-31T10:43:04 IST" duration-ms="1720" status="PASS">
          <reporter-output>
          </reporter-output>
        </test-method> <!-- initiateDriver -->
        <test-method signature="verifyAddingTheProductToCartFromSearchResultsPage()[pri:3, instance:web.automation.tests.AddToCartTests@ee86bcb]" started-at="2025-07-31T10:43:04 IST" name="verifyAddingTheProductToCartFromSearchResultsPage" finished-at="2025-07-31T10:43:07 IST" duration-ms="2838" status="PASS">
          <reporter-output>
          </reporter-output>
        </test-method> <!-- verifyAddingTheProductToCartFromSearchResultsPage -->
        <test-method is-config="true" signature="quitDriver(org.testng.ITestResult)[pri:0, instance:web.automation.tests.AddToCartTests@ee86bcb]" started-at="2025-07-31T10:43:07 IST" name="quitDriver" finished-at="2025-07-31T10:43:07 IST" duration-ms="202" status="PASS">
          <params>
            <param index="0">
              <value>
                <![CDATA[[TestResult name=verifyAddingTheProductToCartFromSearchResultsPage status=SUCCESS method=AddToCartTests.verifyAddingTheProductToCartFromSearchResultsPage()[pri:3, instance:web.automation.tests.AddToCartTests@ee86bcb] output={null}]]]>
              </value>
            </param>
          </params>
          <reporter-output>
          </reporter-output>
        </test-method> <!-- quitDriver -->
        <test-method is-config="true" signature="initiateDriver()[pri:0, instance:web.automation.tests.AddToCartTests@ee86bcb]" started-at="2025-07-31T10:43:11 IST" name="initiateDriver" finished-at="2025-07-31T10:43:12 IST" duration-ms="1815" status="PASS">
          <reporter-output>
          </reporter-output>
        </test-method> <!-- initiateDriver -->
        <test-method signature="verifyingTheProductToCartFromTheRelatedProductsSectionOfTheProductDisplayPage()[pri:4, instance:web.automation.tests.AddToCartTests@ee86bcb]" started-at="2025-07-31T10:43:12 IST" name="verifyingTheProductToCartFromTheRelatedProductsSectionOfTheProductDisplayPage" finished-at="2025-07-31T10:43:14 IST" duration-ms="1409" status="PASS">
          <reporter-output>
          </reporter-output>
        </test-method> <!-- verifyingTheProductToCartFromTheRelatedProductsSectionOfTheProductDisplayPage -->
        <test-method is-config="true" signature="quitDriver(org.testng.ITestResult)[pri:0, instance:web.automation.tests.AddToCartTests@ee86bcb]" started-at="2025-07-31T10:43:14 IST" name="quitDriver" finished-at="2025-07-31T10:43:14 IST" duration-ms="183" status="PASS">
          <params>
            <param index="0">
              <value>
                <![CDATA[[TestResult name=verifyingTheProductToCartFromTheRelatedProductsSectionOfTheProductDisplayPage status=SUCCESS method=AddToCartTests.verifyingTheProductToCartFromTheRelatedProductsSectionOfTheProductDisplayPage()[pri:4, instance:web.automation.tests.AddToCartTests@ee86bcb] output={null}]]]>
              </value>
            </param>
          </params>
          <reporter-output>
          </reporter-output>
        </test-method> <!-- quitDriver -->
        <test-method is-config="true" signature="initiateDriver()[pri:0, instance:web.automation.tests.AddToCartTests@ee86bcb]" started-at="2025-07-31T10:43:14 IST" name="initiateDriver" finished-at="2025-07-31T10:43:16 IST" duration-ms="1872" status="PASS">
          <reporter-output>
          </reporter-output>
        </test-method> <!-- initiateDriver -->
        <test-method signature="verifyAddingTheProductToCartFromTheProductsDisplayedInTheCategoryOrSubcategoryPage()[pri:5, instance:web.automation.tests.AddToCartTests@ee86bcb]" started-at="2025-07-31T10:43:16 IST" name="verifyAddingTheProductToCartFromTheProductsDisplayedInTheCategoryOrSubcategoryPage" finished-at="2025-07-31T10:43:17 IST" duration-ms="1641" status="PASS">
          <reporter-output>
          </reporter-output>
        </test-method> <!-- verifyAddingTheProductToCartFromTheProductsDisplayedInTheCategoryOrSubcategoryPage -->
        <test-method is-config="true" signature="quitDriver(org.testng.ITestResult)[pri:0, instance:web.automation.tests.AddToCartTests@ee86bcb]" started-at="2025-07-31T10:43:17 IST" name="quitDriver" finished-at="2025-07-31T10:43:18 IST" duration-ms="170" status="PASS">
          <params>
            <param index="0">
              <value>
                <![CDATA[[TestResult name=verifyAddingTheProductToCartFromTheProductsDisplayedInTheCategoryOrSubcategoryPage status=SUCCESS method=AddToCartTests.verifyAddingTheProductToCartFromTheProductsDisplayedInTheCategoryOrSubcategoryPage()[pri:5, instance:web.automation.tests.AddToCartTests@ee86bcb] output={null}]]]>
              </value>
            </param>
          </params>
          <reporter-output>
          </reporter-output>
        </test-method> <!-- quitDriver -->
        <test-method is-config="true" signature="initiateDriver()[pri:0, instance:web.automation.tests.AddToCartTests@ee86bcb]" started-at="2025-07-31T10:43:21 IST" name="initiateDriver" finished-at="2025-07-31T10:43:23 IST" duration-ms="1677" status="PASS">
          <reporter-output>
          </reporter-output>
        </test-method> <!-- initiateDriver -->
        <test-method signature="verifyAddingTheProductToCartFromProductComparisonPage()[pri:7, instance:web.automation.tests.AddToCartTests@ee86bcb]" started-at="2025-07-31T10:43:23 IST" name="verifyAddingTheProductToCartFromProductComparisonPage" finished-at="2025-07-31T10:43:24 IST" duration-ms="1252" status="PASS">
          <reporter-output>
          </reporter-output>
        </test-method> <!-- verifyAddingTheProductToCartFromProductComparisonPage -->
        <test-method is-config="true" signature="quitDriver(org.testng.ITestResult)[pri:0, instance:web.automation.tests.AddToCartTests@ee86bcb]" started-at="2025-07-31T10:43:24 IST" name="quitDriver" finished-at="2025-07-31T10:43:24 IST" duration-ms="185" status="PASS">
          <params>
            <param index="0">
              <value>
                <![CDATA[[TestResult name=verifyAddingTheProductToCartFromProductComparisonPage status=SUCCESS method=AddToCartTests.verifyAddingTheProductToCartFromProductComparisonPage()[pri:7, instance:web.automation.tests.AddToCartTests@ee86bcb] output={null}]]]>
              </value>
            </param>
          </params>
          <reporter-output>
          </reporter-output>
        </test-method> <!-- quitDriver -->
      </class> <!-- web.automation.tests.AddToCartTests -->
      <class name="web.automation.tests.WishListTests">
        <test-method is-config="true" signature="initiateDriver()[pri:0, instance:web.automation.tests.WishListTests@177bea38]" started-at="2025-07-31T10:42:27 IST" name="initiateDriver" finished-at="2025-07-31T10:42:28 IST" duration-ms="1684" status="PASS">
          <reporter-output>
          </reporter-output>
        </test-method> <!-- initiateDriver -->
        <test-method signature="verifyAddingAProductToWishListPageFromTheProductThatIsDisplayedInTheRelatedProductsSectionOfProductDisplayPage()[pri:1, instance:web.automation.tests.WishListTests@177bea38]" started-at="2025-07-31T10:42:28 IST" name="verifyAddingAProductToWishListPageFromTheProductThatIsDisplayedInTheRelatedProductsSectionOfProductDisplayPage" finished-at="2025-07-31T10:42:36 IST" duration-ms="7586" status="PASS">
          <reporter-output>
          </reporter-output>
        </test-method> <!-- verifyAddingAProductToWishListPageFromTheProductThatIsDisplayedInTheRelatedProductsSectionOfProductDisplayPage -->
        <test-method is-config="true" signature="quitDriver(org.testng.ITestResult)[pri:0, instance:web.automation.tests.WishListTests@177bea38]" started-at="2025-07-31T10:42:36 IST" name="quitDriver" finished-at="2025-07-31T10:42:36 IST" duration-ms="203" status="PASS">
          <params>
            <param index="0">
              <value>
                <![CDATA[[TestResult name=verifyAddingAProductToWishListPageFromTheProductThatIsDisplayedInTheRelatedProductsSectionOfProductDisplayPage status=SUCCESS method=WishListTests.verifyAddingAProductToWishListPageFromTheProductThatIsDisplayedInTheRelatedProductsSectionOfProductDisplayPage()[pri:1, instance:web.automation.tests.WishListTests@177bea38] output={null}]]]>
              </value>
            </param>
          </params>
          <reporter-output>
          </reporter-output>
        </test-method> <!-- quitDriver -->
        <test-method is-config="true" signature="initiateDriver()[pri:0, instance:web.automation.tests.WishListTests@177bea38]" started-at="2025-07-31T10:42:39 IST" name="initiateDriver" finished-at="2025-07-31T10:42:41 IST" duration-ms="1761" status="PASS">
          <reporter-output>
          </reporter-output>
        </test-method> <!-- initiateDriver -->
        <test-method signature="VerifyAddingAProductToWishListPageFromTheProductThatIsDisplayedInTheFeaturedSectionOfHomePage()[pri:2, instance:web.automation.tests.WishListTests@177bea38]" started-at="2025-07-31T10:42:41 IST" name="VerifyAddingAProductToWishListPageFromTheProductThatIsDisplayedInTheFeaturedSectionOfHomePage" finished-at="2025-07-31T10:42:47 IST" duration-ms="6357" status="PASS">
          <reporter-output>
          </reporter-output>
        </test-method> <!-- VerifyAddingAProductToWishListPageFromTheProductThatIsDisplayedInTheFeaturedSectionOfHomePage -->
        <test-method is-config="true" signature="quitDriver(org.testng.ITestResult)[pri:0, instance:web.automation.tests.WishListTests@177bea38]" started-at="2025-07-31T10:42:47 IST" name="quitDriver" finished-at="2025-07-31T10:42:47 IST" duration-ms="163" status="PASS">
          <params>
            <param index="0">
              <value>
                <![CDATA[[TestResult name=VerifyAddingAProductToWishListPageFromTheProductThatIsDisplayedInTheFeaturedSectionOfHomePage status=SUCCESS method=WishListTests.VerifyAddingAProductToWishListPageFromTheProductThatIsDisplayedInTheFeaturedSectionOfHomePage()[pri:2, instance:web.automation.tests.WishListTests@177bea38] output={null}]]]>
              </value>
            </param>
          </params>
          <reporter-output>
          </reporter-output>
        </test-method> <!-- quitDriver -->
        <test-method is-config="true" signature="initiateDriver()[pri:0, instance:web.automation.tests.WishListTests@177bea38]" started-at="2025-07-31T10:42:52 IST" name="initiateDriver" finished-at="2025-07-31T10:42:54 IST" duration-ms="1617" status="PASS">
          <reporter-output>
          </reporter-output>
        </test-method> <!-- initiateDriver -->
        <test-method signature="VerifyAddingTheProductToWishListFromTheProductsDisplayedInTheCategoryOrSubCategoryPage()[pri:3, instance:web.automation.tests.WishListTests@177bea38]" started-at="2025-07-31T10:42:54 IST" name="VerifyAddingTheProductToWishListFromTheProductsDisplayedInTheCategoryOrSubCategoryPage" finished-at="2025-07-31T10:43:02 IST" duration-ms="7900" status="PASS">
          <reporter-output>
          </reporter-output>
        </test-method> <!-- VerifyAddingTheProductToWishListFromTheProductsDisplayedInTheCategoryOrSubCategoryPage -->
        <test-method is-config="true" signature="quitDriver(org.testng.ITestResult)[pri:0, instance:web.automation.tests.WishListTests@177bea38]" started-at="2025-07-31T10:43:02 IST" name="quitDriver" finished-at="2025-07-31T10:43:02 IST" duration-ms="203" status="PASS">
          <params>
            <param index="0">
              <value>
                <![CDATA[[TestResult name=VerifyAddingTheProductToWishListFromTheProductsDisplayedInTheCategoryOrSubCategoryPage status=SUCCESS method=WishListTests.VerifyAddingTheProductToWishListFromTheProductsDisplayedInTheCategoryOrSubCategoryPage()[pri:3, instance:web.automation.tests.WishListTests@177bea38] output={null}]]]>
              </value>
            </param>
          </params>
          <reporter-output>
          </reporter-output>
        </test-method> <!-- quitDriver -->
        <test-method is-config="true" signature="initiateDriver()[pri:0, instance:web.automation.tests.WishListTests@177bea38]" started-at="2025-07-31T10:43:07 IST" name="initiateDriver" finished-at="2025-07-31T10:43:09 IST" duration-ms="1641" status="PASS">
          <reporter-output>
          </reporter-output>
        </test-method> <!-- initiateDriver -->
        <test-method signature="verifyAddingAProductToWishListPageFromTheSearchResultsPage()[pri:4, instance:web.automation.tests.WishListTests@177bea38]" started-at="2025-07-31T10:43:09 IST" name="verifyAddingAProductToWishListPageFromTheSearchResultsPage" finished-at="2025-07-31T10:43:10 IST" duration-ms="1670" status="FAIL">
          <exception class="org.openqa.selenium.StaleElementReferenceException">
            <message>
              <![CDATA[stale element reference: stale element not found
  (Session info: chrome=136.0.7103.93)
For documentation on this error, please visit: https://www.selenium.dev/documentation/webdriver/troubleshooting/errors#stale-element-reference-exception
Build info: version: '4.32.0', revision: 'd17c8aa950'
System info: os.name: 'Windows 11', os.arch: 'amd64', os.version: '10.0', java.version: '18.0.2'
Driver info: org.openqa.selenium.chrome.ChromeDriver
Command: [5d0bbf9efb8447ecc13fbe71800d164c, sendKeysToElement {value=[Ljava.lang.CharSequence;@651d4b44, id=f.41ACEEA082F0718C9D2C095913AA197E.d.62108CF57BB4B158A306CC8B793B7938.e.59}]
Capabilities {acceptInsecureCerts: false, browserName: chrome, browserVersion: 136.0.7103.93, chrome: {chromedriverVersion: 136.0.7103.113 (76fa3c17824..., userDataDir: C:\Users\VICKY\AppData\Loca...}, fedcm:accounts: true, goog:chromeOptions: {debuggerAddress: localhost:52165}, networkConnectionEnabled: false, pageLoadStrategy: normal, platformName: windows, proxy: Proxy(), se:cdp: ws://localhost:52165/devtoo..., se:cdpVersion: 136.0.7103.93, setWindowRect: true, strictFileInteractability: false, timeouts: {implicit: 0, pageLoad: 300000, script: 30000}, unhandledPromptBehavior: dismiss and notify, webauthn:extension:credBlob: true, webauthn:extension:largeBlob: true, webauthn:extension:minPinLength: true, webauthn:extension:prf: true, webauthn:virtualAuthenticators: true}
Element: [[ChromeDriver: chrome on windows (5d0bbf9efb8447ecc13fbe71800d164c)] -> xpath: //div[@id='search']//input]
Session ID: 5d0bbf9efb8447ecc13fbe71800d164c]]>
            </message>
            <full-stacktrace>
              <![CDATA[org.openqa.selenium.StaleElementReferenceException: stale element reference: stale element not found
  (Session info: chrome=136.0.7103.93)
For documentation on this error, please visit: https://www.selenium.dev/documentation/webdriver/troubleshooting/errors#stale-element-reference-exception
Build info: version: '4.32.0', revision: 'd17c8aa950'
System info: os.name: 'Windows 11', os.arch: 'amd64', os.version: '10.0', java.version: '18.0.2'
Driver info: org.openqa.selenium.chrome.ChromeDriver
Command: [5d0bbf9efb8447ecc13fbe71800d164c, sendKeysToElement {value=[Ljava.lang.CharSequence;@651d4b44, id=f.41ACEEA082F0718C9D2C095913AA197E.d.62108CF57BB4B158A306CC8B793B7938.e.59}]
Capabilities {acceptInsecureCerts: false, browserName: chrome, browserVersion: 136.0.7103.93, chrome: {chromedriverVersion: 136.0.7103.113 (76fa3c17824..., userDataDir: C:\Users\VICKY\AppData\Loca...}, fedcm:accounts: true, goog:chromeOptions: {debuggerAddress: localhost:52165}, networkConnectionEnabled: false, pageLoadStrategy: normal, platformName: windows, proxy: Proxy(), se:cdp: ws://localhost:52165/devtoo..., se:cdpVersion: 136.0.7103.93, setWindowRect: true, strictFileInteractability: false, timeouts: {implicit: 0, pageLoad: 300000, script: 30000}, unhandledPromptBehavior: dismiss and notify, webauthn:extension:credBlob: true, webauthn:extension:largeBlob: true, webauthn:extension:minPinLength: true, webauthn:extension:prf: true, webauthn:virtualAuthenticators: true}
Element: [[ChromeDriver: chrome on windows (5d0bbf9efb8447ecc13fbe71800d164c)] -> xpath: //div[@id='search']//input]
Session ID: 5d0bbf9efb8447ecc13fbe71800d164c
at java.base/jdk.internal.reflect.DirectConstructorHandleAccessor.newInstance(DirectConstructorHandleAccessor.java:67)
at java.base/java.lang.reflect.Constructor.newInstanceWithCaller(Constructor.java:499)
at java.base/java.lang.reflect.Constructor.newInstance(Constructor.java:483)
at org.openqa.selenium.remote.ErrorCodec.decode(ErrorCodec.java:167)
at org.openqa.selenium.remote.codec.w3c.W3CHttpResponseCodec.decode(W3CHttpResponseCodec.java:138)
at org.openqa.selenium.remote.codec.w3c.W3CHttpResponseCodec.decode(W3CHttpResponseCodec.java:50)
at org.openqa.selenium.remote.HttpCommandExecutor.execute(HttpCommandExecutor.java:215)
at org.openqa.selenium.remote.service.DriverCommandExecutor.invokeExecute(DriverCommandExecutor.java:216)
at org.openqa.selenium.remote.service.DriverCommandExecutor.execute(DriverCommandExecutor.java:174)
at org.openqa.selenium.remote.RemoteWebDriver.execute(RemoteWebDriver.java:545)
at org.openqa.selenium.remote.RemoteWebElement.execute(RemoteWebElement.java:223)
at org.openqa.selenium.remote.RemoteWebElement.sendKeys(RemoteWebElement.java:110)
at java.base/jdk.internal.reflect.DirectMethodHandleAccessor.invoke(DirectMethodHandleAccessor.java:104)
at java.base/java.lang.reflect.Method.invoke(Method.java:577)
at org.openqa.selenium.support.pagefactory.internal.LocatingElementHandler.invoke(LocatingElementHandler.java:51)
at jdk.proxy2/jdk.proxy2.$Proxy15.sendKeys(Unknown Source)
at web.automation.tests.WishListTests.verifyAddingAProductToWishListPageFromTheSearchResultsPage(WishListTests.java:101)
at java.base/jdk.internal.reflect.DirectMethodHandleAccessor.invoke(DirectMethodHandleAccessor.java:104)
at java.base/java.lang.reflect.Method.invoke(Method.java:577)
at org.testng.internal.invokers.MethodInvocationHelper.invokeMethod(MethodInvocationHelper.java:141)
at org.testng.internal.invokers.TestInvoker.invokeMethod(TestInvoker.java:686)
at org.testng.internal.invokers.TestInvoker.invokeTestMethod(TestInvoker.java:230)
at org.testng.internal.invokers.MethodRunner.runInSequence(MethodRunner.java:63)
at org.testng.internal.invokers.TestInvoker$MethodInvocationAgent.invoke(TestInvoker.java:992)
at org.testng.internal.invokers.TestInvoker.invokeTestMethods(TestInvoker.java:203)
at org.testng.internal.invokers.TestMethodWorker.invokeTestMethods(TestMethodWorker.java:154)
at org.testng.internal.invokers.TestMethodWorker.run(TestMethodWorker.java:134)
at java.base/java.util.ArrayList.forEach(ArrayList.java:1511)
at org.testng.TestRunner.privateRun(TestRunner.java:739)
at org.testng.TestRunner.run(TestRunner.java:614)
at org.testng.SuiteRunner.runTest(SuiteRunner.java:421)
at org.testng.SuiteRunner$SuiteWorker.run(SuiteRunner.java:463)
at org.testng.internal.thread.ThreadUtil.lambda$execute$0(ThreadUtil.java:64)
at java.base/java.util.concurrent.FutureTask.run(FutureTask.java:264)
at java.base/java.util.concurrent.ThreadPoolExecutor.runWorker(ThreadPoolExecutor.java:1136)
at java.base/java.util.concurrent.ThreadPoolExecutor$Worker.run(ThreadPoolExecutor.java:635)
at java.base/java.lang.Thread.run(Thread.java:833)
]]>
            </full-stacktrace>
          </exception> <!-- org.openqa.selenium.StaleElementReferenceException -->
          <reporter-output>
          </reporter-output>
        </test-method> <!-- verifyAddingAProductToWishListPageFromTheSearchResultsPage -->
        <test-method is-config="true" signature="quitDriver(org.testng.ITestResult)[pri:0, instance:web.automation.tests.WishListTests@177bea38]" started-at="2025-07-31T10:43:10 IST" name="quitDriver" finished-at="2025-07-31T10:43:11 IST" duration-ms="288" status="PASS">
          <params>
            <param index="0">
              <value>
                <![CDATA[[TestResult name=verifyAddingAProductToWishListPageFromTheSearchResultsPage status=FAILURE method=WishListTests.verifyAddingAProductToWishListPageFromTheSearchResultsPage()[pri:4, instance:web.automation.tests.WishListTests@177bea38] output={null}]]]>
              </value>
            </param>
          </params>
          <reporter-output>
          </reporter-output>
        </test-method> <!-- quitDriver -->
        <test-method is-config="true" signature="initiateDriver()[pri:0, instance:web.automation.tests.WishListTests@177bea38]" started-at="2025-07-31T10:43:18 IST" name="initiateDriver" finished-at="2025-07-31T10:43:19 IST" duration-ms="1692" status="PASS">
          <reporter-output>
          </reporter-output>
        </test-method> <!-- initiateDriver -->
        <test-method signature="verifyNavigatingToMyWishListPageUsingTheWishListHeaderOption()[pri:5, instance:web.automation.tests.WishListTests@177bea38]" started-at="2025-07-31T10:43:19 IST" name="verifyNavigatingToMyWishListPageUsingTheWishListHeaderOption" finished-at="2025-07-31T10:43:21 IST" duration-ms="1516" status="FAIL">
          <exception class="org.openqa.selenium.StaleElementReferenceException">
            <message>
              <![CDATA[stale element reference: stale element not found
  (Session info: chrome=136.0.7103.93)
For documentation on this error, please visit: https://www.selenium.dev/documentation/webdriver/troubleshooting/errors#stale-element-reference-exception
Build info: version: '4.32.0', revision: 'd17c8aa950'
System info: os.name: 'Windows 11', os.arch: 'amd64', os.version: '10.0', java.version: '18.0.2'
Driver info: org.openqa.selenium.chrome.ChromeDriver
Command: [85393ade9eabdfd262b907c22a48fc7c, sendKeysToElement {value=[Ljava.lang.CharSequence;@1bb98f07, id=f.27A15FB2BE2381495768C50F6CBAED8A.d.965902463889F32BFDD64BA9D7848B84.e.88}]
Capabilities {acceptInsecureCerts: false, browserName: chrome, browserVersion: 136.0.7103.93, chrome: {chromedriverVersion: 136.0.7103.113 (76fa3c17824..., userDataDir: C:\Users\VICKY\AppData\Loca...}, fedcm:accounts: true, goog:chromeOptions: {debuggerAddress: localhost:52235}, networkConnectionEnabled: false, pageLoadStrategy: normal, platformName: windows, proxy: Proxy(), se:cdp: ws://localhost:52235/devtoo..., se:cdpVersion: 136.0.7103.93, setWindowRect: true, strictFileInteractability: false, timeouts: {implicit: 0, pageLoad: 300000, script: 30000}, unhandledPromptBehavior: dismiss and notify, webauthn:extension:credBlob: true, webauthn:extension:largeBlob: true, webauthn:extension:minPinLength: true, webauthn:extension:prf: true, webauthn:virtualAuthenticators: true}
Element: [[ChromeDriver: chrome on windows (85393ade9eabdfd262b907c22a48fc7c)] -> xpath: //div[@id='search']//input]
Session ID: 85393ade9eabdfd262b907c22a48fc7c]]>
            </message>
            <full-stacktrace>
              <![CDATA[org.openqa.selenium.StaleElementReferenceException: stale element reference: stale element not found
  (Session info: chrome=136.0.7103.93)
For documentation on this error, please visit: https://www.selenium.dev/documentation/webdriver/troubleshooting/errors#stale-element-reference-exception
Build info: version: '4.32.0', revision: 'd17c8aa950'
System info: os.name: 'Windows 11', os.arch: 'amd64', os.version: '10.0', java.version: '18.0.2'
Driver info: org.openqa.selenium.chrome.ChromeDriver
Command: [85393ade9eabdfd262b907c22a48fc7c, sendKeysToElement {value=[Ljava.lang.CharSequence;@1bb98f07, id=f.27A15FB2BE2381495768C50F6CBAED8A.d.965902463889F32BFDD64BA9D7848B84.e.88}]
Capabilities {acceptInsecureCerts: false, browserName: chrome, browserVersion: 136.0.7103.93, chrome: {chromedriverVersion: 136.0.7103.113 (76fa3c17824..., userDataDir: C:\Users\VICKY\AppData\Loca...}, fedcm:accounts: true, goog:chromeOptions: {debuggerAddress: localhost:52235}, networkConnectionEnabled: false, pageLoadStrategy: normal, platformName: windows, proxy: Proxy(), se:cdp: ws://localhost:52235/devtoo..., se:cdpVersion: 136.0.7103.93, setWindowRect: true, strictFileInteractability: false, timeouts: {implicit: 0, pageLoad: 300000, script: 30000}, unhandledPromptBehavior: dismiss and notify, webauthn:extension:credBlob: true, webauthn:extension:largeBlob: true, webauthn:extension:minPinLength: true, webauthn:extension:prf: true, webauthn:virtualAuthenticators: true}
Element: [[ChromeDriver: chrome on windows (85393ade9eabdfd262b907c22a48fc7c)] -> xpath: //div[@id='search']//input]
Session ID: 85393ade9eabdfd262b907c22a48fc7c
at java.base/jdk.internal.reflect.DirectConstructorHandleAccessor.newInstance(DirectConstructorHandleAccessor.java:67)
at java.base/java.lang.reflect.Constructor.newInstanceWithCaller(Constructor.java:499)
at java.base/java.lang.reflect.Constructor.newInstance(Constructor.java:483)
at org.openqa.selenium.remote.ErrorCodec.decode(ErrorCodec.java:167)
at org.openqa.selenium.remote.codec.w3c.W3CHttpResponseCodec.decode(W3CHttpResponseCodec.java:138)
at org.openqa.selenium.remote.codec.w3c.W3CHttpResponseCodec.decode(W3CHttpResponseCodec.java:50)
at org.openqa.selenium.remote.HttpCommandExecutor.execute(HttpCommandExecutor.java:215)
at org.openqa.selenium.remote.service.DriverCommandExecutor.invokeExecute(DriverCommandExecutor.java:216)
at org.openqa.selenium.remote.service.DriverCommandExecutor.execute(DriverCommandExecutor.java:174)
at org.openqa.selenium.remote.RemoteWebDriver.execute(RemoteWebDriver.java:545)
at org.openqa.selenium.remote.RemoteWebElement.execute(RemoteWebElement.java:223)
at org.openqa.selenium.remote.RemoteWebElement.sendKeys(RemoteWebElement.java:110)
at java.base/jdk.internal.reflect.DirectMethodHandleAccessor.invoke(DirectMethodHandleAccessor.java:104)
at java.base/java.lang.reflect.Method.invoke(Method.java:577)
at org.openqa.selenium.support.pagefactory.internal.LocatingElementHandler.invoke(LocatingElementHandler.java:51)
at jdk.proxy2/jdk.proxy2.$Proxy15.sendKeys(Unknown Source)
at web.automation.tests.WishListTests.verifyNavigatingToMyWishListPageUsingTheWishListHeaderOption(WishListTests.java:123)
at java.base/jdk.internal.reflect.DirectMethodHandleAccessor.invoke(DirectMethodHandleAccessor.java:104)
at java.base/java.lang.reflect.Method.invoke(Method.java:577)
at org.testng.internal.invokers.MethodInvocationHelper.invokeMethod(MethodInvocationHelper.java:141)
at org.testng.internal.invokers.TestInvoker.invokeMethod(TestInvoker.java:686)
at org.testng.internal.invokers.TestInvoker.invokeTestMethod(TestInvoker.java:230)
at org.testng.internal.invokers.MethodRunner.runInSequence(MethodRunner.java:63)
at org.testng.internal.invokers.TestInvoker$MethodInvocationAgent.invoke(TestInvoker.java:992)
at org.testng.internal.invokers.TestInvoker.invokeTestMethods(TestInvoker.java:203)
at org.testng.internal.invokers.TestMethodWorker.invokeTestMethods(TestMethodWorker.java:154)
at org.testng.internal.invokers.TestMethodWorker.run(TestMethodWorker.java:134)
at java.base/java.util.ArrayList.forEach(ArrayList.java:1511)
at org.testng.TestRunner.privateRun(TestRunner.java:739)
at org.testng.TestRunner.run(TestRunner.java:614)
at org.testng.SuiteRunner.runTest(SuiteRunner.java:421)
at org.testng.SuiteRunner$SuiteWorker.run(SuiteRunner.java:463)
at org.testng.internal.thread.ThreadUtil.lambda$execute$0(ThreadUtil.java:64)
at java.base/java.util.concurrent.FutureTask.run(FutureTask.java:264)
at java.base/java.util.concurrent.ThreadPoolExecutor.runWorker(ThreadPoolExecutor.java:1136)
at java.base/java.util.concurrent.ThreadPoolExecutor$Worker.run(ThreadPoolExecutor.java:635)
at java.base/java.lang.Thread.run(Thread.java:833)
]]>
            </full-stacktrace>
          </exception> <!-- org.openqa.selenium.StaleElementReferenceException -->
          <reporter-output>
          </reporter-output>
        </test-method> <!-- verifyNavigatingToMyWishListPageUsingTheWishListHeaderOption -->
        <test-method is-config="true" signature="quitDriver(org.testng.ITestResult)[pri:0, instance:web.automation.tests.WishListTests@177bea38]" started-at="2025-07-31T10:43:21 IST" name="quitDriver" finished-at="2025-07-31T10:43:21 IST" duration-ms="313" status="PASS">
          <params>
            <param index="0">
              <value>
                <![CDATA[[TestResult name=verifyNavigatingToMyWishListPageUsingTheWishListHeaderOption status=FAILURE method=WishListTests.verifyNavigatingToMyWishListPageUsingTheWishListHeaderOption()[pri:5, instance:web.automation.tests.WishListTests@177bea38] output={null}]]]>
              </value>
            </param>
          </params>
          <reporter-output>
          </reporter-output>
        </test-method> <!-- quitDriver -->
        <test-method is-config="true" signature="initiateDriver()[pri:0, instance:web.automation.tests.WishListTests@177bea38]" started-at="2025-07-31T10:43:24 IST" name="initiateDriver" finished-at="2025-07-31T10:43:26 IST" duration-ms="1652" status="PASS">
          <reporter-output>
          </reporter-output>
        </test-method> <!-- initiateDriver -->
        <test-method signature="verifyNavigatingToMyWishListPageFromTheFooteroptions()[pri:8, instance:web.automation.tests.WishListTests@177bea38]" started-at="2025-07-31T10:43:26 IST" name="verifyNavigatingToMyWishListPageFromTheFooteroptions" finished-at="2025-07-31T10:43:35 IST" duration-ms="9338" status="FAIL">
          <exception class="org.openqa.selenium.NoSuchElementException">
            <message>
              <![CDATA[no such element: Unable to locate element: {"method":"xpath","selector":"//div[@id='content']//tbody//td[2]"}
  (Session info: chrome=136.0.7103.93)
For documentation on this error, please visit: https://www.selenium.dev/documentation/webdriver/troubleshooting/errors#no-such-element-exception
Build info: version: '4.32.0', revision: 'd17c8aa950'
System info: os.name: 'Windows 11', os.arch: 'amd64', os.version: '10.0', java.version: '18.0.2'
Driver info: org.openqa.selenium.chrome.ChromeDriver
Command: [0a4d8224a03fe58ef9e77d3e141aeed6, findElement {value=//div[@id='content']//tbody//td[2], using=xpath}]
Capabilities {acceptInsecureCerts: false, browserName: chrome, browserVersion: 136.0.7103.93, chrome: {chromedriverVersion: 136.0.7103.113 (76fa3c17824..., userDataDir: C:\Users\VICKY\AppData\Loca...}, fedcm:accounts: true, goog:chromeOptions: {debuggerAddress: localhost:52283}, networkConnectionEnabled: false, pageLoadStrategy: normal, platformName: windows, proxy: Proxy(), se:cdp: ws://localhost:52283/devtoo..., se:cdpVersion: 136.0.7103.93, setWindowRect: true, strictFileInteractability: false, timeouts: {implicit: 0, pageLoad: 300000, script: 30000}, unhandledPromptBehavior: dismiss and notify, webauthn:extension:credBlob: true, webauthn:extension:largeBlob: true, webauthn:extension:minPinLength: true, webauthn:extension:prf: true, webauthn:virtualAuthenticators: true}
Session ID: 0a4d8224a03fe58ef9e77d3e141aeed6]]>
            </message>
            <full-stacktrace>
              <![CDATA[org.openqa.selenium.NoSuchElementException: no such element: Unable to locate element: {"method":"xpath","selector":"//div[@id='content']//tbody//td[2]"}
  (Session info: chrome=136.0.7103.93)
For documentation on this error, please visit: https://www.selenium.dev/documentation/webdriver/troubleshooting/errors#no-such-element-exception
Build info: version: '4.32.0', revision: 'd17c8aa950'
System info: os.name: 'Windows 11', os.arch: 'amd64', os.version: '10.0', java.version: '18.0.2'
Driver info: org.openqa.selenium.chrome.ChromeDriver
Command: [0a4d8224a03fe58ef9e77d3e141aeed6, findElement {value=//div[@id='content']//tbody//td[2], using=xpath}]
Capabilities {acceptInsecureCerts: false, browserName: chrome, browserVersion: 136.0.7103.93, chrome: {chromedriverVersion: 136.0.7103.113 (76fa3c17824..., userDataDir: C:\Users\VICKY\AppData\Loca...}, fedcm:accounts: true, goog:chromeOptions: {debuggerAddress: localhost:52283}, networkConnectionEnabled: false, pageLoadStrategy: normal, platformName: windows, proxy: Proxy(), se:cdp: ws://localhost:52283/devtoo..., se:cdpVersion: 136.0.7103.93, setWindowRect: true, strictFileInteractability: false, timeouts: {implicit: 0, pageLoad: 300000, script: 30000}, unhandledPromptBehavior: dismiss and notify, webauthn:extension:credBlob: true, webauthn:extension:largeBlob: true, webauthn:extension:minPinLength: true, webauthn:extension:prf: true, webauthn:virtualAuthenticators: true}
Session ID: 0a4d8224a03fe58ef9e77d3e141aeed6
at java.base/jdk.internal.reflect.DirectConstructorHandleAccessor.newInstance(DirectConstructorHandleAccessor.java:67)
at java.base/java.lang.reflect.Constructor.newInstanceWithCaller(Constructor.java:499)
at java.base/java.lang.reflect.Constructor.newInstance(Constructor.java:483)
at org.openqa.selenium.remote.ErrorCodec.decode(ErrorCodec.java:167)
at org.openqa.selenium.remote.codec.w3c.W3CHttpResponseCodec.decode(W3CHttpResponseCodec.java:138)
at org.openqa.selenium.remote.codec.w3c.W3CHttpResponseCodec.decode(W3CHttpResponseCodec.java:50)
at org.openqa.selenium.remote.HttpCommandExecutor.execute(HttpCommandExecutor.java:215)
at org.openqa.selenium.remote.service.DriverCommandExecutor.invokeExecute(DriverCommandExecutor.java:216)
at org.openqa.selenium.remote.service.DriverCommandExecutor.execute(DriverCommandExecutor.java:174)
at org.openqa.selenium.remote.RemoteWebDriver.execute(RemoteWebDriver.java:545)
at org.openqa.selenium.remote.ElementLocation$ElementFinder$2.findElement(ElementLocation.java:165)
at org.openqa.selenium.remote.ElementLocation.findElement(ElementLocation.java:59)
at org.openqa.selenium.remote.RemoteWebDriver.findElement(RemoteWebDriver.java:368)
at org.openqa.selenium.remote.RemoteWebDriver.findElement(RemoteWebDriver.java:362)
at org.openqa.selenium.support.pagefactory.DefaultElementLocator.findElement(DefaultElementLocator.java:68)
at org.openqa.selenium.support.pagefactory.internal.LocatingElementHandler.invoke(LocatingElementHandler.java:38)
at jdk.proxy2/jdk.proxy2.$Proxy15.getText(Unknown Source)
at web.automation.tests.WishListTests.verifyNavigatingToMyWishListPageFromTheFooteroptions(WishListTests.java:209)
at java.base/jdk.internal.reflect.DirectMethodHandleAccessor.invoke(DirectMethodHandleAccessor.java:104)
at java.base/java.lang.reflect.Method.invoke(Method.java:577)
at org.testng.internal.invokers.MethodInvocationHelper.invokeMethod(MethodInvocationHelper.java:141)
at org.testng.internal.invokers.TestInvoker.invokeMethod(TestInvoker.java:686)
at org.testng.internal.invokers.TestInvoker.invokeTestMethod(TestInvoker.java:230)
at org.testng.internal.invokers.MethodRunner.runInSequence(MethodRunner.java:63)
at org.testng.internal.invokers.TestInvoker$MethodInvocationAgent.invoke(TestInvoker.java:992)
at org.testng.internal.invokers.TestInvoker.invokeTestMethods(TestInvoker.java:203)
at org.testng.internal.invokers.TestMethodWorker.invokeTestMethods(TestMethodWorker.java:154)
at org.testng.internal.invokers.TestMethodWorker.run(TestMethodWorker.java:134)
at java.base/java.util.ArrayList.forEach(ArrayList.java:1511)
at org.testng.TestRunner.privateRun(TestRunner.java:739)
at org.testng.TestRunner.run(TestRunner.java:614)
at org.testng.SuiteRunner.runTest(SuiteRunner.java:421)
at org.testng.SuiteRunner$SuiteWorker.run(SuiteRunner.java:463)
at org.testng.internal.thread.ThreadUtil.lambda$execute$0(ThreadUtil.java:64)
at java.base/java.util.concurrent.FutureTask.run(FutureTask.java:264)
at java.base/java.util.concurrent.ThreadPoolExecutor.runWorker(ThreadPoolExecutor.java:1136)
at java.base/java.util.concurrent.ThreadPoolExecutor$Worker.run(ThreadPoolExecutor.java:635)
at java.base/java.lang.Thread.run(Thread.java:833)
]]>
            </full-stacktrace>
          </exception> <!-- org.openqa.selenium.NoSuchElementException -->
          <reporter-output>
          </reporter-output>
        </test-method> <!-- verifyNavigatingToMyWishListPageFromTheFooteroptions -->
        <test-method is-config="true" signature="quitDriver(org.testng.ITestResult)[pri:0, instance:web.automation.tests.WishListTests@177bea38]" started-at="2025-07-31T10:43:35 IST" name="quitDriver" finished-at="2025-07-31T10:43:37 IST" duration-ms="1820" status="PASS">
          <params>
            <param index="0">
              <value>
                <![CDATA[[TestResult name=verifyNavigatingToMyWishListPageFromTheFooteroptions status=FAILURE method=WishListTests.verifyNavigatingToMyWishListPageFromTheFooteroptions()[pri:8, instance:web.automation.tests.WishListTests@177bea38] output={null}]]]>
              </value>
            </param>
          </params>
          <reporter-output>
          </reporter-output>
        </test-method> <!-- quitDriver -->
      </class> <!-- web.automation.tests.WishListTests -->
    </test> <!-- EdgeTest -->
  </suite> <!-- Suite -->
</testng-results>
