<?xml version="1.0" encoding="UTF-8"?>
<!-- Generated by org.testng.reporters.JUnitReportReporter -->
<testsuite hostname="DESKTOP-SI05A67" failures="1" tests="14" name="web.automation.tests.ShoppingCartTests" time="57.418" errors="0" timestamp="2025-08-25T18:23:58 IST" skipped="1">
  <testcase classname="web.automation.tests.ShoppingCartTests" name="verifyNavigatingToShoppingCartPageFromTheSuccessMessage" time="3.437"/>
  <testcase classname="web.automation.tests.ShoppingCartTests" name="verifyNavigatingToShoppingCartPageFromTheShoppingCartHeaderOption" time="3.022"/>
  <testcase classname="web.automation.tests.ShoppingCartTests" name="verifyNavigatingToShoppingCartPageFromTheSiteMapFooterPage" time="4.118"/>
  <testcase classname="web.automation.tests.ShoppingCartTests" name="verifyTheCartButtonWhenThereAreNoProductsAddedToTheShoppingCart" time="2.058"/>
  <testcase classname="web.automation.tests.ShoppingCartTests" name="verifyNavigatingToShoppingCartPageUsingTheViewCartOptionInTheCartblock" time="2.680">
    <failure message="expected [Shopping Cart] but found [Search - iMac]" type="java.lang.AssertionError">
      <![CDATA[java.lang.AssertionError: expected [Shopping Cart] but found [Search - iMac]
at org.testng.Assert.fail(Assert.java:111)
at org.testng.Assert.failNotEquals(Assert.java:1578)
at org.testng.Assert.assertEqualsImpl(Assert.java:150)
at org.testng.Assert.assertEquals(Assert.java:132)
at org.testng.Assert.assertEquals(Assert.java:656)
at org.testng.Assert.assertEquals(Assert.java:666)
at web.automation.tests.ShoppingCartTests.verifyNavigatingToShoppingCartPageUsingTheViewCartOptionInTheCartblock(ShoppingCartTests.java:80)
at java.base/jdk.internal.reflect.DirectMethodHandleAccessor.invoke(DirectMethodHandleAccessor.java:104)
at java.base/java.lang.reflect.Method.invoke(Method.java:577)
at org.testng.internal.invokers.MethodInvocationHelper.invokeMethod(MethodInvocationHelper.java:141)
at org.testng.internal.invokers.TestInvoker.invokeMethod(TestInvoker.java:686)
at org.testng.internal.invokers.TestInvoker.invokeTestMethod(TestInvoker.java:230)
at org.testng.internal.invokers.MethodRunner.runInSequence(MethodRunner.java:63)
at org.testng.internal.invokers.TestInvoker$MethodInvocationAgent.invoke(TestInvoker.java:992)
at org.testng.internal.invokers.TestInvoker.invokeTestMethods(TestInvoker.java:203)
at org.testng.internal.invokers.TestMethodWorker.invokeTestMethods(TestMethodWorker.java:154)
at org.testng.internal.invokers.TestMethodWorker.run(TestMethodWorker.java:134)
at java.base/java.util.ArrayList.forEach(ArrayList.java:1511)
at org.testng.TestRunner.privateRun(TestRunner.java:739)
at org.testng.TestRunner.run(TestRunner.java:614)
at org.testng.SuiteRunner.runTest(SuiteRunner.java:421)
at org.testng.SuiteRunner.runSequentially(SuiteRunner.java:413)
at org.testng.SuiteRunner.privateRun(SuiteRunner.java:373)
at org.testng.SuiteRunner.run(SuiteRunner.java:312)
at org.testng.SuiteRunnerWorker.runSuite(SuiteRunnerWorker.java:52)
at org.testng.SuiteRunnerWorker.run(SuiteRunnerWorker.java:95)
at org.testng.TestNG.runSuitesSequentially(TestNG.java:1274)
at org.testng.TestNG.runSuitesLocally(TestNG.java:1208)
at org.testng.TestNG.runSuites(TestNG.java:1112)
at org.testng.TestNG.run(TestNG.java:1079)
at org.testng.remote.AbstractRemoteTestNG.run(AbstractRemoteTestNG.java:115)
at org.testng.remote.RemoteTestNG.initAndRun(RemoteTestNG.java:293)
at org.testng.remote.RemoteTestNG.main(RemoteTestNG.java:91)
]]>
    </failure>
  </testcase> <!-- verifyNavigatingToShoppingCartPageUsingTheViewCartOptionInTheCartblock -->
  <testcase classname="web.automation.tests.ShoppingCartTests" name="verifyImageNameModelQuantityUnitPriceAndTotalOfTheProductInTheShoppingCartPage" time="3.627"/>
  <testcase classname="web.automation.tests.ShoppingCartTests" name="verifyImageNameModelQuantityUnitPriceAndTotalOfTheProductInTheShoppingCartPage" time="3.768"/>
  <testcase classname="web.automation.tests.ShoppingCartTests" name="verifyUpdatingTheQuantityOfTheProductInTheShoppingCartPage" time="3.782"/>
  <testcase classname="web.automation.tests.ShoppingCartTests" name="verifyCouponCodeApplicationInTheShoppingCartPageByProvidingAnInvalidCouponCode" time="7.494"/>
  <testcase classname="web.automation.tests.ShoppingCartTests" name="verifyCouponCodeFunctionalityInTheShoppingCartPageByNotProvidingAnyCouponCode" time="6.028"/>
  <testcase classname="web.automation.tests.ShoppingCartTests" name="verifyClosingTheWarningMessageInTheShoppingCartPage" time="10.422"/>
  <testcase classname="web.automation.tests.ShoppingCartTests" name="verifyEstimateShippingAndTaxesFunctionalityInTheShoppingCartPageByProvidingAllMandatoryFields" time="3.841"/>
  <testcase classname="web.automation.tests.ShoppingCartTests" name="verifyCouponCodeFunctionalityInTheShoppingCartPageIsHavingPlaceholder" time="3.141"/>
  <testcase classname="web.automation.tests.ShoppingCartTests" name="verifyRemovingTheItemFromShoppingCartPage">
    <skipped/>
  </testcase> <!-- verifyRemovingTheItemFromShoppingCartPage -->
</testsuite> <!-- web.automation.tests.ShoppingCartTests -->
