<?xml version="1.0" encoding="UTF-8"?>
<!-- Generated by org.testng.reporters.JUnitReportReporter -->
<<<<<<< HEAD
<testsuite hostname="DESKTOP-SI05A67" failures="0" tests="14" name="web.automation.tests.AddToCartTests" time="45.953" errors="0" timestamp="2025-07-31T10:43:37 IST" skipped="2">
  <testcase classname="web.automation.tests.AddToCartTests" name="verifyAddingTheProductToCartFromProductDisplayPage" time="2.907"/>
  <testcase classname="web.automation.tests.AddToCartTests" name="verifyAddingTheProductToCartFromProductDisplayPage" time="2.971"/>
  <testcase classname="web.automation.tests.AddToCartTests" name="verifyAddingTheProductToCartFromWishListPage" time="5.434"/>
  <testcase classname="web.automation.tests.AddToCartTests" name="verifyAddingTheProductToCartFromWishListPage" time="5.396"/>
  <testcase classname="web.automation.tests.AddToCartTests" name="verifyAddingTheProductToCartFromSearchResultsPage" time="4.857"/>
  <testcase classname="web.automation.tests.AddToCartTests" name="verifyAddingTheProductToCartFromSearchResultsPage" time="4.678"/>
  <testcase classname="web.automation.tests.AddToCartTests" name="verifyingTheProductToCartFromTheRelatedProductsSectionOfTheProductDisplayPage" time="3.176"/>
  <testcase classname="web.automation.tests.AddToCartTests" name="verifyingTheProductToCartFromTheRelatedProductsSectionOfTheProductDisplayPage" time="3.256"/>
  <testcase classname="web.automation.tests.AddToCartTests" name="verifyAddingTheProductToCartFromTheProductsDisplayedInTheCategoryOrSubcategoryPage" time="3.536"/>
  <testcase classname="web.automation.tests.AddToCartTests" name="verifyAddingTheProductToCartFromTheProductsDisplayedInTheCategoryOrSubcategoryPage" time="3.233"/>
  <testcase classname="web.automation.tests.AddToCartTests" name="verifyAddingTheProductToCartFromProductComparisonPage" time="3.183"/>
  <testcase classname="web.automation.tests.AddToCartTests" name="verifyAddingTheProductToCartFromProductComparisonPage" time="3.326"/>
=======
<testsuite hostname="DESKTOP-SI05A67" failures="0" tests="14" name="web.automation.tests.AddToCartTests" time="231.778" errors="1" timestamp="2025-07-30T22:23:05 IST" skipped="2">
  <testcase classname="web.automation.tests.AddToCartTests" name="verifyAddingTheProductToCartFromProductDisplayPage" time="16.652"/>
  <testcase classname="web.automation.tests.AddToCartTests" name="verifyAddingTheProductToCartFromProductDisplayPage" time="19.077"/>
  <testcase classname="web.automation.tests.AddToCartTests" name="verifyAddingTheProductToCartFromWishListPage" time="29.089"/>
  <testcase classname="web.automation.tests.AddToCartTests" name="verifyAddingTheProductToCartFromWishListPage" time="25.805"/>
  <testcase classname="web.automation.tests.AddToCartTests" name="verifyAddingTheProductToCartFromSearchResultsPage" time="21.461"/>
  <testcase classname="web.automation.tests.AddToCartTests" name="verifyAddingTheProductToCartFromSearchResultsPage" time="14.367"/>
  <testcase classname="web.automation.tests.AddToCartTests" name="verifyingTheProductToCartFromTheRelatedProductsSectionOfTheProductDisplayPage" time="18.675"/>
  <testcase classname="web.automation.tests.AddToCartTests" name="verifyingTheProductToCartFromTheRelatedProductsSectionOfTheProductDisplayPage" time="19.137"/>
  <testcase classname="web.automation.tests.AddToCartTests" name="verifyAddingTheProductToCartFromTheProductsDisplayedInTheCategoryOrSubcategoryPage" time="21.218"/>
  <testcase classname="web.automation.tests.AddToCartTests" name="verifyAddingTheProductToCartFromTheProductsDisplayedInTheCategoryOrSubcategoryPage" time="13.151"/>
  <testcase classname="web.automation.tests.AddToCartTests" name="verifyAddingTheProductToCartFromProductComparisonPage" time="16.176">
    <error message="no such element: Unable to locate element: {&quot;method&quot;:&quot;xpath&quot;,&quot;selector&quot;:&quot;//input[@value=&#039;Add to Cart&#039;]&quot;}
  (Session info: MicrosoftEdge=138.0.3351.109)
For documentation on this error, please visit: https://www.selenium.dev/documentation/webdriver/troubleshooting/errors#no-such-element-exception
Build info: version: &#039;4.32.0&#039;, revision: &#039;d17c8aa950&#039;
System info: os.name: &#039;Windows 11&#039;, os.arch: &#039;amd64&#039;, os.version: &#039;10.0&#039;, java.version: &#039;18.0.2&#039;
Driver info: org.openqa.selenium.edge.EdgeDriver
Command: [178ea24ca8e31c044d8a31d878837973, findElement {using=xpath, value=//input[@value=&#039;Add to Cart&#039;]}]
Capabilities {acceptInsecureCerts: false, browserName: MicrosoftEdge, browserVersion: 138.0.3351.109, fedcm:accounts: true, ms:edgeOptions: {debuggerAddress: localhost:51113}, msedge: {msedgedriverVersion: 138.0.3351.83 (16e2a7bef320..., userDataDir: C:\Users\VICKY\AppData\Loca...}, networkConnectionEnabled: false, pageLoadStrategy: normal, platformName: windows, proxy: Proxy(), se:cdp: ws://localhost:51113/devtoo..., se:cdpVersion: 138.0.3351.109, setWindowRect: true, strictFileInteractability: false, timeouts: {implicit: 0, pageLoad: 300000, script: 30000}, unhandledPromptBehavior: dismiss and notify, webauthn:extension:credBlob: true, webauthn:extension:largeBlob: true, webauthn:extension:minPinLength: true, webauthn:extension:prf: true, webauthn:virtualAuthenticators: true}
Session ID: 178ea24ca8e31c044d8a31d878837973" type="org.openqa.selenium.NoSuchElementException">
      <![CDATA[org.openqa.selenium.NoSuchElementException: no such element: Unable to locate element: {"method":"xpath","selector":"//input[@value='Add to Cart']"}
  (Session info: MicrosoftEdge=138.0.3351.109)
For documentation on this error, please visit: https://www.selenium.dev/documentation/webdriver/troubleshooting/errors#no-such-element-exception
Build info: version: '4.32.0', revision: 'd17c8aa950'
System info: os.name: 'Windows 11', os.arch: 'amd64', os.version: '10.0', java.version: '18.0.2'
Driver info: org.openqa.selenium.edge.EdgeDriver
Command: [178ea24ca8e31c044d8a31d878837973, findElement {using=xpath, value=//input[@value='Add to Cart']}]
Capabilities {acceptInsecureCerts: false, browserName: MicrosoftEdge, browserVersion: 138.0.3351.109, fedcm:accounts: true, ms:edgeOptions: {debuggerAddress: localhost:51113}, msedge: {msedgedriverVersion: 138.0.3351.83 (16e2a7bef320..., userDataDir: C:\Users\VICKY\AppData\Loca...}, networkConnectionEnabled: false, pageLoadStrategy: normal, platformName: windows, proxy: Proxy(), se:cdp: ws://localhost:51113/devtoo..., se:cdpVersion: 138.0.3351.109, setWindowRect: true, strictFileInteractability: false, timeouts: {implicit: 0, pageLoad: 300000, script: 30000}, unhandledPromptBehavior: dismiss and notify, webauthn:extension:credBlob: true, webauthn:extension:largeBlob: true, webauthn:extension:minPinLength: true, webauthn:extension:prf: true, webauthn:virtualAuthenticators: true}
Session ID: 178ea24ca8e31c044d8a31d878837973
at java.base/jdk.internal.reflect.DirectConstructorHandleAccessor.newInstance(DirectConstructorHandleAccessor.java:67)
at java.base/java.lang.reflect.Constructor.newInstanceWithCaller(Constructor.java:499)
at java.base/java.lang.reflect.Constructor.newInstance(Constructor.java:483)
at org.openqa.selenium.remote.ErrorCodec.decode(ErrorCodec.java:167)
at org.openqa.selenium.remote.codec.w3c.W3CHttpResponseCodec.decode(W3CHttpResponseCodec.java:138)
at org.openqa.selenium.remote.codec.w3c.W3CHttpResponseCodec.decode(W3CHttpResponseCodec.java:50)
at org.openqa.selenium.remote.HttpCommandExecutor.execute(HttpCommandExecutor.java:215)
at org.openqa.selenium.remote.service.DriverCommandExecutor.invokeExecute(DriverCommandExecutor.java:216)
at org.openqa.selenium.remote.service.DriverCommandExecutor.execute(DriverCommandExecutor.java:174)
at org.openqa.selenium.remote.RemoteWebDriver.execute(RemoteWebDriver.java:545)
at org.openqa.selenium.remote.ElementLocation$ElementFinder$2.findElement(ElementLocation.java:165)
at org.openqa.selenium.remote.ElementLocation.findElement(ElementLocation.java:59)
at org.openqa.selenium.remote.RemoteWebDriver.findElement(RemoteWebDriver.java:368)
at org.openqa.selenium.remote.RemoteWebDriver.findElement(RemoteWebDriver.java:362)
at org.openqa.selenium.support.pagefactory.DefaultElementLocator.findElement(DefaultElementLocator.java:68)
at org.openqa.selenium.support.pagefactory.internal.LocatingElementHandler.invoke(LocatingElementHandler.java:38)
at jdk.proxy2/jdk.proxy2.$Proxy15.click(Unknown Source)
at web.automation.tests.AddToCartTests.verifyAddingTheProductToCartFromProductComparisonPage(AddToCartTests.java:119)
at java.base/jdk.internal.reflect.DirectMethodHandleAccessor.invoke(DirectMethodHandleAccessor.java:104)
at java.base/java.lang.reflect.Method.invoke(Method.java:577)
at org.testng.internal.invokers.MethodInvocationHelper.invokeMethod(MethodInvocationHelper.java:141)
at org.testng.internal.invokers.TestInvoker.invokeMethod(TestInvoker.java:686)
at org.testng.internal.invokers.TestInvoker.invokeTestMethod(TestInvoker.java:230)
at org.testng.internal.invokers.MethodRunner.runInSequence(MethodRunner.java:63)
at org.testng.internal.invokers.TestInvoker$MethodInvocationAgent.invoke(TestInvoker.java:992)
at org.testng.internal.invokers.TestInvoker.invokeTestMethods(TestInvoker.java:203)
at org.testng.internal.invokers.TestMethodWorker.invokeTestMethods(TestMethodWorker.java:154)
at org.testng.internal.invokers.TestMethodWorker.run(TestMethodWorker.java:134)
at java.base/java.util.ArrayList.forEach(ArrayList.java:1511)
at org.testng.TestRunner.privateRun(TestRunner.java:739)
at org.testng.TestRunner.run(TestRunner.java:614)
at org.testng.SuiteRunner.runTest(SuiteRunner.java:421)
at org.testng.SuiteRunner$SuiteWorker.run(SuiteRunner.java:463)
at org.testng.internal.thread.ThreadUtil.lambda$execute$0(ThreadUtil.java:64)
at java.base/java.util.concurrent.FutureTask.run(FutureTask.java:264)
at java.base/java.util.concurrent.ThreadPoolExecutor.runWorker(ThreadPoolExecutor.java:1136)
at java.base/java.util.concurrent.ThreadPoolExecutor$Worker.run(ThreadPoolExecutor.java:635)
at java.base/java.lang.Thread.run(Thread.java:833)
]]>
    </error>
  </testcase> <!-- verifyAddingTheProductToCartFromProductComparisonPage -->
  <testcase classname="web.automation.tests.AddToCartTests" name="verifyAddingTheProductToCartFromProductComparisonPage" time="16.970"/>
>>>>>>> bf620bc4214df0b9eacfffd72db7eae19ed3bf03
  <testcase classname="web.automation.tests.AddToCartTests" name="verifyAddingTheProductToCartFromTheProductsDisplayedInTheFeaturedSectionOfHomePage">
    <skipped/>
  </testcase> <!-- verifyAddingTheProductToCartFromTheProductsDisplayedInTheFeaturedSectionOfHomePage -->
  <testcase classname="web.automation.tests.AddToCartTests" name="verifyAddingTheProductToCartFromTheProductsDisplayedInTheFeaturedSectionOfHomePage">
    <skipped/>
  </testcase> <!-- verifyAddingTheProductToCartFromTheProductsDisplayedInTheFeaturedSectionOfHomePage -->
</testsuite> <!-- web.automation.tests.AddToCartTests -->
